<?xml version="1.0" encoding="UTF-8" standalone="yes"?>
<testsuites name="CreateMassiveShoppingList" time="33" tests="2" failures="0" errors="1">
    <testsuite name="CreateMassiveShoppingList" tests="2" failures="0" errors="1" time="33" timestamp="2019-07-12 21:19:57" hostname="QualtopGroup - DESKTOP-JOAKIH6.cyamoda.com" id="Test Suites/AUXILIARY_TEST_CASES/CreateMassiveShoppingList">
        <properties>
            <property name="deviceName" value=""/>
            <property name="devicePlatform" value=""/>
            <property name="logFolder" value="C:\\Users\\QualtopGroup\\Katalon Studio\\QSSAT_Web_Liverpool\\Reports\\AUXILIARY_TEST_CASES\\CreateMassiveShoppingList\\20190712_211952"/>
            <property name="logFiles" value="C:\\Users\\QualtopGroup\\Katalon Studio\\QSSAT_Web_Liverpool\\Reports\\AUXILIARY_TEST_CASES\\CreateMassiveShoppingList\\20190712_211952\\execution0.log"/>
            <property name="attachments" value=""/>
            <property name="hostName" value="QualtopGroup - DESKTOP-JOAKIH6.cyamoda.com"/>
            <property name="os" value="Windows 10 64bit"/>
            <property name="katalonVersion" value="6.2.1.2"/>
            <property name="browser" value="Firefox 66.0"/>
            <property name="hostAddress" value="172.16.6.68"/>
            <property name="sessionId" value="d8d35306-d765-4a89-93d0-00864b15460b"/>
            <property name="seleniumVersion" value="3.141.59"/>
            <property name="proxyInformation" value="ProxyInformation{proxyOption=NO_PROXY, proxyServerType=HTTP, password=, proxyServerAddress=, proxyServerPort=0}"/>
            <property name="platform" value="Windows 10"/>
        </properties>
        <testcase name="Test Cases/SET_UP_BROWSER/launch_browser" classname="Test Cases/SET_UP_BROWSER/launch_browser" status="PASSED">
            <system-out>2019-07-12 21:19:58 - [TEST_CASE][PASSED] - Test Cases/SET_UP_BROWSER/launch_browser: Test Cases/SET_UP_BROWSER/launch_browser&#xD;
&#xD;
2019-07-12 21:19:58 - [TEST_STEP][PASSED] - openBrowser(BASE_URL): Browser is opened with url: 'https://www.liverpool.com.mx/tienda/home.jsp'&#xD;
&#xD;
2019-07-12 21:20:00 - [MESSAGE][INFO] - Starting 'Firefox' driver&#xD;
&#xD;
2019-07-12 21:20:00 - [MESSAGE][INFO] - Action delay is set to 0 seconds&#xD;
&#xD;
2019-07-12 21:20:12 - [MESSAGE][PASSED] - Browser is opened with url: 'https://www.liverpool.com.mx/tienda/home.jsp'&#xD;
&#xD;
2019-07-12 21:20:12 - [TEST_STEP][PASSED] - maximizeWindow(): Current window maximized&#xD;
&#xD;
2019-07-12 21:20:12 - [MESSAGE][PASSED] - Current window maximized</system-out>
            <system-err></system-err>
        </testcase>
        <testcase name="Test Cases/HOME_PAGE/access_section_products" classname="Test Cases/HOME_PAGE/access_section_products" status="PASSED">
            <system-out>2019-07-12 21:20:12 - [TEST_CASE][PASSED] - Test Cases/HOME_PAGE/access_section_products: Test Cases/HOME_PAGE/access_section_products&#xD;
&#xD;
2019-07-12 21:20:14 - [TEST_STEP][PASSED] - waitForElementVisible(findTestObject("HOME_PAGE/NavBar/ul-menu", ["nameMenu":"Departamentos"]), 3): Object 'Object Repository/HOME_PAGE/NavBar/ul-menu' is visible&#xD;
&#xD;
2019-07-12 21:20:15 - [MESSAGE][PASSED] - Object 'Object Repository/HOME_PAGE/NavBar/ul-menu' is visible&#xD;
&#xD;
2019-07-12 21:20:15 - [TEST_STEP][PASSED] - mouseOver(findTestObject("HOME_PAGE/NavBar/ul-menu", ["nameMenu":"Departamentos"])): Object: 'Object Repository/HOME_PAGE/NavBar/ul-menu' is hovered&#xD;
&#xD;
2019-07-12 21:20:16 - [MESSAGE][PASSED] - Object: 'Object Repository/HOME_PAGE/NavBar/ul-menu' is hovered&#xD;
&#xD;
2019-07-12 21:20:16 - [TEST_STEP][PASSED] - delay(1): Delayed 1 second(s)&#xD;
&#xD;
2019-07-12 21:20:17 - [MESSAGE][PASSED] - Delayed 1 second(s)&#xD;
&#xD;
2019-07-12 21:20:17 - [TEST_STEP][PASSED] - mouseOver(findTestObject("HOME_PAGE/NavBar/li_sub-menu", ["nameOption":"Videojuegos"])): Object: 'Object Repository/HOME_PAGE/NavBar/li_sub-menu' is hovered&#xD;
&#xD;
2019-07-12 21:20:17 - [MESSAGE][PASSED] - Object: 'Object Repository/HOME_PAGE/NavBar/li_sub-menu' is hovered&#xD;
&#xD;
2019-07-12 21:20:17 - [TEST_STEP][PASSED] - delay(1): Delayed 1 second(s)&#xD;
&#xD;
2019-07-12 21:20:18 - [MESSAGE][PASSED] - Delayed 1 second(s)&#xD;
&#xD;
2019-07-12 21:20:18 - [TEST_STEP][PASSED] - click(findTestObject("HOME_PAGE/NavBar/a_section", ["nameTitleSection":"Accesorios", "nameSection":"XBOX"])): Object: 'Object Repository/HOME_PAGE/NavBar/a_section' is clicked on&#xD;
&#xD;
2019-07-12 21:20:25 - [MESSAGE][PASSED] - Object: 'Object Repository/HOME_PAGE/NavBar/a_section' is clicked on&#xD;
&#xD;
2019-07-12 21:20:25 - [TEST_STEP][PASSED] - waitForElementVisible(findTestObject("PRODUCTS/CatalogProducts/span_total-products"), 3): Object 'Object Repository/PRODUCTS/CatalogProducts/span_total-products' is visible&#xD;
&#xD;
2019-07-12 21:20:25 - [MESSAGE][PASSED] - Object 'Object Repository/PRODUCTS/CatalogProducts/span_total-products' is visible</system-out>
            <system-err></system-err>
        </testcase>
        <testcase name="Test Cases/AUXILIARY_TEST_CASES/fill_excel_shopping_cart" classname="Test Cases/AUXILIARY_TEST_CASES/fill_excel_shopping_cart" status="ERROR">
            <error type="ERROR" message="Test Cases/AUXILIARY_TEST_CASES/fill_excel_shopping_cart FAILED.&#xA;Reason:&#xA;java.lang.ArrayIndexOutOfBoundsException: 10&#xD;&#xA;&#x9;at qssat.web.liverpool.SaveProdcutsDBExcel.saveProducts(WriteDataBaseExcel.groovy:41)&#xD;&#xA;&#x9;at qssat.web.liverpool.SaveProdcutsDBExcel.invokeMethod(WriteDataBaseExcel.groovy)&#xD;&#xA;&#x9;at com.kms.katalon.core.main.CustomKeywordDelegatingMetaClass.invokeStaticMethod(CustomKeywordDelegatingMetaClass.java:50)&#xD;&#xA;&#x9;at fill_excel_shopping_cart.run(fill_excel_shopping_cart:35)&#xD;&#xA;&#x9;at com.kms.katalon.core.main.ScriptEngine.run(ScriptEngine.java:194)&#xD;&#xA;&#x9;at com.kms.katalon.core.main.ScriptEngine.runScriptAsRawText(ScriptEngine.java:119)&#xD;&#xA;&#x9;at com.kms.katalon.core.main.TestCaseExecutor.runScript(TestCaseExecutor.java:337)&#xD;&#xA;&#x9;at com.kms.katalon.core.main.TestCaseExecutor.doExecute(TestCaseExecutor.java:328)&#xD;&#xA;&#x9;at com.kms.katalon.core.main.TestCaseExecutor.processExecutionPhase(TestCaseExecutor.java:307)&#xD;&#xA;&#x9;at com.kms.katalon.core.main.TestCaseExecutor.accessMainPhase(TestCaseExecutor.java:299)&#xD;&#xA;&#x9;at com.kms.katalon.core.main.TestCaseExecutor.execute(TestCaseExecutor.java:233)&#xD;&#xA;&#x9;at com.kms.katalon.core.main.TestSuiteExecutor.accessTestCaseMainPhase(TestSuiteExecutor.java:133)&#xD;&#xA;&#x9;at com.kms.katalon.core.main.TestSuiteExecutor.accessTestSuiteMainPhase(TestSuiteExecutor.java:116)&#xD;&#xA;&#x9;at com.kms.katalon.core.main.TestSuiteExecutor.execute(TestSuiteExecutor.java:83)&#xD;&#xA;&#x9;at com.kms.katalon.core.main.TestCaseMain.startTestSuite(TestCaseMain.java:157)&#xD;&#xA;&#x9;at com.kms.katalon.core.main.TestCaseMain$startTestSuite$0.call(Unknown Source)&#xD;&#xA;&#x9;at TempTestSuite1562984392946.run(TempTestSuite1562984392946.groovy:35)&#xD;&#xA;"/>
            <system-out>2019-07-12 21:20:25 - [TEST_CASE][ERROR] - Test Cases/AUXILIARY_TEST_CASES/fill_excel_shopping_cart: Test Cases/AUXILIARY_TEST_CASES/fill_excel_shopping_cart FAILED.
Reason:
java.lang.ArrayIndexOutOfBoundsException: 10&#xD;
	at qssat.web.liverpool.SaveProdcutsDBExcel.saveProducts(WriteDataBaseExcel.groovy:41)&#xD;
	at qssat.web.liverpool.SaveProdcutsDBExcel.invokeMethod(WriteDataBaseExcel.groovy)&#xD;
	at com.kms.katalon.core.main.CustomKeywordDelegatingMetaClass.invokeStaticMethod(CustomKeywordDelegatingMetaClass.java:50)&#xD;
	at fill_excel_shopping_cart.run(fill_excel_shopping_cart:35)&#xD;
	at com.kms.katalon.core.main.ScriptEngine.run(ScriptEngine.java:194)&#xD;
	at com.kms.katalon.core.main.ScriptEngine.runScriptAsRawText(ScriptEngine.java:119)&#xD;
	at com.kms.katalon.core.main.TestCaseExecutor.runScript(TestCaseExecutor.java:337)&#xD;
	at com.kms.katalon.core.main.TestCaseExecutor.doExecute(TestCaseExecutor.java:328)&#xD;
	at com.kms.katalon.core.main.TestCaseExecutor.processExecutionPhase(TestCaseExecutor.java:307)&#xD;
	at com.kms.katalon.core.main.TestCaseExecutor.accessMainPhase(TestCaseExecutor.java:299)&#xD;
	at com.kms.katalon.core.main.TestCaseExecutor.execute(TestCaseExecutor.java:233)&#xD;
	at com.kms.katalon.core.main.TestSuiteExecutor.accessTestCaseMainPhase(TestSuiteExecutor.java:133)&#xD;
	at com.kms.katalon.core.main.TestSuiteExecutor.accessTestSuiteMainPhase(TestSuiteExecutor.java:116)&#xD;
	at com.kms.katalon.core.main.TestSuiteExecutor.execute(TestSuiteExecutor.java:83)&#xD;
	at com.kms.katalon.core.main.TestCaseMain.startTestSuite(TestCaseMain.java:157)&#xD;
	at com.kms.katalon.core.main.TestCaseMain$startTestSuite$0.call(Unknown Source)&#xD;
	at TempTestSuite1562984392946.run(TempTestSuite1562984392946.groovy:35)&#xD;
&#xD;
&#xD;
2019-07-12 21:20:26 - [TEST_STEP][PASSED] - driver = getWebDriver(): null&#xD;
&#xD;
2019-07-12 21:20:26 - [TEST_STEP][PASSED] - listProducts = []: null&#xD;
&#xD;
2019-07-12 21:20:26 - [TEST_STEP][PASSED] - for ([i = 1, i &lt;= listProducts.size() - 1, (i++)]): null&#xD;
&#xD;
2019-07-12 21:20:26 - [TEST_STEP][PASSED] - nameProduct = xpath("//li[@class="product-cell"][" + i + "]/a[@class="product-name"]/span")).getText(): null&#xD;
&#xD;
2019-07-12 21:20:27 - [TEST_STEP][PASSED] - priceProduct = xpath("//li[@class="product-cell"][" + i + "]//span[not(contains(@class , "price-state price-strike-special"))]/span[@class = "price-amount"]")).getText(): null&#xD;
&#xD;
2019-07-12 21:20:27 - [TEST_STEP][PASSED] - formatedPriceProd = ").toString(): null&#xD;
&#xD;
2019-07-12 21:20:27 - [TEST_STEP][PASSED] - listProducts[i][0] = nameProduct: null&#xD;
&#xD;
2019-07-12 21:20:27 - [TEST_STEP][PASSED] - listProducts[i][1] = formatedPriceProd: null&#xD;
&#xD;
2019-07-12 21:20:27 - [TEST_STEP][PASSED] - nameProduct = xpath("//li[@class="product-cell"][" + i + "]/a[@class="product-name"]/span")).getText(): null&#xD;
&#xD;
2019-07-12 21:20:27 - [TEST_STEP][PASSED] - priceProduct = xpath("//li[@class="product-cell"][" + i + "]//span[not(contains(@class , "price-state price-strike-special"))]/span[@class = "price-amount"]")).getText(): null&#xD;
&#xD;
2019-07-12 21:20:27 - [TEST_STEP][PASSED] - formatedPriceProd = ").toString(): null&#xD;
&#xD;
2019-07-12 21:20:27 - [TEST_STEP][PASSED] - listProducts[i][0] = nameProduct: null&#xD;
&#xD;
2019-07-12 21:20:27 - [TEST_STEP][PASSED] - listProducts[i][1] = formatedPriceProd: null&#xD;
&#xD;
2019-07-12 21:20:27 - [TEST_STEP][PASSED] - nameProduct = xpath("//li[@class="product-cell"][" + i + "]/a[@class="product-name"]/span")).getText(): null&#xD;
&#xD;
2019-07-12 21:20:27 - [TEST_STEP][PASSED] - priceProduct = xpath("//li[@class="product-cell"][" + i + "]//span[not(contains(@class , "price-state price-strike-special"))]/span[@class = "price-amount"]")).getText(): null&#xD;
&#xD;
2019-07-12 21:20:27 - [TEST_STEP][PASSED] - formatedPriceProd = ").toString(): null&#xD;
&#xD;
2019-07-12 21:20:27 - [TEST_STEP][PASSED] - listProducts[i][0] = nameProduct: null&#xD;
&#xD;
2019-07-12 21:20:27 - [TEST_STEP][PASSED] - listProducts[i][1] = formatedPriceProd: null&#xD;
&#xD;
2019-07-12 21:20:27 - [TEST_STEP][PASSED] - nameProduct = xpath("//li[@class="product-cell"][" + i + "]/a[@class="product-name"]/span")).getText(): null&#xD;
&#xD;
2019-07-12 21:20:27 - [TEST_STEP][PASSED] - priceProduct = xpath("//li[@class="product-cell"][" + i + "]//span[not(contains(@class , "price-state price-strike-special"))]/span[@class = "price-amount"]")).getText(): null&#xD;
&#xD;
2019-07-12 21:20:27 - [TEST_STEP][PASSED] - formatedPriceProd = ").toString(): null&#xD;
&#xD;
2019-07-12 21:20:27 - [TEST_STEP][PASSED] - listProducts[i][0] = nameProduct: null&#xD;
&#xD;
2019-07-12 21:20:27 - [TEST_STEP][PASSED] - listProducts[i][1] = formatedPriceProd: null&#xD;
&#xD;
2019-07-12 21:20:27 - [TEST_STEP][PASSED] - nameProduct = xpath("//li[@class="product-cell"][" + i + "]/a[@class="product-name"]/span")).getText(): null&#xD;
&#xD;
2019-07-12 21:20:27 - [TEST_STEP][PASSED] - priceProduct = xpath("//li[@class="product-cell"][" + i + "]//span[not(contains(@class , "price-state price-strike-special"))]/span[@class = "price-amount"]")).getText(): null&#xD;
&#xD;
2019-07-12 21:20:27 - [TEST_STEP][PASSED] - formatedPriceProd = ").toString(): null&#xD;
&#xD;
2019-07-12 21:20:27 - [TEST_STEP][PASSED] - listProducts[i][0] = nameProduct: null&#xD;
&#xD;
2019-07-12 21:20:27 - [TEST_STEP][PASSED] - listProducts[i][1] = formatedPriceProd: null&#xD;
&#xD;
2019-07-12 21:20:27 - [TEST_STEP][PASSED] - nameProduct = xpath("//li[@class="product-cell"][" + i + "]/a[@class="product-name"]/span")).getText(): null&#xD;
&#xD;
2019-07-12 21:20:27 - [TEST_STEP][PASSED] - priceProduct = xpath("//li[@class="product-cell"][" + i + "]//span[not(contains(@class , "price-state price-strike-special"))]/span[@class = "price-amount"]")).getText(): null&#xD;
&#xD;
2019-07-12 21:20:27 - [TEST_STEP][PASSED] - formatedPriceProd = ").toString(): null&#xD;
&#xD;
2019-07-12 21:20:27 - [TEST_STEP][PASSED] - listProducts[i][0] = nameProduct: null&#xD;
&#xD;
2019-07-12 21:20:27 - [TEST_STEP][PASSED] - listProducts[i][1] = formatedPriceProd: null&#xD;
&#xD;
2019-07-12 21:20:27 - [TEST_STEP][PASSED] - nameProduct = xpath("//li[@class="product-cell"][" + i + "]/a[@class="product-name"]/span")).getText(): null&#xD;
&#xD;
2019-07-12 21:20:27 - [TEST_STEP][PASSED] - priceProduct = xpath("//li[@class="product-cell"][" + i + "]//span[not(contains(@class , "price-state price-strike-special"))]/span[@class = "price-amount"]")).getText(): null&#xD;
&#xD;
2019-07-12 21:20:27 - [TEST_STEP][PASSED] - formatedPriceProd = ").toString(): null&#xD;
&#xD;
2019-07-12 21:20:27 - [TEST_STEP][PASSED] - listProducts[i][0] = nameProduct: null&#xD;
&#xD;
2019-07-12 21:20:27 - [TEST_STEP][PASSED] - listProducts[i][1] = formatedPriceProd: null&#xD;
&#xD;
2019-07-12 21:20:27 - [TEST_STEP][PASSED] - nameProduct = xpath("//li[@class="product-cell"][" + i + "]/a[@class="product-name"]/span")).getText(): null&#xD;
&#xD;
2019-07-12 21:20:27 - [TEST_STEP][PASSED] - priceProduct = xpath("//li[@class="product-cell"][" + i + "]//span[not(contains(@class , "price-state price-strike-special"))]/span[@class = "price-amount"]")).getText(): null&#xD;
&#xD;
2019-07-12 21:20:27 - [TEST_STEP][PASSED] - formatedPriceProd = ").toString(): null&#xD;
&#xD;
2019-07-12 21:20:27 - [TEST_STEP][PASSED] - listProducts[i][0] = nameProduct: null&#xD;
&#xD;
2019-07-12 21:20:27 - [TEST_STEP][PASSED] - listProducts[i][1] = formatedPriceProd: null&#xD;
&#xD;
2019-07-12 21:20:27 - [TEST_STEP][PASSED] - nameProduct = xpath("//li[@class="product-cell"][" + i + "]/a[@class="product-name"]/span")).getText(): null&#xD;
&#xD;
2019-07-12 21:20:27 - [TEST_STEP][PASSED] - priceProduct = xpath("//li[@class="product-cell"][" + i + "]//span[not(contains(@class , "price-state price-strike-special"))]/span[@class = "price-amount"]")).getText(): null&#xD;
&#xD;
2019-07-12 21:20:27 - [TEST_STEP][PASSED] - formatedPriceProd = ").toString(): null&#xD;
&#xD;
2019-07-12 21:20:27 - [TEST_STEP][PASSED] - listProducts[i][0] = nameProduct: null&#xD;
&#xD;
2019-07-12 21:20:27 - [TEST_STEP][PASSED] - listProducts[i][1] = formatedPriceProd: null&#xD;
&#xD;
2019-07-12 21:20:27 - [TEST_STEP][ERROR] - qssat.web.liverpool.SaveProdcutsDBExcel.saveProducts(listProducts, limit): 10&#xD;
&#xD;
2019-07-12 21:20:30 - [MESSAGE][ERROR] - 10</system-out>
            <system-err>2019-07-12 21:20:25 - [TEST_CASE][ERROR] - Test Cases/AUXILIARY_TEST_CASES/fill_excel_shopping_cart: Test Cases/AUXILIARY_TEST_CASES/fill_excel_shopping_cart FAILED.
Reason:
java.lang.ArrayIndexOutOfBoundsException: 10&#xD;
	at qssat.web.liverpool.SaveProdcutsDBExcel.saveProducts(WriteDataBaseExcel.groovy:41)&#xD;
	at qssat.web.liverpool.SaveProdcutsDBExcel.invokeMethod(WriteDataBaseExcel.groovy)&#xD;
	at com.kms.katalon.core.main.CustomKeywordDelegatingMetaClass.invokeStaticMethod(CustomKeywordDelegatingMetaClass.java:50)&#xD;
	at fill_excel_shopping_cart.run(fill_excel_shopping_cart:35)&#xD;
	at com.kms.katalon.core.main.ScriptEngine.run(ScriptEngine.java:194)&#xD;
	at com.kms.katalon.core.main.ScriptEngine.runScriptAsRawText(ScriptEngine.java:119)&#xD;
	at com.kms.katalon.core.main.TestCaseExecutor.runScript(TestCaseExecutor.java:337)&#xD;
	at com.kms.katalon.core.main.TestCaseExecutor.doExecute(TestCaseExecutor.java:328)&#xD;
	at com.kms.katalon.core.main.TestCaseExecutor.processExecutionPhase(TestCaseExecutor.java:307)&#xD;
	at com.kms.katalon.core.main.TestCaseExecutor.accessMainPhase(TestCaseExecutor.java:299)&#xD;
	at com.kms.katalon.core.main.TestCaseExecutor.execute(TestCaseExecutor.java:233)&#xD;
	at com.kms.katalon.core.main.TestSuiteExecutor.accessTestCaseMainPhase(TestSuiteExecutor.java:133)&#xD;
	at com.kms.katalon.core.main.TestSuiteExecutor.accessTestSuiteMainPhase(TestSuiteExecutor.java:116)&#xD;
	at com.kms.katalon.core.main.TestSuiteExecutor.execute(TestSuiteExecutor.java:83)&#xD;
	at com.kms.katalon.core.main.TestCaseMain.startTestSuite(TestCaseMain.java:157)&#xD;
	at com.kms.katalon.core.main.TestCaseMain$startTestSuite$0.call(Unknown Source)&#xD;
	at TempTestSuite1562984392946.run(TempTestSuite1562984392946.groovy:35)</system-err>
        </testcase>
        <system-out>2019-07-12 21:19:57 - [TEST_SUITE][INCOMPLETE] - CreateMassiveShoppingList: null</system-out>
        <system-err>2019-07-12 21:19:57 - [TEST_SUITE][INCOMPLETE] - CreateMassiveShoppingList: null</system-err>
    </testsuite>
</testsuites>
