<?xml version="1.0" encoding="UTF-8" standalone="yes"?>
<testsuites name="SendOpinionProduct" time="45" tests="5" failures="1" errors="0">
    <testsuite name="SendOpinionProduct" tests="5" failures="1" errors="0" time="45" timestamp="2019-07-13 01:57:52" hostname="QualtopGroup - DESKTOP-JOAKIH6" id="Test Suites/PRODUCTS/SendOpinionProduct">
        <properties>
            <property name="deviceName" value=""/>
            <property name="devicePlatform" value=""/>
            <property name="logFolder" value="C:\\Users\\QualtopGroup\\Katalon Studio\\QSSAT_Web_Liverpool\\Reports\\PRODUCTS\\SendOpinionProduct\\20190713_015741"/>
            <property name="logFiles" value="C:\\Users\\QualtopGroup\\Katalon Studio\\QSSAT_Web_Liverpool\\Reports\\PRODUCTS\\SendOpinionProduct\\20190713_015741\\execution0.log"/>
            <property name="attachments" value="C:\\Users\\QualtopGroup\\Katalon Studio\\QSSAT_Web_Liverpool\\Reports\\PRODUCTS\\SendOpinionProduct\\20190713_015741\\1563001114292.png"/>
            <property name="hostName" value="QualtopGroup - DESKTOP-JOAKIH6"/>
            <property name="os" value="Windows 10 64bit"/>
            <property name="katalonVersion" value="6.2.1.2"/>
            <property name="browser" value="Firefox 66.0"/>
            <property name="hostAddress" value="192.168.56.1"/>
            <property name="sessionId" value="41c5cc73-36d0-4fb3-91a8-8f55e12875c0"/>
            <property name="seleniumVersion" value="3.141.59"/>
            <property name="proxyInformation" value="ProxyInformation{proxyOption=NO_PROXY, proxyServerType=HTTP, password=, proxyServerAddress=, proxyServerPort=0}"/>
            <property name="platform" value="Windows 10"/>
        </properties>
        <testcase name="Test Cases/SET_UP_BROWSER/launch_browser" classname="Test Cases/SET_UP_BROWSER/launch_browser" status="PASSED">
            <system-out>2019-07-13 01:57:53 - [TEST_CASE][PASSED] - Test Cases/SET_UP_BROWSER/launch_browser: Test Cases/SET_UP_BROWSER/launch_browser&#xD;
&#xD;
2019-07-13 01:57:54 - [TEST_STEP][PASSED] - openBrowser(BASE_URL): Browser is opened with url: 'https://www.liverpool.com.mx/tienda/home.jsp'&#xD;
&#xD;
2019-07-13 01:57:55 - [MESSAGE][INFO] - Starting 'Firefox' driver&#xD;
&#xD;
2019-07-13 01:57:56 - [MESSAGE][INFO] - Action delay is set to 0 seconds&#xD;
&#xD;
2019-07-13 01:58:13 - [MESSAGE][PASSED] - Browser is opened with url: 'https://www.liverpool.com.mx/tienda/home.jsp'&#xD;
&#xD;
2019-07-13 01:58:13 - [TEST_STEP][PASSED] - maximizeWindow(): Current window maximized&#xD;
&#xD;
2019-07-13 01:58:13 - [MESSAGE][PASSED] - Current window maximized</system-out>
            <system-err></system-err>
        </testcase>
        <testcase name="Test Cases/HOME_PAGE/search_product" classname="Test Cases/HOME_PAGE/search_product" status="PASSED">
            <system-out>2019-07-13 01:58:13 - [TEST_CASE][PASSED] - Test Cases/HOME_PAGE/search_product: Test Cases/HOME_PAGE/search_product&#xD;
&#xD;
2019-07-13 01:58:14 - [TEST_STEP][PASSED] - waitForElementClickable(findTestObject("HOME_PAGE/Header/input_search"), 3): Object 'Object Repository/HOME_PAGE/Header/input_search' is clickable&#xD;
&#xD;
2019-07-13 01:58:14 - [MESSAGE][PASSED] - Object 'Object Repository/HOME_PAGE/Header/input_search' is clickable&#xD;
&#xD;
2019-07-13 01:58:14 - [TEST_STEP][PASSED] - setText(findTestObject("HOME_PAGE/Header/input_search"), nameProduct): Text 'Smartphone Motorola One Vision 128 GB moka AT&amp;T' is set on object 'Object Repository/HOME_PAGE/Header/input_search'&#xD;
&#xD;
2019-07-13 01:58:14 - [MESSAGE][PASSED] - Text 'Smartphone Motorola One Vision 128 GB moka AT&amp;T' is set on object 'Object Repository/HOME_PAGE/Header/input_search'&#xD;
&#xD;
2019-07-13 01:58:14 - [TEST_STEP][PASSED] - click(findTestObject("HOME_PAGE/Header/button_search")): Object: 'Object Repository/HOME_PAGE/Header/button_search' is clicked on&#xD;
&#xD;
2019-07-13 01:58:18 - [MESSAGE][PASSED] - Object: 'Object Repository/HOME_PAGE/Header/button_search' is clicked on</system-out>
            <system-err></system-err>
        </testcase>
        <testcase name="Test Cases/PRODUCTS/CatalogProducts/GridProducts/select_product_catalog" classname="Test Cases/PRODUCTS/CatalogProducts/GridProducts/select_product_catalog" status="PASSED">
            <system-out>2019-07-13 01:58:18 - [TEST_CASE][PASSED] - Test Cases/PRODUCTS/CatalogProducts/GridProducts/select_product_catalog: Test Cases/PRODUCTS/CatalogProducts/GridProducts/select_product_catalog&#xD;
&#xD;
2019-07-13 01:58:19 - [TEST_STEP][PASSED] - waitForElementVisible(findTestObject("PRODUCTS/CatalogProducts/span_total-products"), 3): Object 'Object Repository/PRODUCTS/CatalogProducts/span_total-products' is visible&#xD;
&#xD;
2019-07-13 01:58:19 - [MESSAGE][PASSED] - Object 'Object Repository/PRODUCTS/CatalogProducts/span_total-products' is visible&#xD;
&#xD;
2019-07-13 01:58:19 - [TEST_STEP][PASSED] - click(findTestObject("PRODUCTS/CatalogProducts/li_product", ["nameProduct":nameProduct])): Object: 'Object Repository/PRODUCTS/CatalogProducts/li_product' is clicked on&#xD;
&#xD;
2019-07-13 01:58:25 - [MESSAGE][PASSED] - Object: 'Object Repository/PRODUCTS/CatalogProducts/li_product' is clicked on&#xD;
&#xD;
2019-07-13 01:58:25 - [TEST_STEP][PASSED] - waitForElementNotVisible(findTestObject("PRODUCTS/CatalogProducts/span_total-products"), 3): Web element with id: 'Object Repository/PRODUCTS/CatalogProducts/span_total-products' located by 'By.xpath: //div[@id='product-total']/p/span' not found&#xD;
&#xD;
2019-07-13 01:58:29 - [MESSAGE][INFO] - Unable to find the element located by 'By.xpath: //div[@id='product-total']/p/span'. Please recheck the objects properties to make sure the desired element is located. &#xD;
&#xD;
2019-07-13 01:58:29 - [MESSAGE][WARNING] - Web element with id: 'Object Repository/PRODUCTS/CatalogProducts/span_total-products' located by 'By.xpath: //div[@id='product-total']/p/span' not found</system-out>
            <system-err></system-err>
        </testcase>
        <testcase name="Test Cases/PRODUCTS/DetailProduct/ProductOpinion/access_product_opinion" classname="Test Cases/PRODUCTS/DetailProduct/ProductOpinion/access_product_opinion" status="PASSED">
            <system-out>2019-07-13 01:58:29 - [TEST_CASE][PASSED] - Test Cases/PRODUCTS/DetailProduct/ProductOpinion/access_product_opinion: Test Cases/PRODUCTS/DetailProduct/ProductOpinion/access_product_opinion&#xD;
&#xD;
2019-07-13 01:58:29 - [TEST_STEP][PASSED] - waitForElementVisible(findTestObject("PRODUCTS/DetailProduct/ProductOpinion/button_opinion"), 3): Object 'Object Repository/PRODUCTS/DetailProduct/ProductOpinion/button_opinion' is visible&#xD;
&#xD;
2019-07-13 01:58:30 - [MESSAGE][PASSED] - Object 'Object Repository/PRODUCTS/DetailProduct/ProductOpinion/button_opinion' is visible&#xD;
&#xD;
2019-07-13 01:58:30 - [TEST_STEP][PASSED] - click(findTestObject("PRODUCTS/DetailProduct/ProductOpinion/button_opinion")): Object: 'Object Repository/PRODUCTS/DetailProduct/ProductOpinion/button_opinion' is clicked on&#xD;
&#xD;
2019-07-13 01:58:30 - [MESSAGE][PASSED] - Object: 'Object Repository/PRODUCTS/DetailProduct/ProductOpinion/button_opinion' is clicked on&#xD;
&#xD;
2019-07-13 01:58:30 - [TEST_STEP][PASSED] - waitForElementVisible(findTestObject("PRODUCTS/DetailProduct/ProductOpinion/button_send-opinion"), 3): Object 'Object Repository/PRODUCTS/DetailProduct/ProductOpinion/button_send-opinion' is visible&#xD;
&#xD;
2019-07-13 01:58:31 - [MESSAGE][PASSED] - Object 'Object Repository/PRODUCTS/DetailProduct/ProductOpinion/button_send-opinion' is visible</system-out>
            <system-err></system-err>
        </testcase>
        <testcase name="Test Cases/PRODUCTS/DetailProduct/ProductOpinion/send_opinion" classname="Test Cases/PRODUCTS/DetailProduct/ProductOpinion/send_opinion" status="FAILED">
            <failure type="FAILED" message="Test Cases/PRODUCTS/DetailProduct/ProductOpinion/send_opinion FAILED.&#xA;Reason:&#xA;com.kms.katalon.core.exception.StepFailedException: Unable to wait for object to be NOT visible&#xD;&#xA;&#x9;at com.kms.katalon.core.webui.keyword.internal.WebUIKeywordMain.stepFailed(WebUIKeywordMain.groovy:64)&#xD;&#xA;&#x9;at com.kms.katalon.core.webui.keyword.internal.WebUIKeywordMain.runKeyword(WebUIKeywordMain.groovy:26)&#xD;&#xA;&#x9;at com.kms.katalon.core.webui.keyword.builtin.WaitForElementNotVisibleKeyword.waitForElementNotVisible(WaitForElementNotVisibleKeyword.groovy:109)&#xD;&#xA;&#x9;at com.kms.katalon.core.webui.keyword.builtin.WaitForElementNotVisibleKeyword.execute(WaitForElementNotVisibleKeyword.groovy:68)&#xD;&#xA;&#x9;at com.kms.katalon.core.keyword.internal.KeywordExecutor.executeKeywordForPlatform(KeywordExecutor.groovy:56)&#xD;&#xA;&#x9;at com.kms.katalon.core.webui.keyword.WebUiBuiltInKeywords.waitForElementNotVisible(WebUiBuiltInKeywords.groovy:467)&#xD;&#xA;&#x9;at com.kms.katalon.core.webui.keyword.WebUiBuiltInKeywords$waitForElementNotVisible$5.call(Unknown Source)&#xD;&#xA;&#x9;at send_opinion.run(send_opinion:32)&#xD;&#xA;&#x9;at com.kms.katalon.core.main.ScriptEngine.run(ScriptEngine.java:194)&#xD;&#xA;&#x9;at com.kms.katalon.core.main.ScriptEngine.runScriptAsRawText(ScriptEngine.java:119)&#xD;&#xA;&#x9;at com.kms.katalon.core.main.TestCaseExecutor.runScript(TestCaseExecutor.java:337)&#xD;&#xA;&#x9;at com.kms.katalon.core.main.TestCaseExecutor.doExecute(TestCaseExecutor.java:328)&#xD;&#xA;&#x9;at com.kms.katalon.core.main.TestCaseExecutor.processExecutionPhase(TestCaseExecutor.java:307)&#xD;&#xA;&#x9;at com.kms.katalon.core.main.TestCaseExecutor.accessMainPhase(TestCaseExecutor.java:299)&#xD;&#xA;&#x9;at com.kms.katalon.core.main.TestCaseExecutor.execute(TestCaseExecutor.java:233)&#xD;&#xA;&#x9;at com.kms.katalon.core.main.TestSuiteExecutor.accessTestCaseMainPhase(TestSuiteExecutor.java:133)&#xD;&#xA;&#x9;at com.kms.katalon.core.main.TestSuiteExecutor.accessTestSuiteMainPhase(TestSuiteExecutor.java:116)&#xD;&#xA;&#x9;at com.kms.katalon.core.main.TestSuiteExecutor.execute(TestSuiteExecutor.java:83)&#xD;&#xA;&#x9;at com.kms.katalon.core.main.TestCaseMain.startTestSuite(TestCaseMain.java:157)&#xD;&#xA;&#x9;at com.kms.katalon.core.main.TestCaseMain$startTestSuite$0.call(Unknown Source)&#xD;&#xA;&#x9;at TempTestSuite1563001065737.run(TempTestSuite1563001065737.groovy:35)&#xD;&#xA;Caused by: java.lang.IllegalArgumentException: Object is null&#xD;&#xA;&#x9;at com.kms.katalon.core.helper.KeywordHelper.checkTestObjectParameter(KeywordHelper.java:33)&#xD;&#xA;&#x9;at com.kms.katalon.core.webui.keyword.builtin.WaitForElementNotVisibleKeyword$_waitForElementNotVisible_closure1.doCall(WaitForElementNotVisibleKeyword.groovy:76)&#xD;&#xA;&#x9;at com.kms.katalon.core.webui.keyword.builtin.WaitForElementNotVisibleKeyword$_waitForElementNotVisible_closure1.call(WaitForElementNotVisibleKeyword.groovy)&#xD;&#xA;&#x9;at com.kms.katalon.core.webui.keyword.internal.WebUIKeywordMain.runKeyword(WebUIKeywordMain.groovy:20)&#xD;&#xA;&#x9;... 19 more&#xD;&#xA;"/>
            <system-out>2019-07-13 01:58:31 - [TEST_CASE][FAILED] - Test Cases/PRODUCTS/DetailProduct/ProductOpinion/send_opinion: Test Cases/PRODUCTS/DetailProduct/ProductOpinion/send_opinion FAILED.
Reason:
com.kms.katalon.core.exception.StepFailedException: Unable to wait for object to be NOT visible&#xD;
	at com.kms.katalon.core.webui.keyword.internal.WebUIKeywordMain.stepFailed(WebUIKeywordMain.groovy:64)&#xD;
	at com.kms.katalon.core.webui.keyword.internal.WebUIKeywordMain.runKeyword(WebUIKeywordMain.groovy:26)&#xD;
	at com.kms.katalon.core.webui.keyword.builtin.WaitForElementNotVisibleKeyword.waitForElementNotVisible(WaitForElementNotVisibleKeyword.groovy:109)&#xD;
	at com.kms.katalon.core.webui.keyword.builtin.WaitForElementNotVisibleKeyword.execute(WaitForElementNotVisibleKeyword.groovy:68)&#xD;
	at com.kms.katalon.core.keyword.internal.KeywordExecutor.executeKeywordForPlatform(KeywordExecutor.groovy:56)&#xD;
	at com.kms.katalon.core.webui.keyword.WebUiBuiltInKeywords.waitForElementNotVisible(WebUiBuiltInKeywords.groovy:467)&#xD;
	at com.kms.katalon.core.webui.keyword.WebUiBuiltInKeywords$waitForElementNotVisible$5.call(Unknown Source)&#xD;
	at send_opinion.run(send_opinion:32)&#xD;
	at com.kms.katalon.core.main.ScriptEngine.run(ScriptEngine.java:194)&#xD;
	at com.kms.katalon.core.main.ScriptEngine.runScriptAsRawText(ScriptEngine.java:119)&#xD;
	at com.kms.katalon.core.main.TestCaseExecutor.runScript(TestCaseExecutor.java:337)&#xD;
	at com.kms.katalon.core.main.TestCaseExecutor.doExecute(TestCaseExecutor.java:328)&#xD;
	at com.kms.katalon.core.main.TestCaseExecutor.processExecutionPhase(TestCaseExecutor.java:307)&#xD;
	at com.kms.katalon.core.main.TestCaseExecutor.accessMainPhase(TestCaseExecutor.java:299)&#xD;
	at com.kms.katalon.core.main.TestCaseExecutor.execute(TestCaseExecutor.java:233)&#xD;
	at com.kms.katalon.core.main.TestSuiteExecutor.accessTestCaseMainPhase(TestSuiteExecutor.java:133)&#xD;
	at com.kms.katalon.core.main.TestSuiteExecutor.accessTestSuiteMainPhase(TestSuiteExecutor.java:116)&#xD;
	at com.kms.katalon.core.main.TestSuiteExecutor.execute(TestSuiteExecutor.java:83)&#xD;
	at com.kms.katalon.core.main.TestCaseMain.startTestSuite(TestCaseMain.java:157)&#xD;
	at com.kms.katalon.core.main.TestCaseMain$startTestSuite$0.call(Unknown Source)&#xD;
	at TempTestSuite1563001065737.run(TempTestSuite1563001065737.groovy:35)&#xD;
Caused by: java.lang.IllegalArgumentException: Object is null&#xD;
	at com.kms.katalon.core.helper.KeywordHelper.checkTestObjectParameter(KeywordHelper.java:33)&#xD;
	at com.kms.katalon.core.webui.keyword.builtin.WaitForElementNotVisibleKeyword$_waitForElementNotVisible_closure1.doCall(WaitForElementNotVisibleKeyword.groovy:76)&#xD;
	at com.kms.katalon.core.webui.keyword.builtin.WaitForElementNotVisibleKeyword$_waitForElementNotVisible_closure1.call(WaitForElementNotVisibleKeyword.groovy)&#xD;
	at com.kms.katalon.core.webui.keyword.internal.WebUIKeywordMain.runKeyword(WebUIKeywordMain.groovy:20)&#xD;
	... 19 more&#xD;
&#xD;
&#xD;
2019-07-13 01:58:32 - [TEST_STEP][PASSED] - waitForElementVisible(findTestObject("PRODUCTS/DetailProduct/ProductOpinion/button_send-opinion"), 3): Object 'Object Repository/PRODUCTS/DetailProduct/ProductOpinion/button_send-opinion' is visible&#xD;
&#xD;
2019-07-13 01:58:32 - [MESSAGE][PASSED] - Object 'Object Repository/PRODUCTS/DetailProduct/ProductOpinion/button_send-opinion' is visible&#xD;
&#xD;
2019-07-13 01:58:32 - [TEST_STEP][PASSED] - clickOffset(findTestObject("PRODUCTS/DetailProduct/ProductOpinion/icons_raiting"), 0, 10): Object: 'Object Repository/PRODUCTS/DetailProduct/ProductOpinion/icons_raiting' is clicked on using offset x=0 and y=10&#xD;
&#xD;
2019-07-13 01:58:32 - [MESSAGE][PASSED] - Object: 'Object Repository/PRODUCTS/DetailProduct/ProductOpinion/icons_raiting' is clicked on using offset x=0 and y=10&#xD;
&#xD;
2019-07-13 01:58:32 - [TEST_STEP][PASSED] - setText(findTestObject("PRODUCTS/DetailProduct/ProductOpinion/input_title-opinion"), "¡¡Excelente servicio!!"): Text '¡¡Excelente servicio!!' is set on object 'Object Repository/PRODUCTS/DetailProduct/ProductOpinion/input_title-opinion'&#xD;
&#xD;
2019-07-13 01:58:32 - [MESSAGE][PASSED] - Text '¡¡Excelente servicio!!' is set on object 'Object Repository/PRODUCTS/DetailProduct/ProductOpinion/input_title-opinion'&#xD;
&#xD;
2019-07-13 01:58:32 - [TEST_STEP][PASSED] - setText(findTestObject("PRODUCTS/DetailProduct/ProductOpinion/input_write-opinion"), "Cinco estrellas Aut_Test"): Text 'Cinco estrellas Aut_Test' is set on object 'Object Repository/PRODUCTS/DetailProduct/ProductOpinion/input_write-opinion'&#xD;
&#xD;
2019-07-13 01:58:32 - [MESSAGE][PASSED] - Text 'Cinco estrellas Aut_Test' is set on object 'Object Repository/PRODUCTS/DetailProduct/ProductOpinion/input_write-opinion'&#xD;
&#xD;
2019-07-13 01:58:32 - [TEST_STEP][PASSED] - click(findTestObject("PRODUCTS/DetailProduct/ProductOpinion/button_add-photo")): Object: 'Object Repository/PRODUCTS/DetailProduct/ProductOpinion/button_add-photo' is clicked on&#xD;
&#xD;
2019-07-13 01:58:33 - [MESSAGE][PASSED] - Object: 'Object Repository/PRODUCTS/DetailProduct/ProductOpinion/button_add-photo' is clicked on&#xD;
&#xD;
2019-07-13 01:58:33 - [TEST_STEP][PASSED] - waitForElementClickable(findTestObject("PRODUCTS/DetailProduct/ProductOpinion/input_upload-photo"), 3): Object 'Object Repository/PRODUCTS/DetailProduct/ProductOpinion/input_upload-photo' is clickable&#xD;
&#xD;
2019-07-13 01:58:33 - [MESSAGE][PASSED] - Object 'Object Repository/PRODUCTS/DetailProduct/ProductOpinion/input_upload-photo' is clickable&#xD;
&#xD;
2019-07-13 01:58:33 - [TEST_STEP][PASSED] - uploadFile(findTestObject("PRODUCTS/DetailProduct/ProductOpinion/input_upload-photo"), "C:\Users\QualtopGroup\Katalon Studio\QSSAT_Web_Liverpool\Files\img.png"): File 'C:\Users\QualtopGroup\Katalon Studio\QSSAT_Web_Liverpool\Files\img.png' sent to object: 'Object Repository/PRODUCTS/DetailProduct/ProductOpinion/input_upload-photo'&#xD;
&#xD;
2019-07-13 01:58:33 - [MESSAGE][PASSED] - File 'C:\Users\QualtopGroup\Katalon Studio\QSSAT_Web_Liverpool\Files\img.png' sent to object: 'Object Repository/PRODUCTS/DetailProduct/ProductOpinion/input_upload-photo'&#xD;
&#xD;
2019-07-13 01:58:33 - [TEST_STEP][PASSED] - click(findTestObject("PRODUCTS/DetailProduct/ProductOpinion/button_accept-add-photo")): Object: 'Object Repository/PRODUCTS/DetailProduct/ProductOpinion/button_accept-add-photo' is clicked on&#xD;
&#xD;
2019-07-13 01:58:34 - [MESSAGE][PASSED] - Object: 'Object Repository/PRODUCTS/DetailProduct/ProductOpinion/button_accept-add-photo' is clicked on&#xD;
&#xD;
2019-07-13 01:58:34 - [TEST_STEP][FAILED] - waitForElementNotVisible(findTestObject("PRODUCTS/DetailProduct/ProductOpinion/icon_load-product"), 10): Unable to wait for object to be NOT visible (Root cause: com.kms.katalon.core.exception.StepFailedException: Unable to wait for object to be NOT visible&#xD;
	at com.kms.katalon.core.webui.keyword.internal.WebUIKeywordMain.stepFailed(WebUIKeywordMain.groovy:64)&#xD;
	at com.kms.katalon.core.webui.keyword.internal.WebUIKeywordMain.runKeyword(WebUIKeywordMain.groovy:26)&#xD;
	at com.kms.katalon.core.webui.keyword.builtin.WaitForElementNotVisibleKeyword.waitForElementNotVisible(WaitForElementNotVisibleKeyword.groovy:109)&#xD;
	at com.kms.katalon.core.webui.keyword.builtin.WaitForElementNotVisibleKeyword.execute(WaitForElementNotVisibleKeyword.groovy:68)&#xD;
	at com.kms.katalon.core.keyword.internal.KeywordExecutor.executeKeywordForPlatform(KeywordExecutor.groovy:56)&#xD;
	at com.kms.katalon.core.webui.keyword.WebUiBuiltInKeywords.waitForElementNotVisible(WebUiBuiltInKeywords.groovy:467)&#xD;
	at com.kms.katalon.core.webui.keyword.WebUiBuiltInKeywords$waitForElementNotVisible$5.call(Unknown Source)&#xD;
	at send_opinion.run(send_opinion:32)&#xD;
	at com.kms.katalon.core.main.ScriptEngine.run(ScriptEngine.java:194)&#xD;
	at com.kms.katalon.core.main.ScriptEngine.runScriptAsRawText(ScriptEngine.java:119)&#xD;
	at com.kms.katalon.core.main.TestCaseExecutor.runScript(TestCaseExecutor.java:337)&#xD;
	at com.kms.katalon.core.main.TestCaseExecutor.doExecute(TestCaseExecutor.java:328)&#xD;
	at com.kms.katalon.core.main.TestCaseExecutor.processExecutionPhase(TestCaseExecutor.java:307)&#xD;
	at com.kms.katalon.core.main.TestCaseExecutor.accessMainPhase(TestCaseExecutor.java:299)&#xD;
	at com.kms.katalon.core.main.TestCaseExecutor.execute(TestCaseExecutor.java:233)&#xD;
	at com.kms.katalon.core.main.TestSuiteExecutor.accessTestCaseMainPhase(TestSuiteExecutor.java:133)&#xD;
	at com.kms.katalon.core.main.TestSuiteExecutor.accessTestSuiteMainPhase(TestSuiteExecutor.java:116)&#xD;
	at com.kms.katalon.core.main.TestSuiteExecutor.execute(TestSuiteExecutor.java:83)&#xD;
	at com.kms.katalon.core.main.TestCaseMain.startTestSuite(TestCaseMain.java:157)&#xD;
	at com.kms.katalon.core.main.TestCaseMain$startTestSuite$0.call(Unknown Source)&#xD;
	at TempTestSuite1563001065737.run(TempTestSuite1563001065737.groovy:35)&#xD;
Caused by: java.lang.IllegalArgumentException: Object is null&#xD;
	at com.kms.katalon.core.helper.KeywordHelper.checkTestObjectParameter(KeywordHelper.java:33)&#xD;
	at com.kms.katalon.core.webui.keyword.builtin.WaitForElementNotVisibleKeyword$_waitForElementNotVisible_closure1.doCall(WaitForElementNotVisibleKeyword.groovy:76)&#xD;
	at com.kms.katalon.core.webui.keyword.builtin.WaitForElementNotVisibleKeyword$_waitForElementNotVisible_closure1.call(WaitForElementNotVisibleKeyword.groovy)&#xD;
	at com.kms.katalon.core.webui.keyword.internal.WebUIKeywordMain.runKeyword(WebUIKeywordMain.groovy:20)&#xD;
	at com.kms.katalon.core.webui.keyword.builtin.WaitForElementNotVisibleKeyword.waitForElementNotVisible(WaitForElementNotVisibleKeyword.groovy:109)&#xD;
	at com.kms.katalon.core.webui.keyword.builtin.WaitForElementNotVisibleKeyword.execute(WaitForElementNotVisibleKeyword.groovy:68)&#xD;
	at com.kms.katalon.core.keyword.internal.KeywordExecutor.executeKeywordForPlatform(KeywordExecutor.groovy:56)&#xD;
	at com.kms.katalon.core.webui.keyword.WebUiBuiltInKeywords.waitForElementNotVisible(WebUiBuiltInKeywords.groovy:467)&#xD;
	at com.kms.katalon.core.webui.keyword.WebUiBuiltInKeywords$waitForElementNotVisible$5.call(Unknown Source)&#xD;
	at Script1562810185384.run(Script1562810185384.groovy:32)&#xD;
	... 13 more&#xD;
)&#xD;
&#xD;
2019-07-13 01:58:34 - [MESSAGE][WARNING] - Test object with id 'Object Repository/PRODUCTS/DetailProduct/ProductOpinion/icon_load-product' does not exist&#xD;
&#xD;
2019-07-13 01:58:34 - [MESSAGE][WARNING] - Test object with id 'Object Repository/' does not exist&#xD;
&#xD;
2019-07-13 01:58:34 - [MESSAGE][FAILED] - Unable to wait for object to be NOT visible (Root cause: com.kms.katalon.core.exception.StepFailedException: Unable to wait for object to be NOT visible&#xD;
	at com.kms.katalon.core.webui.keyword.internal.WebUIKeywordMain.stepFailed(WebUIKeywordMain.groovy:64)&#xD;
	at com.kms.katalon.core.webui.keyword.internal.WebUIKeywordMain.runKeyword(WebUIKeywordMain.groovy:26)&#xD;
	at com.kms.katalon.core.webui.keyword.builtin.WaitForElementNotVisibleKeyword.waitForElementNotVisible(WaitForElementNotVisibleKeyword.groovy:109)&#xD;
	at com.kms.katalon.core.webui.keyword.builtin.WaitForElementNotVisibleKeyword.execute(WaitForElementNotVisibleKeyword.groovy:68)&#xD;
	at com.kms.katalon.core.keyword.internal.KeywordExecutor.executeKeywordForPlatform(KeywordExecutor.groovy:56)&#xD;
	at com.kms.katalon.core.webui.keyword.WebUiBuiltInKeywords.waitForElementNotVisible(WebUiBuiltInKeywords.groovy:467)&#xD;
	at com.kms.katalon.core.webui.keyword.WebUiBuiltInKeywords$waitForElementNotVisible$5.call(Unknown Source)&#xD;
	at send_opinion.run(send_opinion:32)&#xD;
	at com.kms.katalon.core.main.ScriptEngine.run(ScriptEngine.java:194)&#xD;
	at com.kms.katalon.core.main.ScriptEngine.runScriptAsRawText(ScriptEngine.java:119)&#xD;
	at com.kms.katalon.core.main.TestCaseExecutor.runScript(TestCaseExecutor.java:337)&#xD;
	at com.kms.katalon.core.main.TestCaseExecutor.doExecute(TestCaseExecutor.java:328)&#xD;
	at com.kms.katalon.core.main.TestCaseExecutor.processExecutionPhase(TestCaseExecutor.java:307)&#xD;
	at com.kms.katalon.core.main.TestCaseExecutor.accessMainPhase(TestCaseExecutor.java:299)&#xD;
	at com.kms.katalon.core.main.TestCaseExecutor.execute(TestCaseExecutor.java:233)&#xD;
	at com.kms.katalon.core.main.TestSuiteExecutor.accessTestCaseMainPhase(TestSuiteExecutor.java:133)&#xD;
	at com.kms.katalon.core.main.TestSuiteExecutor.accessTestSuiteMainPhase(TestSuiteExecutor.java:116)&#xD;
	at com.kms.katalon.core.main.TestSuiteExecutor.execute(TestSuiteExecutor.java:83)&#xD;
	at com.kms.katalon.core.main.TestCaseMain.startTestSuite(TestCaseMain.java:157)&#xD;
	at com.kms.katalon.core.main.TestCaseMain$startTestSuite$0.call(Unknown Source)&#xD;
	at TempTestSuite1563001065737.run(TempTestSuite1563001065737.groovy:35)&#xD;
Caused by: java.lang.IllegalArgumentException: Object is null&#xD;
	at com.kms.katalon.core.helper.KeywordHelper.checkTestObjectParameter(KeywordHelper.java:33)&#xD;
	at com.kms.katalon.core.webui.keyword.builtin.WaitForElementNotVisibleKeyword$_waitForElementNotVisible_closure1.doCall(WaitForElementNotVisibleKeyword.groovy:76)&#xD;
	at com.kms.katalon.core.webui.keyword.builtin.WaitForElementNotVisibleKeyword$_waitForElementNotVisible_closure1.call(WaitForElementNotVisibleKeyword.groovy)&#xD;
	at com.kms.katalon.core.webui.keyword.internal.WebUIKeywordMain.runKeyword(WebUIKeywordMain.groovy:20)&#xD;
	at com.kms.katalon.core.webui.keyword.builtin.WaitForElementNotVisibleKeyword.waitForElementNotVisible(WaitForElementNotVisibleKeyword.groovy:109)&#xD;
	at com.kms.katalon.core.webui.keyword.builtin.WaitForElementNotVisibleKeyword.execute(WaitForElementNotVisibleKeyword.groovy:68)&#xD;
	at com.kms.katalon.core.keyword.internal.KeywordExecutor.executeKeywordForPlatform(KeywordExecutor.groovy:56)&#xD;
	at com.kms.katalon.core.webui.keyword.WebUiBuiltInKeywords.waitForElementNotVisible(WebUiBuiltInKeywords.groovy:467)&#xD;
	at com.kms.katalon.core.webui.keyword.WebUiBuiltInKeywords$waitForElementNotVisible$5.call(Unknown Source)&#xD;
	at Script1562810185384.run(Script1562810185384.groovy:32)&#xD;
	... 13 more&#xD;
)&#xD;
[[ATTACHMENT|C:\\Users\\QualtopGroup\\Katalon Studio\\QSSAT_Web_Liverpool\\Reports\\PRODUCTS\\SendOpinionProduct\\20190713_015741\\1563001114292.png]]</system-out>
            <system-err>2019-07-13 01:58:31 - [TEST_CASE][FAILED] - Test Cases/PRODUCTS/DetailProduct/ProductOpinion/send_opinion: Test Cases/PRODUCTS/DetailProduct/ProductOpinion/send_opinion FAILED.
Reason:
com.kms.katalon.core.exception.StepFailedException: Unable to wait for object to be NOT visible&#xD;
	at com.kms.katalon.core.webui.keyword.internal.WebUIKeywordMain.stepFailed(WebUIKeywordMain.groovy:64)&#xD;
	at com.kms.katalon.core.webui.keyword.internal.WebUIKeywordMain.runKeyword(WebUIKeywordMain.groovy:26)&#xD;
	at com.kms.katalon.core.webui.keyword.builtin.WaitForElementNotVisibleKeyword.waitForElementNotVisible(WaitForElementNotVisibleKeyword.groovy:109)&#xD;
	at com.kms.katalon.core.webui.keyword.builtin.WaitForElementNotVisibleKeyword.execute(WaitForElementNotVisibleKeyword.groovy:68)&#xD;
	at com.kms.katalon.core.keyword.internal.KeywordExecutor.executeKeywordForPlatform(KeywordExecutor.groovy:56)&#xD;
	at com.kms.katalon.core.webui.keyword.WebUiBuiltInKeywords.waitForElementNotVisible(WebUiBuiltInKeywords.groovy:467)&#xD;
	at com.kms.katalon.core.webui.keyword.WebUiBuiltInKeywords$waitForElementNotVisible$5.call(Unknown Source)&#xD;
	at send_opinion.run(send_opinion:32)&#xD;
	at com.kms.katalon.core.main.ScriptEngine.run(ScriptEngine.java:194)&#xD;
	at com.kms.katalon.core.main.ScriptEngine.runScriptAsRawText(ScriptEngine.java:119)&#xD;
	at com.kms.katalon.core.main.TestCaseExecutor.runScript(TestCaseExecutor.java:337)&#xD;
	at com.kms.katalon.core.main.TestCaseExecutor.doExecute(TestCaseExecutor.java:328)&#xD;
	at com.kms.katalon.core.main.TestCaseExecutor.processExecutionPhase(TestCaseExecutor.java:307)&#xD;
	at com.kms.katalon.core.main.TestCaseExecutor.accessMainPhase(TestCaseExecutor.java:299)&#xD;
	at com.kms.katalon.core.main.TestCaseExecutor.execute(TestCaseExecutor.java:233)&#xD;
	at com.kms.katalon.core.main.TestSuiteExecutor.accessTestCaseMainPhase(TestSuiteExecutor.java:133)&#xD;
	at com.kms.katalon.core.main.TestSuiteExecutor.accessTestSuiteMainPhase(TestSuiteExecutor.java:116)&#xD;
	at com.kms.katalon.core.main.TestSuiteExecutor.execute(TestSuiteExecutor.java:83)&#xD;
	at com.kms.katalon.core.main.TestCaseMain.startTestSuite(TestCaseMain.java:157)&#xD;
	at com.kms.katalon.core.main.TestCaseMain$startTestSuite$0.call(Unknown Source)&#xD;
	at TempTestSuite1563001065737.run(TempTestSuite1563001065737.groovy:35)&#xD;
Caused by: java.lang.IllegalArgumentException: Object is null&#xD;
	at com.kms.katalon.core.helper.KeywordHelper.checkTestObjectParameter(KeywordHelper.java:33)&#xD;
	at com.kms.katalon.core.webui.keyword.builtin.WaitForElementNotVisibleKeyword$_waitForElementNotVisible_closure1.doCall(WaitForElementNotVisibleKeyword.groovy:76)&#xD;
	at com.kms.katalon.core.webui.keyword.builtin.WaitForElementNotVisibleKeyword$_waitForElementNotVisible_closure1.call(WaitForElementNotVisibleKeyword.groovy)&#xD;
	at com.kms.katalon.core.webui.keyword.internal.WebUIKeywordMain.runKeyword(WebUIKeywordMain.groovy:20)&#xD;
	... 19 more</system-err>
        </testcase>
        <testcase name="Test Cases/SET_UP_BROWSER/close_browser" classname="Test Cases/SET_UP_BROWSER/close_browser" status="PASSED">
            <system-out>2019-07-13 01:58:34 - [TEST_CASE][PASSED] - Test Cases/SET_UP_BROWSER/close_browser: Test Cases/SET_UP_BROWSER/close_browser&#xD;
&#xD;
2019-07-13 01:58:35 - [TEST_STEP][PASSED] - closeBrowser(): Browser is closed&#xD;
&#xD;
2019-07-13 01:58:38 - [MESSAGE][PASSED] - Browser is closed</system-out>
            <system-err></system-err>
        </testcase>
        <system-out>2019-07-13 01:57:52 - [TEST_SUITE][INCOMPLETE] - SendOpinionProduct: null</system-out>
        <system-err>2019-07-13 01:57:52 - [TEST_SUITE][INCOMPLETE] - SendOpinionProduct: null</system-err>
    </testsuite>
</testsuites>
