<?xml version="1.0" encoding="UTF-8" standalone="yes"?>
<testsuites name="ValidationsForm" time="50" tests="4" failures="0" errors="1">
    <testsuite name="ValidationsForm" tests="4" failures="0" errors="1" time="50" timestamp="2019-07-12 16:38:08" hostname="QualtopGroup - DESKTOP-JOAKIH6.cyamoda.com" id="Test Suites/SIGN_UP/ValidationsForm">
        <properties>
            <property name="deviceName" value=""/>
            <property name="devicePlatform" value=""/>
            <property name="logFolder" value="C:\\Users\\QualtopGroup\\Katalon Studio\\QSSAT_Web_Liverpool\\Reports\\SIGN_UP\\ValidationsForm\\20190712_163803"/>
            <property name="logFiles" value="C:\\Users\\QualtopGroup\\Katalon Studio\\QSSAT_Web_Liverpool\\Reports\\SIGN_UP\\ValidationsForm\\20190712_163803\\execution0.log"/>
            <property name="attachments" value=""/>
            <property name="hostName" value="QualtopGroup - DESKTOP-JOAKIH6.cyamoda.com"/>
            <property name="os" value="Windows 10 64bit"/>
            <property name="katalonVersion" value="6.2.1.2"/>
            <property name="browser" value="Firefox 66.0"/>
            <property name="hostAddress" value="172.16.6.68"/>
            <property name="sessionId" value="cce37677-0382-4fc2-8184-7b52495d008f"/>
            <property name="seleniumVersion" value="3.141.59"/>
            <property name="proxyInformation" value="ProxyInformation{proxyOption=NO_PROXY, proxyServerType=HTTP, password=, proxyServerAddress=, proxyServerPort=0}"/>
            <property name="platform" value="Windows 10"/>
        </properties>
        <testcase name="Test Cases/SET_UP_BROWSER/launch_browser" classname="Test Cases/SET_UP_BROWSER/launch_browser" status="PASSED">
            <system-out>2019-07-12 16:38:08 - [TEST_CASE][PASSED] - Test Cases/SET_UP_BROWSER/launch_browser: Test Cases/SET_UP_BROWSER/launch_browser&#xD;
&#xD;
2019-07-12 16:38:09 - [TEST_STEP][PASSED] - openBrowser(BASE_URL): Browser is opened with url: 'https://www.liverpool.com.mx/tienda/home.jsp'&#xD;
&#xD;
2019-07-12 16:38:10 - [MESSAGE][INFO] - Starting 'Firefox' driver&#xD;
&#xD;
2019-07-12 16:38:10 - [MESSAGE][INFO] - Action delay is set to 0 seconds&#xD;
&#xD;
2019-07-12 16:38:23 - [MESSAGE][PASSED] - Browser is opened with url: 'https://www.liverpool.com.mx/tienda/home.jsp'&#xD;
&#xD;
2019-07-12 16:38:23 - [TEST_STEP][PASSED] - maximizeWindow(): Current window maximized&#xD;
&#xD;
2019-07-12 16:38:23 - [MESSAGE][PASSED] - Current window maximized&#xD;
&#xD;
2019-07-12 16:38:23 - [TEST_STEP][PASSED] - Start listener action : sampleAfterTestCase: null&#xD;
&#xD;
2019-07-12 16:38:23 - [TEST_STEP][PASSED] - if (testCaseContext.getTestCaseStatus() == "Failed"): null</system-out>
            <system-err></system-err>
        </testcase>
        <testcase name="Test Cases/SIGN_UP/email_format" classname="Test Cases/SIGN_UP/email_format" status="PASSED">
            <system-out>2019-07-12 16:38:23 - [TEST_CASE][PASSED] - Test Cases/SIGN_UP/email_format: Test Cases/SIGN_UP/email_format&#xD;
&#xD;
2019-07-12 16:38:25 - [TEST_STEP][PASSED] - callTestCase(findTestCase("SIGN_UP/access_sign_up"), [:], STOP_ON_FAILURE): Call Test Case 'Test Cases/SIGN_UP/access_sign_up' successfully&#xD;
&#xD;
2019-07-12 16:38:25 - [TEST_CASE][PASSED] - Test Cases/SIGN_UP/access_sign_up: Test Cases/SIGN_UP/access_sign_up&#xD;
&#xD;
2019-07-12 16:38:26 - [TEST_STEP][PASSED] - callTestCase(findTestCase("LOG_IN/access_log_in"), [:], STOP_ON_FAILURE): Call Test Case 'Test Cases/LOG_IN/access_log_in' successfully&#xD;
&#xD;
2019-07-12 16:38:26 - [TEST_CASE][PASSED] - Test Cases/LOG_IN/access_log_in: Test Cases/LOG_IN/access_log_in&#xD;
&#xD;
2019-07-12 16:38:27 - [TEST_STEP][PASSED] - verifyElementClickable(findTestObject("HOME_PAGE/Header/button_login")): Object 'Object Repository/HOME_PAGE/Header/button_login' is clickable&#xD;
&#xD;
2019-07-12 16:38:27 - [MESSAGE][PASSED] - Object 'Object Repository/HOME_PAGE/Header/button_login' is clickable&#xD;
&#xD;
2019-07-12 16:38:27 - [TEST_STEP][PASSED] - click(findTestObject("HOME_PAGE/Header/button_login")): Object: 'Object Repository/HOME_PAGE/Header/button_login' is clicked on&#xD;
&#xD;
2019-07-12 16:38:28 - [MESSAGE][PASSED] - Object: 'Object Repository/HOME_PAGE/Header/button_login' is clicked on&#xD;
&#xD;
2019-07-12 16:38:28 - [TEST_STEP][PASSED] - waitForElementVisible(findTestObject("LOG_IN/iframe_log-in"), 3): Object 'Object Repository/LOG_IN/iframe_log-in' is visible&#xD;
&#xD;
2019-07-12 16:38:28 - [MESSAGE][PASSED] - Object 'Object Repository/LOG_IN/iframe_log-in' is visible&#xD;
&#xD;
2019-07-12 16:38:28 - [MESSAGE][PASSED] - Call Test Case 'Test Cases/LOG_IN/access_log_in' successfully&#xD;
&#xD;
2019-07-12 16:38:28 - [TEST_STEP][PASSED] - click(findTestObject("LOG_IN/button_sign-up")): Object: 'Object Repository/LOG_IN/button_sign-up' is clicked on&#xD;
&#xD;
2019-07-12 16:38:29 - [MESSAGE][PASSED] - Object: 'Object Repository/LOG_IN/button_sign-up' is clicked on&#xD;
&#xD;
2019-07-12 16:38:29 - [TEST_STEP][PASSED] - verifyElementVisible(findTestObject("GLOBAL/title_h1", ["txtTitle":"Beneficios de Registrarse"])): Object 'Object Repository/GLOBAL/title_h1' is visible&#xD;
&#xD;
2019-07-12 16:38:31 - [MESSAGE][PASSED] - Object 'Object Repository/GLOBAL/title_h1' is visible&#xD;
&#xD;
2019-07-12 16:38:31 - [MESSAGE][PASSED] - Call Test Case 'Test Cases/SIGN_UP/access_sign_up' successfully&#xD;
&#xD;
2019-07-12 16:38:31 - [TEST_STEP][PASSED] - verifyElementClickable(findTestObject("SIGN_UP/button_accept")): Object 'Object Repository/SIGN_UP/button_accept' is clickable&#xD;
&#xD;
2019-07-12 16:38:31 - [MESSAGE][PASSED] - Object 'Object Repository/SIGN_UP/button_accept' is clickable&#xD;
&#xD;
2019-07-12 16:38:31 - [TEST_STEP][PASSED] - setText(findTestObject("SIGN_UP/input_email"), "iart6yopmail.com"): Text 'iart6yopmail.com' is set on object 'Object Repository/SIGN_UP/input_email'&#xD;
&#xD;
2019-07-12 16:38:32 - [MESSAGE][PASSED] - Text 'iart6yopmail.com' is set on object 'Object Repository/SIGN_UP/input_email'&#xD;
&#xD;
2019-07-12 16:38:32 - [TEST_STEP][PASSED] - click(findTestObject("SIGN_UP/button_accept")): Object: 'Object Repository/SIGN_UP/button_accept' is clicked on&#xD;
&#xD;
2019-07-12 16:38:33 - [MESSAGE][PASSED] - Object: 'Object Repository/SIGN_UP/button_accept' is clicked on&#xD;
&#xD;
2019-07-12 16:38:33 - [TEST_STEP][PASSED] - verifyMatch(xpath("//label[@class="error"]")).getText(), "Ingresa un email válido", false): Actual text 'Ingresa un email válido' and expected text 'Ingresa un email válido' are matched &#xD;
&#xD;
2019-07-12 16:38:34 - [MESSAGE][PASSED] - Actual text 'Ingresa un email válido' and expected text 'Ingresa un email válido' are matched &#xD;
&#xD;
2019-07-12 16:38:34 - [TEST_STEP][PASSED] - Start listener action : sampleAfterTestCase: null&#xD;
&#xD;
2019-07-12 16:38:34 - [TEST_STEP][PASSED] - if (testCaseContext.getTestCaseStatus() == "Failed"): null</system-out>
            <system-err></system-err>
        </testcase>
        <testcase name="Test Cases/SIGN_UP/empty_form" classname="Test Cases/SIGN_UP/empty_form" status="PASSED">
            <system-out>2019-07-12 16:38:34 - [TEST_CASE][PASSED] - Test Cases/SIGN_UP/empty_form: Test Cases/SIGN_UP/empty_form&#xD;
&#xD;
2019-07-12 16:38:35 - [TEST_STEP][PASSED] - callTestCase(findTestCase("SIGN_UP/access_sign_up"), [:], STOP_ON_FAILURE): Call Test Case 'Test Cases/SIGN_UP/access_sign_up' successfully&#xD;
&#xD;
2019-07-12 16:38:35 - [TEST_CASE][PASSED] - Test Cases/SIGN_UP/access_sign_up: Test Cases/SIGN_UP/access_sign_up&#xD;
&#xD;
2019-07-12 16:38:35 - [TEST_STEP][PASSED] - callTestCase(findTestCase("LOG_IN/access_log_in"), [:], STOP_ON_FAILURE): Call Test Case 'Test Cases/LOG_IN/access_log_in' successfully&#xD;
&#xD;
2019-07-12 16:38:36 - [TEST_CASE][PASSED] - Test Cases/LOG_IN/access_log_in: Test Cases/LOG_IN/access_log_in&#xD;
&#xD;
2019-07-12 16:38:36 - [TEST_STEP][PASSED] - verifyElementClickable(findTestObject("HOME_PAGE/Header/button_login")): Object 'Object Repository/HOME_PAGE/Header/button_login' is clickable&#xD;
&#xD;
2019-07-12 16:38:36 - [MESSAGE][PASSED] - Object 'Object Repository/HOME_PAGE/Header/button_login' is clickable&#xD;
&#xD;
2019-07-12 16:38:36 - [TEST_STEP][PASSED] - click(findTestObject("HOME_PAGE/Header/button_login")): Object: 'Object Repository/HOME_PAGE/Header/button_login' is clicked on&#xD;
&#xD;
2019-07-12 16:38:36 - [MESSAGE][PASSED] - Object: 'Object Repository/HOME_PAGE/Header/button_login' is clicked on&#xD;
&#xD;
2019-07-12 16:38:36 - [TEST_STEP][PASSED] - waitForElementVisible(findTestObject("LOG_IN/iframe_log-in"), 3): Object 'Object Repository/LOG_IN/iframe_log-in' is visible&#xD;
&#xD;
2019-07-12 16:38:36 - [MESSAGE][PASSED] - Object 'Object Repository/LOG_IN/iframe_log-in' is visible&#xD;
&#xD;
2019-07-12 16:38:36 - [MESSAGE][PASSED] - Call Test Case 'Test Cases/LOG_IN/access_log_in' successfully&#xD;
&#xD;
2019-07-12 16:38:36 - [TEST_STEP][PASSED] - click(findTestObject("LOG_IN/button_sign-up")): Object: 'Object Repository/LOG_IN/button_sign-up' is clicked on&#xD;
&#xD;
2019-07-12 16:38:38 - [MESSAGE][PASSED] - Object: 'Object Repository/LOG_IN/button_sign-up' is clicked on&#xD;
&#xD;
2019-07-12 16:38:38 - [TEST_STEP][PASSED] - verifyElementVisible(findTestObject("GLOBAL/title_h1", ["txtTitle":"Beneficios de Registrarse"])): Object 'Object Repository/GLOBAL/title_h1' is visible&#xD;
&#xD;
2019-07-12 16:38:39 - [MESSAGE][PASSED] - Object 'Object Repository/GLOBAL/title_h1' is visible&#xD;
&#xD;
2019-07-12 16:38:39 - [MESSAGE][PASSED] - Call Test Case 'Test Cases/SIGN_UP/access_sign_up' successfully&#xD;
&#xD;
2019-07-12 16:38:39 - [TEST_STEP][PASSED] - verifyElementClickable(findTestObject("SIGN_UP/button_accept")): Object 'Object Repository/SIGN_UP/button_accept' is clickable&#xD;
&#xD;
2019-07-12 16:38:39 - [MESSAGE][PASSED] - Object 'Object Repository/SIGN_UP/button_accept' is clickable&#xD;
&#xD;
2019-07-12 16:38:39 - [TEST_STEP][PASSED] - click(findTestObject("SIGN_UP/button_accept")): Object: 'Object Repository/SIGN_UP/button_accept' is clicked on&#xD;
&#xD;
2019-07-12 16:38:40 - [MESSAGE][PASSED] - Object: 'Object Repository/SIGN_UP/button_accept' is clicked on&#xD;
&#xD;
2019-07-12 16:38:40 - [TEST_STEP][PASSED] - for (def e : getWebDriver().findElements(By.xpath("//label[@class="error"]"))): null&#xD;
&#xD;
2019-07-12 16:38:40 - [TEST_STEP][PASSED] - actualReqFields.add(e.getText()): null&#xD;
&#xD;
2019-07-12 16:38:40 - [TEST_STEP][PASSED] - actualReqFields.add(e.getText()): null&#xD;
&#xD;
2019-07-12 16:38:40 - [TEST_STEP][PASSED] - actualReqFields.add(e.getText()): null&#xD;
&#xD;
2019-07-12 16:38:40 - [TEST_STEP][PASSED] - actualReqFields.add(e.getText()): null&#xD;
&#xD;
2019-07-12 16:38:40 - [TEST_STEP][PASSED] - actualReqFields.add(e.getText()): null&#xD;
&#xD;
2019-07-12 16:38:40 - [TEST_STEP][PASSED] - actualReqFields.add(e.getText()): null&#xD;
&#xD;
2019-07-12 16:38:40 - [TEST_STEP][PASSED] - actualReqFields.add(e.getText()): null&#xD;
&#xD;
2019-07-12 16:38:40 - [TEST_STEP][PASSED] - actualReqFields.add(e.getText()): null&#xD;
&#xD;
2019-07-12 16:38:40 - [TEST_STEP][PASSED] - actualReqFields.add(e.getText()): null&#xD;
&#xD;
2019-07-12 16:38:40 - [TEST_STEP][PASSED] - for ([x = 0, x &lt;= requiredFields.size() - 1, (x++)]): 

 ¡¡ Si se encontro: Introduce tu correo electrónico !! 

&#xD;
&#xD;
2019-07-12 16:38:40 - [TEST_STEP][PASSED] - if (actualReqFields.contains(requiredFields.get(x))): 

 ¡¡ Si se encontro: Introduce tu nombre !! 

&#xD;
&#xD;
2019-07-12 16:38:40 - [TEST_STEP][PASSED] - logInfo("

 ¡¡ Si se encontro: " + get(x).toString() + " !! 

"): 

 ¡¡ Si se encontro: Introduce tu nombre !! 

&#xD;
&#xD;
2019-07-12 16:38:40 - [MESSAGE][INFO] - 

 ¡¡ Si se encontro: Introduce tu nombre !! 

&#xD;
&#xD;
2019-07-12 16:38:40 - [TEST_STEP][PASSED] - if (actualReqFields.contains(requiredFields.get(x))): 

 ¡¡ Si se encontro: Por favor introduzca el apellido paterno !! 

&#xD;
&#xD;
2019-07-12 16:38:40 - [TEST_STEP][PASSED] - logInfo("

 ¡¡ Si se encontro: " + get(x).toString() + " !! 

"): 

 ¡¡ Si se encontro: Por favor introduzca el apellido paterno !! 

&#xD;
&#xD;
2019-07-12 16:38:40 - [MESSAGE][INFO] - 

 ¡¡ Si se encontro: Por favor introduzca el apellido paterno !! 

&#xD;
&#xD;
2019-07-12 16:38:40 - [TEST_STEP][PASSED] - if (actualReqFields.contains(requiredFields.get(x))): 

 ¡¡ Si se encontro: El dia es requerido !! 

&#xD;
&#xD;
2019-07-12 16:38:40 - [TEST_STEP][PASSED] - logInfo("

 ¡¡ Si se encontro: " + get(x).toString() + " !! 

"): 

 ¡¡ Si se encontro: El dia es requerido !! 

&#xD;
&#xD;
2019-07-12 16:38:40 - [MESSAGE][INFO] - 

 ¡¡ Si se encontro: El dia es requerido !! 

&#xD;
&#xD;
2019-07-12 16:38:40 - [TEST_STEP][PASSED] - if (actualReqFields.contains(requiredFields.get(x))): 

 ¡¡ Si se encontro: El mes es requerido !! 

&#xD;
&#xD;
2019-07-12 16:38:40 - [TEST_STEP][PASSED] - logInfo("

 ¡¡ Si se encontro: " + get(x).toString() + " !! 

"): 

 ¡¡ Si se encontro: El mes es requerido !! 

&#xD;
&#xD;
2019-07-12 16:38:40 - [MESSAGE][INFO] - 

 ¡¡ Si se encontro: El mes es requerido !! 

&#xD;
&#xD;
2019-07-12 16:38:40 - [TEST_STEP][PASSED] - if (actualReqFields.contains(requiredFields.get(x))): 

 ¡¡ Si se encontro: El año es requerido !! 

&#xD;
&#xD;
2019-07-12 16:38:40 - [TEST_STEP][PASSED] - logInfo("

 ¡¡ Si se encontro: " + get(x).toString() + " !! 

"): 

 ¡¡ Si se encontro: El año es requerido !! 

&#xD;
&#xD;
2019-07-12 16:38:40 - [MESSAGE][INFO] - 

 ¡¡ Si se encontro: El año es requerido !! 

&#xD;
&#xD;
2019-07-12 16:38:40 - [TEST_STEP][PASSED] - if (actualReqFields.contains(requiredFields.get(x))): 

 ¡¡ Si se encontro: Por favor selecciona el Sexo. !! 

&#xD;
&#xD;
2019-07-12 16:38:40 - [TEST_STEP][PASSED] - logInfo("

 ¡¡ Si se encontro: " + get(x).toString() + " !! 

"): 

 ¡¡ Si se encontro: Por favor selecciona el Sexo. !! 

&#xD;
&#xD;
2019-07-12 16:38:40 - [MESSAGE][INFO] - 

 ¡¡ Si se encontro: Por favor selecciona el Sexo. !! 

&#xD;
&#xD;
2019-07-12 16:38:40 - [TEST_STEP][PASSED] - if (actualReqFields.contains(requiredFields.get(x))): 

 ¡¡ Si se encontro: Introduce tu Apellido Materno. !! 

&#xD;
&#xD;
2019-07-12 16:38:40 - [TEST_STEP][PASSED] - logInfo("

 ¡¡ Si se encontro: " + get(x).toString() + " !! 

"): 

 ¡¡ Si se encontro: Introduce tu Apellido Materno. !! 

&#xD;
&#xD;
2019-07-12 16:38:40 - [MESSAGE][INFO] - 

 ¡¡ Si se encontro: Introduce tu Apellido Materno. !! 

&#xD;
&#xD;
2019-07-12 16:38:40 - [TEST_STEP][PASSED] - if (actualReqFields.contains(requiredFields.get(x))): 

 ¡¡ Si se encontro: Introduce tu contraseña !! 

&#xD;
&#xD;
2019-07-12 16:38:40 - [TEST_STEP][PASSED] - logInfo("

 ¡¡ Si se encontro: " + get(x).toString() + " !! 

"): 

 ¡¡ Si se encontro: Introduce tu contraseña !! 

&#xD;
&#xD;
2019-07-12 16:38:40 - [MESSAGE][INFO] - 

 ¡¡ Si se encontro: Introduce tu contraseña !! 

&#xD;
&#xD;
2019-07-12 16:38:40 - [TEST_STEP][PASSED] - if (actualReqFields.contains(requiredFields.get(x))): 

 ¡¡ Si se encontro: Introduce tu correo electrónico !! 

&#xD;
&#xD;
2019-07-12 16:38:40 - [TEST_STEP][PASSED] - logInfo("

 ¡¡ Si se encontro: " + get(x).toString() + " !! 

"): 

 ¡¡ Si se encontro: Introduce tu correo electrónico !! 

&#xD;
&#xD;
2019-07-12 16:38:40 - [MESSAGE][INFO] - 

 ¡¡ Si se encontro: Introduce tu correo electrónico !! 

&#xD;
&#xD;
2019-07-12 16:38:40 - [TEST_STEP][PASSED] - verifyEqual(flagFail, false): Actual object 'false' and expected object 'false' are equal&#xD;
&#xD;
2019-07-12 16:38:40 - [MESSAGE][PASSED] - Actual object 'false' and expected object 'false' are equal&#xD;
&#xD;
2019-07-12 16:38:40 - [TEST_STEP][PASSED] - Start listener action : sampleAfterTestCase: null&#xD;
&#xD;
2019-07-12 16:38:40 - [TEST_STEP][PASSED] - if (testCaseContext.getTestCaseStatus() == "Failed"): null</system-out>
            <system-err></system-err>
        </testcase>
        <testcase name="Test Cases/SIGN_UP/registered_user" classname="Test Cases/SIGN_UP/registered_user" status="ERROR">
            <error type="ERROR" message="Test Cases/SIGN_UP/registered_user FAILED.&#xA;Reason:&#xA;groovy.lang.MissingMethodException: No signature of method: static com.kms.katalon.core.webui.keyword.WebUiBuiltInKeywords.sendKeys() is applicable for argument types: (com.kms.katalon.core.testobject.TestObject) values: [TestObject - 'Object Repository/SIGN_UP/txt_alert-error']&#xA;Possible solutions: sendKeys(com.kms.katalon.core.testobject.TestObject, java.lang.String), sendKeys(com.kms.katalon.core.testobject.TestObject, java.lang.String, com.kms.katalon.core.model.FailureHandling)&#xD;&#xA;&#x9;at registered_user.run(registered_user:48)&#xD;&#xA;&#x9;at com.kms.katalon.core.main.ScriptEngine.run(ScriptEngine.java:194)&#xD;&#xA;&#x9;at com.kms.katalon.core.main.ScriptEngine.runScriptAsRawText(ScriptEngine.java:119)&#xD;&#xA;&#x9;at com.kms.katalon.core.main.TestCaseExecutor.runScript(TestCaseExecutor.java:337)&#xD;&#xA;&#x9;at com.kms.katalon.core.main.TestCaseExecutor.doExecute(TestCaseExecutor.java:328)&#xD;&#xA;&#x9;at com.kms.katalon.core.main.TestCaseExecutor.processExecutionPhase(TestCaseExecutor.java:307)&#xD;&#xA;&#x9;at com.kms.katalon.core.main.TestCaseExecutor.accessMainPhase(TestCaseExecutor.java:299)&#xD;&#xA;&#x9;at com.kms.katalon.core.main.TestCaseExecutor.execute(TestCaseExecutor.java:233)&#xD;&#xA;&#x9;at com.kms.katalon.core.main.TestSuiteExecutor.accessTestCaseMainPhase(TestSuiteExecutor.java:133)&#xD;&#xA;&#x9;at com.kms.katalon.core.main.TestSuiteExecutor.accessTestSuiteMainPhase(TestSuiteExecutor.java:116)&#xD;&#xA;&#x9;at com.kms.katalon.core.main.TestSuiteExecutor.execute(TestSuiteExecutor.java:83)&#xD;&#xA;&#x9;at com.kms.katalon.core.main.TestCaseMain.startTestSuite(TestCaseMain.java:157)&#xD;&#xA;&#x9;at com.kms.katalon.core.main.TestCaseMain$startTestSuite$0.call(Unknown Source)&#xD;&#xA;&#x9;at TempTestSuite1562967483435.run(TempTestSuite1562967483435.groovy:35)&#xD;&#xA;"/>
            <system-out>2019-07-12 16:38:40 - [TEST_CASE][ERROR] - Test Cases/SIGN_UP/registered_user: Test Cases/SIGN_UP/registered_user FAILED.
Reason:
groovy.lang.MissingMethodException: No signature of method: static com.kms.katalon.core.webui.keyword.WebUiBuiltInKeywords.sendKeys() is applicable for argument types: (com.kms.katalon.core.testobject.TestObject) values: [TestObject - 'Object Repository/SIGN_UP/txt_alert-error']
Possible solutions: sendKeys(com.kms.katalon.core.testobject.TestObject, java.lang.String), sendKeys(com.kms.katalon.core.testobject.TestObject, java.lang.String, com.kms.katalon.core.model.FailureHandling)&#xD;
	at registered_user.run(registered_user:48)&#xD;
	at com.kms.katalon.core.main.ScriptEngine.run(ScriptEngine.java:194)&#xD;
	at com.kms.katalon.core.main.ScriptEngine.runScriptAsRawText(ScriptEngine.java:119)&#xD;
	at com.kms.katalon.core.main.TestCaseExecutor.runScript(TestCaseExecutor.java:337)&#xD;
	at com.kms.katalon.core.main.TestCaseExecutor.doExecute(TestCaseExecutor.java:328)&#xD;
	at com.kms.katalon.core.main.TestCaseExecutor.processExecutionPhase(TestCaseExecutor.java:307)&#xD;
	at com.kms.katalon.core.main.TestCaseExecutor.accessMainPhase(TestCaseExecutor.java:299)&#xD;
	at com.kms.katalon.core.main.TestCaseExecutor.execute(TestCaseExecutor.java:233)&#xD;
	at com.kms.katalon.core.main.TestSuiteExecutor.accessTestCaseMainPhase(TestSuiteExecutor.java:133)&#xD;
	at com.kms.katalon.core.main.TestSuiteExecutor.accessTestSuiteMainPhase(TestSuiteExecutor.java:116)&#xD;
	at com.kms.katalon.core.main.TestSuiteExecutor.execute(TestSuiteExecutor.java:83)&#xD;
	at com.kms.katalon.core.main.TestCaseMain.startTestSuite(TestCaseMain.java:157)&#xD;
	at com.kms.katalon.core.main.TestCaseMain$startTestSuite$0.call(Unknown Source)&#xD;
	at TempTestSuite1562967483435.run(TempTestSuite1562967483435.groovy:35)&#xD;
&#xD;
&#xD;
2019-07-12 16:38:42 - [TEST_STEP][PASSED] - callTestCase(findTestCase("SIGN_UP/access_sign_up"), [:], STOP_ON_FAILURE): Call Test Case 'Test Cases/SIGN_UP/access_sign_up' successfully&#xD;
&#xD;
2019-07-12 16:38:42 - [TEST_CASE][PASSED] - Test Cases/SIGN_UP/access_sign_up: Test Cases/SIGN_UP/access_sign_up&#xD;
&#xD;
2019-07-12 16:38:42 - [TEST_STEP][PASSED] - callTestCase(findTestCase("LOG_IN/access_log_in"), [:], STOP_ON_FAILURE): Call Test Case 'Test Cases/LOG_IN/access_log_in' successfully&#xD;
&#xD;
2019-07-12 16:38:42 - [TEST_CASE][PASSED] - Test Cases/LOG_IN/access_log_in: Test Cases/LOG_IN/access_log_in&#xD;
&#xD;
2019-07-12 16:38:42 - [TEST_STEP][PASSED] - verifyElementClickable(findTestObject("HOME_PAGE/Header/button_login")): Object 'Object Repository/HOME_PAGE/Header/button_login' is clickable&#xD;
&#xD;
2019-07-12 16:38:42 - [MESSAGE][PASSED] - Object 'Object Repository/HOME_PAGE/Header/button_login' is clickable&#xD;
&#xD;
2019-07-12 16:38:42 - [TEST_STEP][PASSED] - click(findTestObject("HOME_PAGE/Header/button_login")): Object: 'Object Repository/HOME_PAGE/Header/button_login' is clicked on&#xD;
&#xD;
2019-07-12 16:38:42 - [MESSAGE][PASSED] - Object: 'Object Repository/HOME_PAGE/Header/button_login' is clicked on&#xD;
&#xD;
2019-07-12 16:38:42 - [TEST_STEP][PASSED] - waitForElementVisible(findTestObject("LOG_IN/iframe_log-in"), 3): Object 'Object Repository/LOG_IN/iframe_log-in' is visible&#xD;
&#xD;
2019-07-12 16:38:43 - [MESSAGE][PASSED] - Object 'Object Repository/LOG_IN/iframe_log-in' is visible&#xD;
&#xD;
2019-07-12 16:38:43 - [MESSAGE][PASSED] - Call Test Case 'Test Cases/LOG_IN/access_log_in' successfully&#xD;
&#xD;
2019-07-12 16:38:43 - [TEST_STEP][PASSED] - click(findTestObject("LOG_IN/button_sign-up")): Object: 'Object Repository/LOG_IN/button_sign-up' is clicked on&#xD;
&#xD;
2019-07-12 16:38:44 - [MESSAGE][PASSED] - Object: 'Object Repository/LOG_IN/button_sign-up' is clicked on&#xD;
&#xD;
2019-07-12 16:38:44 - [TEST_STEP][PASSED] - verifyElementVisible(findTestObject("GLOBAL/title_h1", ["txtTitle":"Beneficios de Registrarse"])): Object 'Object Repository/GLOBAL/title_h1' is visible&#xD;
&#xD;
2019-07-12 16:38:46 - [MESSAGE][PASSED] - Object 'Object Repository/GLOBAL/title_h1' is visible&#xD;
&#xD;
2019-07-12 16:38:46 - [MESSAGE][PASSED] - Call Test Case 'Test Cases/SIGN_UP/access_sign_up' successfully&#xD;
&#xD;
2019-07-12 16:38:46 - [TEST_STEP][PASSED] - verifyElementClickable(findTestObject("SIGN_UP/button_accept")): Object 'Object Repository/SIGN_UP/button_accept' is clickable&#xD;
&#xD;
2019-07-12 16:38:46 - [MESSAGE][PASSED] - Object 'Object Repository/SIGN_UP/button_accept' is clickable&#xD;
&#xD;
2019-07-12 16:38:46 - [TEST_STEP][PASSED] - setText(findTestObject("SIGN_UP/input_email"), "iart60910@yopmail.com"): Text 'iart60910@yopmail.com' is set on object 'Object Repository/SIGN_UP/input_email'&#xD;
&#xD;
2019-07-12 16:38:47 - [MESSAGE][PASSED] - Text 'iart60910@yopmail.com' is set on object 'Object Repository/SIGN_UP/input_email'&#xD;
&#xD;
2019-07-12 16:38:47 - [TEST_STEP][PASSED] - setEncryptedText(findTestObject("SIGN_UP/input_password"), "cNkTP62zox2sjTkN4QiJDw=="): Text ****** has been set on object 'Object Repository/SIGN_UP/input_password'&#xD;
&#xD;
2019-07-12 16:38:47 - [MESSAGE][PASSED] - Text ****** has been set on object 'Object Repository/SIGN_UP/input_password'&#xD;
&#xD;
2019-07-12 16:38:47 - [TEST_STEP][PASSED] - setText(findTestObject("SIGN_UP/input_name"), "IAN"): Text 'IAN' is set on object 'Object Repository/SIGN_UP/input_name'&#xD;
&#xD;
2019-07-12 16:38:47 - [MESSAGE][PASSED] - Text 'IAN' is set on object 'Object Repository/SIGN_UP/input_name'&#xD;
&#xD;
2019-07-12 16:38:47 - [TEST_STEP][PASSED] - setText(findTestObject("SIGN_UP/input_last-name"), "ROMERO"): Text 'ROMERO' is set on object 'Object Repository/SIGN_UP/input_last-name'&#xD;
&#xD;
2019-07-12 16:38:48 - [MESSAGE][PASSED] - Text 'ROMERO' is set on object 'Object Repository/SIGN_UP/input_last-name'&#xD;
&#xD;
2019-07-12 16:38:48 - [TEST_STEP][PASSED] - setText(findTestObject("SIGN_UP/input_second-last-name"), "TORRES"): Text 'TORRES' is set on object 'Object Repository/SIGN_UP/input_second-last-name'&#xD;
&#xD;
2019-07-12 16:38:48 - [MESSAGE][PASSED] - Text 'TORRES' is set on object 'Object Repository/SIGN_UP/input_second-last-name'&#xD;
&#xD;
2019-07-12 16:38:48 - [TEST_STEP][PASSED] - selectOptionByLabel(findTestObject("SIGN_UP/select_day"), "27", false): All options with label '27' are selected in object 'Object Repository/SIGN_UP/select_day' &#xD;
&#xD;
2019-07-12 16:38:49 - [MESSAGE][PASSED] - All options with label '27' are selected in object 'Object Repository/SIGN_UP/select_day' &#xD;
&#xD;
2019-07-12 16:38:49 - [TEST_STEP][PASSED] - selectOptionByValue(findTestObject("SIGN_UP/select_month"), "6", false): All options with value '6' are selected in object 'Object Repository/SIGN_UP/select_month' &#xD;
&#xD;
2019-07-12 16:38:49 - [MESSAGE][PASSED] - All options with value '6' are selected in object 'Object Repository/SIGN_UP/select_month' &#xD;
&#xD;
2019-07-12 16:38:49 - [TEST_STEP][PASSED] - selectOptionByLabel(findTestObject("SIGN_UP/select_year"), "1998", false): All options with label '1998' are selected in object 'Object Repository/SIGN_UP/select_year' &#xD;
&#xD;
2019-07-12 16:38:50 - [MESSAGE][PASSED] - All options with label '1998' are selected in object 'Object Repository/SIGN_UP/select_year' &#xD;
&#xD;
2019-07-12 16:38:50 - [TEST_STEP][PASSED] - click(findTestObject("SIGN_UP/radio_male")): Object: 'Object Repository/SIGN_UP/radio_male' is clicked on&#xD;
&#xD;
2019-07-12 16:38:50 - [MESSAGE][PASSED] - Object: 'Object Repository/SIGN_UP/radio_male' is clicked on&#xD;
&#xD;
2019-07-12 16:38:50 - [TEST_STEP][PASSED] - click(findTestObject("SIGN_UP/button_accept")): Object: 'Object Repository/SIGN_UP/button_accept' is clicked on&#xD;
&#xD;
2019-07-12 16:38:53 - [MESSAGE][PASSED] - Object: 'Object Repository/SIGN_UP/button_accept' is clicked on&#xD;
&#xD;
2019-07-12 16:38:53 - [TEST_STEP][PASSED] - verifyElementText(findTestObject("SIGN_UP/txt_alert-error"), "Esta dirección de Correo Electrónico ya ha sido registrada previamente. Por favor anota una diferente."): Actual text and expected text of test object 'Object Repository/SIGN_UP/txt_alert-error' are matched.&#xD;
&#xD;
2019-07-12 16:38:53 - [MESSAGE][PASSED] - Actual text and expected text of test object 'Object Repository/SIGN_UP/txt_alert-error' are matched.&#xD;
&#xD;
2019-07-12 16:38:53 - [TEST_STEP][PASSED] - sendKeys(findTestObject("SIGN_UP/txt_alert-error")): null&#xD;
&#xD;
2019-07-12 16:38:53 - [TEST_STEP][PASSED] - Start listener action : sampleAfterTestCase: null&#xD;
&#xD;
2019-07-12 16:38:53 - [TEST_STEP][PASSED] - if (testCaseContext.getTestCaseStatus() == "Failed"): null</system-out>
            <system-err>2019-07-12 16:38:40 - [TEST_CASE][ERROR] - Test Cases/SIGN_UP/registered_user: Test Cases/SIGN_UP/registered_user FAILED.
Reason:
groovy.lang.MissingMethodException: No signature of method: static com.kms.katalon.core.webui.keyword.WebUiBuiltInKeywords.sendKeys() is applicable for argument types: (com.kms.katalon.core.testobject.TestObject) values: [TestObject - 'Object Repository/SIGN_UP/txt_alert-error']
Possible solutions: sendKeys(com.kms.katalon.core.testobject.TestObject, java.lang.String), sendKeys(com.kms.katalon.core.testobject.TestObject, java.lang.String, com.kms.katalon.core.model.FailureHandling)&#xD;
	at registered_user.run(registered_user:48)&#xD;
	at com.kms.katalon.core.main.ScriptEngine.run(ScriptEngine.java:194)&#xD;
	at com.kms.katalon.core.main.ScriptEngine.runScriptAsRawText(ScriptEngine.java:119)&#xD;
	at com.kms.katalon.core.main.TestCaseExecutor.runScript(TestCaseExecutor.java:337)&#xD;
	at com.kms.katalon.core.main.TestCaseExecutor.doExecute(TestCaseExecutor.java:328)&#xD;
	at com.kms.katalon.core.main.TestCaseExecutor.processExecutionPhase(TestCaseExecutor.java:307)&#xD;
	at com.kms.katalon.core.main.TestCaseExecutor.accessMainPhase(TestCaseExecutor.java:299)&#xD;
	at com.kms.katalon.core.main.TestCaseExecutor.execute(TestCaseExecutor.java:233)&#xD;
	at com.kms.katalon.core.main.TestSuiteExecutor.accessTestCaseMainPhase(TestSuiteExecutor.java:133)&#xD;
	at com.kms.katalon.core.main.TestSuiteExecutor.accessTestSuiteMainPhase(TestSuiteExecutor.java:116)&#xD;
	at com.kms.katalon.core.main.TestSuiteExecutor.execute(TestSuiteExecutor.java:83)&#xD;
	at com.kms.katalon.core.main.TestCaseMain.startTestSuite(TestCaseMain.java:157)&#xD;
	at com.kms.katalon.core.main.TestCaseMain$startTestSuite$0.call(Unknown Source)&#xD;
	at TempTestSuite1562967483435.run(TempTestSuite1562967483435.groovy:35)</system-err>
        </testcase>
        <testcase name="Test Cases/SET_UP_BROWSER/close_browser" classname="Test Cases/SET_UP_BROWSER/close_browser" status="PASSED">
            <system-out>2019-07-12 16:38:53 - [TEST_CASE][PASSED] - Test Cases/SET_UP_BROWSER/close_browser: Test Cases/SET_UP_BROWSER/close_browser&#xD;
&#xD;
2019-07-12 16:38:54 - [TEST_STEP][PASSED] - closeBrowser(): Browser is closed&#xD;
&#xD;
2019-07-12 16:38:58 - [MESSAGE][PASSED] - Browser is closed&#xD;
&#xD;
2019-07-12 16:38:58 - [TEST_STEP][PASSED] - Start listener action : sampleAfterTestCase: null&#xD;
&#xD;
2019-07-12 16:38:58 - [TEST_STEP][PASSED] - if (testCaseContext.getTestCaseStatus() == "Failed"): null</system-out>
            <system-err></system-err>
        </testcase>
        <system-out>2019-07-12 16:38:08 - [TEST_SUITE][INCOMPLETE] - ValidationsForm: null</system-out>
        <system-err>2019-07-12 16:38:08 - [TEST_SUITE][INCOMPLETE] - ValidationsForm: null</system-err>
    </testsuite>
</testsuites>
