<?xml version="1.0" encoding="UTF-8" standalone="yes"?>
<testsuites name="Successful_registration" time="32" tests="4" failures="1" errors="0">
    <testsuite name="Successful_registration" tests="4" failures="1" errors="0" time="32" timestamp="2019-07-11 20:46:11" hostname="QualtopGroup - DESKTOP-JOAKIH6" id="Test Suites/SIGN_UP/Successful_registration">
        <properties>
            <property name="deviceName" value=""/>
            <property name="devicePlatform" value=""/>
            <property name="logFolder" value="C:\\Users\\QualtopGroup\\Katalon Studio\\QSSAT_Web_Liverpool\\Reports\\20190711_204607\\SIGN_UP\\Successful_registration\\20190711_204607"/>
            <property name="logFiles" value="C:\\Users\\QualtopGroup\\Katalon Studio\\QSSAT_Web_Liverpool\\Reports\\20190711_204607\\SIGN_UP\\Successful_registration\\20190711_204607\\execution0.log"/>
            <property name="attachments" value=""/>
            <property name="hostName" value="QualtopGroup - DESKTOP-JOAKIH6"/>
            <property name="os" value="Windows 10 64bit"/>
            <property name="katalonVersion" value="6.3.0.1"/>
            <property name="browser" value="Firefox 66.0"/>
            <property name="hostAddress" value="192.168.56.1"/>
            <property name="sessionId" value="df909265-acbb-4522-a592-07ed92bc050f"/>
            <property name="seleniumVersion" value="3.141.59"/>
            <property name="proxyInformation" value="ProxyInformation{proxyOption=NO_PROXY, proxyServerType=HTTP, password=, proxyServerAddress=, proxyServerPort=0}"/>
            <property name="platform" value="Windows 10"/>
        </properties>
        <testcase name="Test Cases/SET_UP_BROWSER/launch_browser" classname="Test Cases/SET_UP_BROWSER/launch_browser" status="PASSED">
            <system-out>2019-07-11 20:46:13 - [TEST_CASE][PASSED] - Test Cases/SET_UP_BROWSER/launch_browser: Test Cases/SET_UP_BROWSER/launch_browser&#xD;
&#xD;
2019-07-11 20:46:14 - [TEST_STEP][PASSED] - openBrowser(BASE_URL): Browser is opened with url: 'https://www.liverpool.com.mx/tienda/home.jsp'&#xD;
&#xD;
2019-07-11 20:46:16 - [MESSAGE][INFO] - Starting 'Firefox' driver&#xD;
&#xD;
2019-07-11 20:46:16 - [MESSAGE][INFO] - Action delay is set to 0 seconds&#xD;
&#xD;
2019-07-11 20:46:29 - [MESSAGE][PASSED] - Browser is opened with url: 'https://www.liverpool.com.mx/tienda/home.jsp'&#xD;
&#xD;
2019-07-11 20:46:29 - [TEST_STEP][PASSED] - maximizeWindow(): Current window maximized&#xD;
&#xD;
2019-07-11 20:46:30 - [MESSAGE][PASSED] - Current window maximized</system-out>
            <system-err></system-err>
        </testcase>
        <testcase name="Test Cases/LOG_IN/access_log_in" classname="Test Cases/LOG_IN/access_log_in" status="PASSED">
            <system-out>2019-07-11 20:46:30 - [TEST_CASE][PASSED] - Test Cases/LOG_IN/access_log_in: Test Cases/LOG_IN/access_log_in&#xD;
&#xD;
2019-07-11 20:46:32 - [TEST_STEP][PASSED] - click(findTestObject("HOME_PAGE/Header/button_login")): Object: 'Object Repository/HOME_PAGE/Header/button_login' is clicked on&#xD;
&#xD;
2019-07-11 20:46:33 - [MESSAGE][PASSED] - Object: 'Object Repository/HOME_PAGE/Header/button_login' is clicked on&#xD;
&#xD;
2019-07-11 20:46:33 - [TEST_STEP][PASSED] - waitForElementVisible(findTestObject("LOG_IN/iframe_log-in"), 3): Object 'Object Repository/LOG_IN/iframe_log-in' is visible&#xD;
&#xD;
2019-07-11 20:46:34 - [MESSAGE][PASSED] - Object 'Object Repository/LOG_IN/iframe_log-in' is visible</system-out>
            <system-err></system-err>
        </testcase>
        <testcase name="Test Cases/SIGN_UP/access_sign_up" classname="Test Cases/SIGN_UP/access_sign_up" status="PASSED">
            <system-out>2019-07-11 20:46:34 - [TEST_CASE][PASSED] - Test Cases/SIGN_UP/access_sign_up: Test Cases/SIGN_UP/access_sign_up&#xD;
&#xD;
2019-07-11 20:46:34 - [TEST_STEP][PASSED] - click(findTestObject("LOG_IN/button_sign-up")): Object: 'Object Repository/LOG_IN/button_sign-up' is clicked on&#xD;
&#xD;
2019-07-11 20:46:35 - [MESSAGE][PASSED] - Object: 'Object Repository/LOG_IN/button_sign-up' is clicked on&#xD;
&#xD;
2019-07-11 20:46:35 - [TEST_STEP][PASSED] - verifyElementVisible(findTestObject("GLOBAL/title_h1", ["txtTitle":"Beneficios de Registrarse"])): Object 'Object Repository/GLOBAL/title_h1' is visible&#xD;
&#xD;
2019-07-11 20:46:36 - [MESSAGE][PASSED] - Object 'Object Repository/GLOBAL/title_h1' is visible</system-out>
            <system-err></system-err>
        </testcase>
        <testcase name="Test Cases/SIGN_UP/registered_user" classname="Test Cases/SIGN_UP/registered_user" status="FAILED">
            <failure type="FAILED" message="Test Cases/SIGN_UP/registered_user FAILED.&#xA;Reason:&#xA;com.kms.katalon.core.exception.StepFailedException: Actual object 'true' and expected object 'false' are not equal&#xD;&#xA;&#x9;at com.kms.katalon.core.keyword.builtin.VerifyEqualKeyword$_verifyEqual_closure1.doCall(VerifyEqualKeyword.groovy:58)&#xD;&#xA;&#x9;at com.kms.katalon.core.keyword.builtin.VerifyEqualKeyword$_verifyEqual_closure1.call(VerifyEqualKeyword.groovy)&#xD;&#xA;&#x9;at com.kms.katalon.core.keyword.internal.KeywordMain.runKeyword(KeywordMain.groovy:68)&#xD;&#xA;&#x9;at com.kms.katalon.core.keyword.builtin.VerifyEqualKeyword.verifyEqual(VerifyEqualKeyword.groovy:63)&#xD;&#xA;&#x9;at com.kms.katalon.core.keyword.builtin.VerifyEqualKeyword.execute(VerifyEqualKeyword.groovy:44)&#xD;&#xA;&#x9;at com.kms.katalon.core.keyword.internal.KeywordExecutor.executeKeywordForPlatform(KeywordExecutor.groovy:56)&#xD;&#xA;&#x9;at com.kms.katalon.core.keyword.BuiltinKeywords.verifyEqual(BuiltinKeywords.groovy:141)&#xD;&#xA;&#x9;at registered_user.run(registered_user:59)&#xD;&#xA;&#x9;at com.kms.katalon.core.main.ScriptEngine.run(ScriptEngine.java:194)&#xD;&#xA;&#x9;at com.kms.katalon.core.main.ScriptEngine.runScriptAsRawText(ScriptEngine.java:119)&#xD;&#xA;&#x9;at com.kms.katalon.core.main.TestCaseExecutor.runScript(TestCaseExecutor.java:337)&#xD;&#xA;&#x9;at com.kms.katalon.core.main.TestCaseExecutor.doExecute(TestCaseExecutor.java:328)&#xD;&#xA;&#x9;at com.kms.katalon.core.main.TestCaseExecutor.processExecutionPhase(TestCaseExecutor.java:307)&#xD;&#xA;&#x9;at com.kms.katalon.core.main.TestCaseExecutor.accessMainPhase(TestCaseExecutor.java:299)&#xD;&#xA;&#x9;at com.kms.katalon.core.main.TestCaseExecutor.execute(TestCaseExecutor.java:233)&#xD;&#xA;&#x9;at com.kms.katalon.core.main.TestSuiteExecutor.accessTestCaseMainPhase(TestSuiteExecutor.java:142)&#xD;&#xA;&#x9;at com.kms.katalon.core.main.TestSuiteExecutor.accessTestSuiteMainPhase(TestSuiteExecutor.java:118)&#xD;&#xA;&#x9;at com.kms.katalon.core.main.TestSuiteExecutor.execute(TestSuiteExecutor.java:85)&#xD;&#xA;&#x9;at com.kms.katalon.core.main.TestCaseMain.startTestSuite(TestCaseMain.java:157)&#xD;&#xA;&#x9;at com.kms.katalon.core.main.TestCaseMain$startTestSuite$0.call(Unknown Source)&#xD;&#xA;&#x9;at TempTestSuite1562895967479.run(TempTestSuite1562895967479.groovy:35)&#xD;&#xA;"/>
            <system-out>2019-07-11 20:46:36 - [TEST_CASE][FAILED] - Test Cases/SIGN_UP/registered_user: Test Cases/SIGN_UP/registered_user FAILED.
Reason:
com.kms.katalon.core.exception.StepFailedException: Actual object 'true' and expected object 'false' are not equal&#xD;
	at com.kms.katalon.core.keyword.builtin.VerifyEqualKeyword$_verifyEqual_closure1.doCall(VerifyEqualKeyword.groovy:58)&#xD;
	at com.kms.katalon.core.keyword.builtin.VerifyEqualKeyword$_verifyEqual_closure1.call(VerifyEqualKeyword.groovy)&#xD;
	at com.kms.katalon.core.keyword.internal.KeywordMain.runKeyword(KeywordMain.groovy:68)&#xD;
	at com.kms.katalon.core.keyword.builtin.VerifyEqualKeyword.verifyEqual(VerifyEqualKeyword.groovy:63)&#xD;
	at com.kms.katalon.core.keyword.builtin.VerifyEqualKeyword.execute(VerifyEqualKeyword.groovy:44)&#xD;
	at com.kms.katalon.core.keyword.internal.KeywordExecutor.executeKeywordForPlatform(KeywordExecutor.groovy:56)&#xD;
	at com.kms.katalon.core.keyword.BuiltinKeywords.verifyEqual(BuiltinKeywords.groovy:141)&#xD;
	at registered_user.run(registered_user:59)&#xD;
	at com.kms.katalon.core.main.ScriptEngine.run(ScriptEngine.java:194)&#xD;
	at com.kms.katalon.core.main.ScriptEngine.runScriptAsRawText(ScriptEngine.java:119)&#xD;
	at com.kms.katalon.core.main.TestCaseExecutor.runScript(TestCaseExecutor.java:337)&#xD;
	at com.kms.katalon.core.main.TestCaseExecutor.doExecute(TestCaseExecutor.java:328)&#xD;
	at com.kms.katalon.core.main.TestCaseExecutor.processExecutionPhase(TestCaseExecutor.java:307)&#xD;
	at com.kms.katalon.core.main.TestCaseExecutor.accessMainPhase(TestCaseExecutor.java:299)&#xD;
	at com.kms.katalon.core.main.TestCaseExecutor.execute(TestCaseExecutor.java:233)&#xD;
	at com.kms.katalon.core.main.TestSuiteExecutor.accessTestCaseMainPhase(TestSuiteExecutor.java:142)&#xD;
	at com.kms.katalon.core.main.TestSuiteExecutor.accessTestSuiteMainPhase(TestSuiteExecutor.java:118)&#xD;
	at com.kms.katalon.core.main.TestSuiteExecutor.execute(TestSuiteExecutor.java:85)&#xD;
	at com.kms.katalon.core.main.TestCaseMain.startTestSuite(TestCaseMain.java:157)&#xD;
	at com.kms.katalon.core.main.TestCaseMain$startTestSuite$0.call(Unknown Source)&#xD;
	at TempTestSuite1562895967479.run(TempTestSuite1562895967479.groovy:35)&#xD;
&#xD;
&#xD;
2019-07-11 20:46:37 - [TEST_STEP][PASSED] - verifyElementClickable(findTestObject("SIGN_UP/button_accept")): Object 'Object Repository/SIGN_UP/button_accept' is clickable&#xD;
&#xD;
2019-07-11 20:46:37 - [MESSAGE][PASSED] - Object 'Object Repository/SIGN_UP/button_accept' is clickable&#xD;
&#xD;
2019-07-11 20:46:37 - [TEST_STEP][PASSED] - click(findTestObject("SIGN_UP/button_accept")): Object: 'Object Repository/SIGN_UP/button_accept' is clicked on&#xD;
&#xD;
2019-07-11 20:46:38 - [MESSAGE][PASSED] - Object: 'Object Repository/SIGN_UP/button_accept' is clicked on&#xD;
&#xD;
2019-07-11 20:46:38 - [TEST_STEP][PASSED] - for (def e : getWebDriver().findElements(By.xpath("//label[@class="error"]"))): null&#xD;
&#xD;
2019-07-11 20:46:38 - [TEST_STEP][PASSED] - actualReqFields.add(e.getText()): null&#xD;
&#xD;
2019-07-11 20:46:38 - [TEST_STEP][PASSED] - actualReqFields.add(e.getText()): null&#xD;
&#xD;
2019-07-11 20:46:38 - [TEST_STEP][PASSED] - actualReqFields.add(e.getText()): null&#xD;
&#xD;
2019-07-11 20:46:38 - [TEST_STEP][PASSED] - actualReqFields.add(e.getText()): null&#xD;
&#xD;
2019-07-11 20:46:38 - [TEST_STEP][PASSED] - actualReqFields.add(e.getText()): null&#xD;
&#xD;
2019-07-11 20:46:38 - [TEST_STEP][PASSED] - actualReqFields.add(e.getText()): null&#xD;
&#xD;
2019-07-11 20:46:38 - [TEST_STEP][PASSED] - actualReqFields.add(e.getText()): null&#xD;
&#xD;
2019-07-11 20:46:38 - [TEST_STEP][PASSED] - actualReqFields.add(e.getText()): null&#xD;
&#xD;
2019-07-11 20:46:38 - [TEST_STEP][PASSED] - actualReqFields.add(e.getText()): null&#xD;
&#xD;
2019-07-11 20:46:38 - [TEST_STEP][PASSED] - for ([x = 0, x &lt;= requiredFields.size() - 1, (x++)]): null&#xD;
&#xD;
2019-07-11 20:46:38 - [TEST_STEP][PASSED] - contains = actualReqFields.contains(requiredFields.get(x)): null&#xD;
&#xD;
2019-07-11 20:46:38 - [TEST_STEP][PASSED] - if (contains): null&#xD;
&#xD;
2019-07-11 20:46:38 - [TEST_STEP][PASSED] - logInfo("

 No se encontro: " + get(x).toString()): 

 No se encontro: Introduce tu correo electrónico&#xD;
&#xD;
2019-07-11 20:46:38 - [MESSAGE][INFO] - 

 No se encontro: Introduce tu correo electrónico&#xD;
&#xD;
2019-07-11 20:46:38 - [TEST_STEP][PASSED] - flagFail = true: null&#xD;
&#xD;
2019-07-11 20:46:38 - [TEST_STEP][PASSED] - contains = actualReqFields.contains(requiredFields.get(x)): null&#xD;
&#xD;
2019-07-11 20:46:38 - [TEST_STEP][PASSED] - if (contains): null&#xD;
&#xD;
2019-07-11 20:46:38 - [TEST_STEP][PASSED] - logInfo("

 No se encontro: " + get(x).toString()): 

 No se encontro: Introduce tu contraseña&#xD;
&#xD;
2019-07-11 20:46:38 - [MESSAGE][INFO] - 

 No se encontro: Introduce tu contraseña&#xD;
&#xD;
2019-07-11 20:46:38 - [TEST_STEP][PASSED] - flagFail = true: null&#xD;
&#xD;
2019-07-11 20:46:38 - [TEST_STEP][PASSED] - contains = actualReqFields.contains(requiredFields.get(x)): null&#xD;
&#xD;
2019-07-11 20:46:38 - [TEST_STEP][PASSED] - if (contains): null&#xD;
&#xD;
2019-07-11 20:46:38 - [TEST_STEP][PASSED] - logInfo("

 No se encontro: " + get(x).toString()): 

 No se encontro: Introduce tu nombre&#xD;
&#xD;
2019-07-11 20:46:38 - [MESSAGE][INFO] - 

 No se encontro: Introduce tu nombre&#xD;
&#xD;
2019-07-11 20:46:38 - [TEST_STEP][PASSED] - flagFail = true: null&#xD;
&#xD;
2019-07-11 20:46:38 - [TEST_STEP][PASSED] - contains = actualReqFields.contains(requiredFields.get(x)): null&#xD;
&#xD;
2019-07-11 20:46:38 - [TEST_STEP][PASSED] - if (contains): null&#xD;
&#xD;
2019-07-11 20:46:38 - [TEST_STEP][PASSED] - logInfo("

 No se encontro: " + get(x).toString()): 

 No se encontro: Por favor introduzca el apellido paterno&#xD;
&#xD;
2019-07-11 20:46:38 - [MESSAGE][INFO] - 

 No se encontro: Por favor introduzca el apellido paterno&#xD;
&#xD;
2019-07-11 20:46:38 - [TEST_STEP][PASSED] - flagFail = true: null&#xD;
&#xD;
2019-07-11 20:46:38 - [TEST_STEP][PASSED] - contains = actualReqFields.contains(requiredFields.get(x)): null&#xD;
&#xD;
2019-07-11 20:46:38 - [TEST_STEP][PASSED] - if (contains): null&#xD;
&#xD;
2019-07-11 20:46:38 - [TEST_STEP][PASSED] - logInfo("

 No se encontro: " + get(x).toString()): 

 No se encontro: Introduce tu Apellido Materno.&#xD;
&#xD;
2019-07-11 20:46:38 - [MESSAGE][INFO] - 

 No se encontro: Introduce tu Apellido Materno.&#xD;
&#xD;
2019-07-11 20:46:38 - [TEST_STEP][PASSED] - flagFail = true: null&#xD;
&#xD;
2019-07-11 20:46:38 - [TEST_STEP][PASSED] - contains = actualReqFields.contains(requiredFields.get(x)): null&#xD;
&#xD;
2019-07-11 20:46:38 - [TEST_STEP][PASSED] - if (contains): null&#xD;
&#xD;
2019-07-11 20:46:38 - [TEST_STEP][PASSED] - logInfo("

 No se encontro: " + get(x).toString()): 

 No se encontro: El dia es requerido&#xD;
&#xD;
2019-07-11 20:46:38 - [MESSAGE][INFO] - 

 No se encontro: El dia es requerido&#xD;
&#xD;
2019-07-11 20:46:38 - [TEST_STEP][PASSED] - flagFail = true: null&#xD;
&#xD;
2019-07-11 20:46:38 - [TEST_STEP][PASSED] - contains = actualReqFields.contains(requiredFields.get(x)): null&#xD;
&#xD;
2019-07-11 20:46:38 - [TEST_STEP][PASSED] - if (contains): null&#xD;
&#xD;
2019-07-11 20:46:38 - [TEST_STEP][PASSED] - logInfo("

 No se encontro: " + get(x).toString()): 

 No se encontro: El año es requerido&#xD;
&#xD;
2019-07-11 20:46:38 - [MESSAGE][INFO] - 

 No se encontro: El año es requerido&#xD;
&#xD;
2019-07-11 20:46:38 - [TEST_STEP][PASSED] - flagFail = true: null&#xD;
&#xD;
2019-07-11 20:46:38 - [TEST_STEP][PASSED] - contains = actualReqFields.contains(requiredFields.get(x)): null&#xD;
&#xD;
2019-07-11 20:46:38 - [TEST_STEP][PASSED] - if (contains): null&#xD;
&#xD;
2019-07-11 20:46:38 - [TEST_STEP][PASSED] - logInfo("

 No se encontro: " + get(x).toString()): 

 No se encontro: El mes es requerido&#xD;
&#xD;
2019-07-11 20:46:38 - [MESSAGE][INFO] - 

 No se encontro: El mes es requerido&#xD;
&#xD;
2019-07-11 20:46:38 - [TEST_STEP][PASSED] - flagFail = true: null&#xD;
&#xD;
2019-07-11 20:46:38 - [TEST_STEP][PASSED] - contains = actualReqFields.contains(requiredFields.get(x)): null&#xD;
&#xD;
2019-07-11 20:46:38 - [TEST_STEP][PASSED] - if (contains): null&#xD;
&#xD;
2019-07-11 20:46:38 - [TEST_STEP][PASSED] - logInfo("

 No se encontro: " + get(x).toString()): 

 No se encontro: Por favor selecciona el Sexo.&#xD;
&#xD;
2019-07-11 20:46:38 - [MESSAGE][INFO] - 

 No se encontro: Por favor selecciona el Sexo.&#xD;
&#xD;
2019-07-11 20:46:38 - [TEST_STEP][PASSED] - flagFail = true: null&#xD;
&#xD;
2019-07-11 20:46:38 - [TEST_STEP][FAILED] - verifyEqual(flagFail, false): Unable to verify equal between actual object 'true' and expected object 'false' (Root cause: com.kms.katalon.core.exception.StepFailedException: Actual object 'true' and expected object 'false' are not equal&#xD;
	at com.kms.katalon.core.keyword.builtin.VerifyEqualKeyword$_verifyEqual_closure1.doCall(VerifyEqualKeyword.groovy:58)&#xD;
	at com.kms.katalon.core.keyword.builtin.VerifyEqualKeyword$_verifyEqual_closure1.call(VerifyEqualKeyword.groovy)&#xD;
	at com.kms.katalon.core.keyword.internal.KeywordMain.runKeyword(KeywordMain.groovy:68)&#xD;
	at com.kms.katalon.core.keyword.builtin.VerifyEqualKeyword.verifyEqual(VerifyEqualKeyword.groovy:63)&#xD;
	at com.kms.katalon.core.keyword.builtin.VerifyEqualKeyword.execute(VerifyEqualKeyword.groovy:44)&#xD;
	at com.kms.katalon.core.keyword.internal.KeywordExecutor.executeKeywordForPlatform(KeywordExecutor.groovy:56)&#xD;
	at com.kms.katalon.core.keyword.BuiltinKeywords.verifyEqual(BuiltinKeywords.groovy:141)&#xD;
	at registered_user.run(registered_user:59)&#xD;
	at com.kms.katalon.core.main.ScriptEngine.run(ScriptEngine.java:194)&#xD;
	at com.kms.katalon.core.main.ScriptEngine.runScriptAsRawText(ScriptEngine.java:119)&#xD;
	at com.kms.katalon.core.main.TestCaseExecutor.runScript(TestCaseExecutor.java:337)&#xD;
	at com.kms.katalon.core.main.TestCaseExecutor.doExecute(TestCaseExecutor.java:328)&#xD;
	at com.kms.katalon.core.main.TestCaseExecutor.processExecutionPhase(TestCaseExecutor.java:307)&#xD;
	at com.kms.katalon.core.main.TestCaseExecutor.accessMainPhase(TestCaseExecutor.java:299)&#xD;
	at com.kms.katalon.core.main.TestCaseExecutor.execute(TestCaseExecutor.java:233)&#xD;
	at com.kms.katalon.core.main.TestSuiteExecutor.accessTestCaseMainPhase(TestSuiteExecutor.java:142)&#xD;
	at com.kms.katalon.core.main.TestSuiteExecutor.accessTestSuiteMainPhase(TestSuiteExecutor.java:118)&#xD;
	at com.kms.katalon.core.main.TestSuiteExecutor.execute(TestSuiteExecutor.java:85)&#xD;
	at com.kms.katalon.core.main.TestCaseMain.startTestSuite(TestCaseMain.java:157)&#xD;
	at com.kms.katalon.core.main.TestCaseMain$startTestSuite$0.call(Unknown Source)&#xD;
	at TempTestSuite1562895967479.run(TempTestSuite1562895967479.groovy:35)&#xD;
)&#xD;
&#xD;
2019-07-11 20:46:38 - [MESSAGE][FAILED] - Unable to verify equal between actual object 'true' and expected object 'false' (Root cause: com.kms.katalon.core.exception.StepFailedException: Actual object 'true' and expected object 'false' are not equal&#xD;
	at com.kms.katalon.core.keyword.builtin.VerifyEqualKeyword$_verifyEqual_closure1.doCall(VerifyEqualKeyword.groovy:58)&#xD;
	at com.kms.katalon.core.keyword.builtin.VerifyEqualKeyword$_verifyEqual_closure1.call(VerifyEqualKeyword.groovy)&#xD;
	at com.kms.katalon.core.keyword.internal.KeywordMain.runKeyword(KeywordMain.groovy:68)&#xD;
	at com.kms.katalon.core.keyword.builtin.VerifyEqualKeyword.verifyEqual(VerifyEqualKeyword.groovy:63)&#xD;
	at com.kms.katalon.core.keyword.builtin.VerifyEqualKeyword.execute(VerifyEqualKeyword.groovy:44)&#xD;
	at com.kms.katalon.core.keyword.internal.KeywordExecutor.executeKeywordForPlatform(KeywordExecutor.groovy:56)&#xD;
	at com.kms.katalon.core.keyword.BuiltinKeywords.verifyEqual(BuiltinKeywords.groovy:141)&#xD;
	at registered_user.run(registered_user:59)&#xD;
	at com.kms.katalon.core.main.ScriptEngine.run(ScriptEngine.java:194)&#xD;
	at com.kms.katalon.core.main.ScriptEngine.runScriptAsRawText(ScriptEngine.java:119)&#xD;
	at com.kms.katalon.core.main.TestCaseExecutor.runScript(TestCaseExecutor.java:337)&#xD;
	at com.kms.katalon.core.main.TestCaseExecutor.doExecute(TestCaseExecutor.java:328)&#xD;
	at com.kms.katalon.core.main.TestCaseExecutor.processExecutionPhase(TestCaseExecutor.java:307)&#xD;
	at com.kms.katalon.core.main.TestCaseExecutor.accessMainPhase(TestCaseExecutor.java:299)&#xD;
	at com.kms.katalon.core.main.TestCaseExecutor.execute(TestCaseExecutor.java:233)&#xD;
	at com.kms.katalon.core.main.TestSuiteExecutor.accessTestCaseMainPhase(TestSuiteExecutor.java:142)&#xD;
	at com.kms.katalon.core.main.TestSuiteExecutor.accessTestSuiteMainPhase(TestSuiteExecutor.java:118)&#xD;
	at com.kms.katalon.core.main.TestSuiteExecutor.execute(TestSuiteExecutor.java:85)&#xD;
	at com.kms.katalon.core.main.TestCaseMain.startTestSuite(TestCaseMain.java:157)&#xD;
	at com.kms.katalon.core.main.TestCaseMain$startTestSuite$0.call(Unknown Source)&#xD;
	at TempTestSuite1562895967479.run(TempTestSuite1562895967479.groovy:35)&#xD;
)</system-out>
            <system-err>2019-07-11 20:46:36 - [TEST_CASE][FAILED] - Test Cases/SIGN_UP/registered_user: Test Cases/SIGN_UP/registered_user FAILED.
Reason:
com.kms.katalon.core.exception.StepFailedException: Actual object 'true' and expected object 'false' are not equal&#xD;
	at com.kms.katalon.core.keyword.builtin.VerifyEqualKeyword$_verifyEqual_closure1.doCall(VerifyEqualKeyword.groovy:58)&#xD;
	at com.kms.katalon.core.keyword.builtin.VerifyEqualKeyword$_verifyEqual_closure1.call(VerifyEqualKeyword.groovy)&#xD;
	at com.kms.katalon.core.keyword.internal.KeywordMain.runKeyword(KeywordMain.groovy:68)&#xD;
	at com.kms.katalon.core.keyword.builtin.VerifyEqualKeyword.verifyEqual(VerifyEqualKeyword.groovy:63)&#xD;
	at com.kms.katalon.core.keyword.builtin.VerifyEqualKeyword.execute(VerifyEqualKeyword.groovy:44)&#xD;
	at com.kms.katalon.core.keyword.internal.KeywordExecutor.executeKeywordForPlatform(KeywordExecutor.groovy:56)&#xD;
	at com.kms.katalon.core.keyword.BuiltinKeywords.verifyEqual(BuiltinKeywords.groovy:141)&#xD;
	at registered_user.run(registered_user:59)&#xD;
	at com.kms.katalon.core.main.ScriptEngine.run(ScriptEngine.java:194)&#xD;
	at com.kms.katalon.core.main.ScriptEngine.runScriptAsRawText(ScriptEngine.java:119)&#xD;
	at com.kms.katalon.core.main.TestCaseExecutor.runScript(TestCaseExecutor.java:337)&#xD;
	at com.kms.katalon.core.main.TestCaseExecutor.doExecute(TestCaseExecutor.java:328)&#xD;
	at com.kms.katalon.core.main.TestCaseExecutor.processExecutionPhase(TestCaseExecutor.java:307)&#xD;
	at com.kms.katalon.core.main.TestCaseExecutor.accessMainPhase(TestCaseExecutor.java:299)&#xD;
	at com.kms.katalon.core.main.TestCaseExecutor.execute(TestCaseExecutor.java:233)&#xD;
	at com.kms.katalon.core.main.TestSuiteExecutor.accessTestCaseMainPhase(TestSuiteExecutor.java:142)&#xD;
	at com.kms.katalon.core.main.TestSuiteExecutor.accessTestSuiteMainPhase(TestSuiteExecutor.java:118)&#xD;
	at com.kms.katalon.core.main.TestSuiteExecutor.execute(TestSuiteExecutor.java:85)&#xD;
	at com.kms.katalon.core.main.TestCaseMain.startTestSuite(TestCaseMain.java:157)&#xD;
	at com.kms.katalon.core.main.TestCaseMain$startTestSuite$0.call(Unknown Source)&#xD;
	at TempTestSuite1562895967479.run(TempTestSuite1562895967479.groovy:35)</system-err>
        </testcase>
        <testcase name="Test Cases/SET_UP_BROWSER/close_browser" classname="Test Cases/SET_UP_BROWSER/close_browser" status="PASSED">
            <system-out>2019-07-11 20:46:38 - [TEST_CASE][PASSED] - Test Cases/SET_UP_BROWSER/close_browser: Test Cases/SET_UP_BROWSER/close_browser&#xD;
&#xD;
2019-07-11 20:46:39 - [TEST_STEP][PASSED] - closeBrowser(): Browser is closed&#xD;
&#xD;
2019-07-11 20:46:44 - [MESSAGE][PASSED] - Browser is closed</system-out>
            <system-err></system-err>
        </testcase>
        <system-out>2019-07-11 20:46:11 - [TEST_SUITE][INCOMPLETE] - Successful_registration: null</system-out>
        <system-err>2019-07-11 20:46:11 - [TEST_SUITE][INCOMPLETE] - Successful_registration: null</system-err>
    </testsuite>
</testsuites>
