<?xml version="1.0" encoding="UTF-8" standalone="yes"?>
<testsuites name="CreateMassiveShoppingList" time="133" tests="2" failures="0" errors="1">
    <testsuite name="CreateMassiveShoppingList" tests="2" failures="0" errors="1" time="133" timestamp="2019-07-12 20:49:26" hostname="QualtopGroup - DESKTOP-JOAKIH6.cyamoda.com" id="Test Suites/AUXILIARY_TEST_CASES/CreateMassiveShoppingList">
        <properties>
            <property name="deviceName" value=""/>
            <property name="devicePlatform" value=""/>
            <property name="logFolder" value="C:\\Users\\QualtopGroup\\Katalon Studio\\QSSAT_Web_Liverpool\\Reports\\AUXILIARY_TEST_CASES\\CreateMassiveShoppingList\\20190712_204921"/>
            <property name="logFiles" value="C:\\Users\\QualtopGroup\\Katalon Studio\\QSSAT_Web_Liverpool\\Reports\\AUXILIARY_TEST_CASES\\CreateMassiveShoppingList\\20190712_204921\\execution0.log"/>
            <property name="attachments" value=""/>
            <property name="hostName" value="QualtopGroup - DESKTOP-JOAKIH6.cyamoda.com"/>
            <property name="os" value="Windows 10 64bit"/>
            <property name="katalonVersion" value="6.2.1.2"/>
            <property name="browser" value="Firefox 66.0"/>
            <property name="hostAddress" value="172.16.6.68"/>
            <property name="sessionId" value="351c760b-b4d7-4f43-814f-c1104c9a70ed"/>
            <property name="seleniumVersion" value="3.141.59"/>
            <property name="proxyInformation" value="ProxyInformation{proxyOption=NO_PROXY, proxyServerType=HTTP, password=, proxyServerAddress=, proxyServerPort=0}"/>
            <property name="platform" value="Windows 10"/>
        </properties>
        <testcase name="Test Cases/SET_UP_BROWSER/launch_browser" classname="Test Cases/SET_UP_BROWSER/launch_browser" status="PASSED">
            <system-out>2019-07-12 20:49:27 - [TEST_CASE][PASSED] - Test Cases/SET_UP_BROWSER/launch_browser: Test Cases/SET_UP_BROWSER/launch_browser&#xD;
&#xD;
2019-07-12 20:49:28 - [TEST_STEP][PASSED] - openBrowser(BASE_URL): Browser is opened with url: 'https://www.liverpool.com.mx/tienda/home.jsp'&#xD;
&#xD;
2019-07-12 20:49:29 - [MESSAGE][INFO] - Starting 'Firefox' driver&#xD;
&#xD;
2019-07-12 20:49:29 - [MESSAGE][INFO] - Action delay is set to 0 seconds&#xD;
&#xD;
2019-07-12 20:49:44 - [MESSAGE][PASSED] - Browser is opened with url: 'https://www.liverpool.com.mx/tienda/home.jsp'&#xD;
&#xD;
2019-07-12 20:49:44 - [TEST_STEP][PASSED] - maximizeWindow(): Current window maximized&#xD;
&#xD;
2019-07-12 20:49:44 - [MESSAGE][PASSED] - Current window maximized</system-out>
            <system-err></system-err>
        </testcase>
        <testcase name="Test Cases/HOME_PAGE/access_section_products" classname="Test Cases/HOME_PAGE/access_section_products" status="PASSED">
            <system-out>2019-07-12 20:49:44 - [TEST_CASE][PASSED] - Test Cases/HOME_PAGE/access_section_products: Test Cases/HOME_PAGE/access_section_products&#xD;
&#xD;
2019-07-12 20:49:45 - [TEST_STEP][PASSED] - waitForElementVisible(findTestObject("HOME_PAGE/NavBar/ul-menu", ["nameMenu":"Departamentos"]), 3): Object 'Object Repository/HOME_PAGE/NavBar/ul-menu' is visible&#xD;
&#xD;
2019-07-12 20:49:45 - [MESSAGE][PASSED] - Object 'Object Repository/HOME_PAGE/NavBar/ul-menu' is visible&#xD;
&#xD;
2019-07-12 20:49:45 - [TEST_STEP][PASSED] - mouseOver(findTestObject("HOME_PAGE/NavBar/ul-menu", ["nameMenu":"Departamentos"])): Object: 'Object Repository/HOME_PAGE/NavBar/ul-menu' is hovered&#xD;
&#xD;
2019-07-12 20:49:46 - [MESSAGE][PASSED] - Object: 'Object Repository/HOME_PAGE/NavBar/ul-menu' is hovered&#xD;
&#xD;
2019-07-12 20:49:46 - [TEST_STEP][PASSED] - delay(1): Delayed 1 second(s)&#xD;
&#xD;
2019-07-12 20:49:47 - [MESSAGE][PASSED] - Delayed 1 second(s)&#xD;
&#xD;
2019-07-12 20:49:47 - [TEST_STEP][PASSED] - mouseOver(findTestObject("HOME_PAGE/NavBar/li_sub-menu", ["nameOption":"Videojuegos"])): Object: 'Object Repository/HOME_PAGE/NavBar/li_sub-menu' is hovered&#xD;
&#xD;
2019-07-12 20:49:47 - [MESSAGE][PASSED] - Object: 'Object Repository/HOME_PAGE/NavBar/li_sub-menu' is hovered&#xD;
&#xD;
2019-07-12 20:49:47 - [TEST_STEP][PASSED] - delay(1): Delayed 1 second(s)&#xD;
&#xD;
2019-07-12 20:49:48 - [MESSAGE][PASSED] - Delayed 1 second(s)&#xD;
&#xD;
2019-07-12 20:49:48 - [TEST_STEP][PASSED] - click(findTestObject("HOME_PAGE/NavBar/a_section", ["nameTitleSection":"Accesorios", "nameSection":"XBOX"])): Object: 'Object Repository/HOME_PAGE/NavBar/a_section' is clicked on&#xD;
&#xD;
2019-07-12 20:49:53 - [MESSAGE][PASSED] - Object: 'Object Repository/HOME_PAGE/NavBar/a_section' is clicked on&#xD;
&#xD;
2019-07-12 20:49:53 - [TEST_STEP][PASSED] - waitForElementVisible(findTestObject("PRODUCTS/CatalogProducts/span_total-products"), 3): Object 'Object Repository/PRODUCTS/CatalogProducts/span_total-products' is visible&#xD;
&#xD;
2019-07-12 20:49:53 - [MESSAGE][PASSED] - Object 'Object Repository/PRODUCTS/CatalogProducts/span_total-products' is visible</system-out>
            <system-err></system-err>
        </testcase>
        <testcase name="Test Cases/AUXILIARY_TEST_CASES/fill_excel_shopping_cart" classname="Test Cases/AUXILIARY_TEST_CASES/fill_excel_shopping_cart" status="ERROR">
            <error type="ERROR" message="Test Cases/AUXILIARY_TEST_CASES/fill_excel_shopping_cart FAILED.&#xA;Reason:&#xA;org.openqa.selenium.NoSuchElementException: Unable to locate element: //li[@class=&quot;product-cell&quot;]/a[@class=&quot;product-name&quot;]/span[2]&#xA;For documentation on this error, please visit: https://www.seleniumhq.org/exceptions/no_such_element.html&#xA;Build info: version: '3.141.59', revision: 'e82be7d358', time: '2018-11-14T08:25:53'&#xA;System info: host: 'DESKTOP-JOAKIH6', ip: '172.16.6.68', os.name: 'Windows 10', os.arch: 'amd64', os.version: '10.0', java.version: '1.8.0_181'&#xA;Driver info: com.kms.katalon.core.webui.driver.firefox.CGeckoDriver&#xA;Capabilities {acceptInsecureCerts: true, browserName: firefox, browserVersion: 66.0.2, javascriptEnabled: true, moz:accessibilityChecks: false, moz:geckodriverVersion: 0.24.0, moz:headless: false, moz:processID: 15460, moz:profile: C:\Users\QualtopGroup\AppDa..., moz:shutdownTimeout: 60000, moz:useNonSpecCompliantPointerOrigin: false, moz:webdriverClick: true, pageLoadStrategy: normal, platform: WINDOWS, platformName: WINDOWS, platformVersion: 10.0, proxy: Proxy(direct), rotatable: false, setWindowRect: true, strictFileInteractability: false, timeouts: {implicit: 0, pageLoad: 300000, script: 30000}, unhandledPromptBehavior: dismiss and notify}&#xA;Session ID: 351c760b-b4d7-4f43-814f-c1104c9a70ed&#xA;*** Element info: {Using=xpath, value=//li[@class=&quot;product-cell&quot;]/a[@class=&quot;product-name&quot;]/span[2]}&#xD;&#xA;&#x9;at org.openqa.selenium.remote.http.W3CHttpResponseCodec.createException(W3CHttpResponseCodec.java:187)&#xD;&#xA;&#x9;at org.openqa.selenium.remote.http.W3CHttpResponseCodec.decode(W3CHttpResponseCodec.java:122)&#xD;&#xA;&#x9;at org.openqa.selenium.remote.http.W3CHttpResponseCodec.decode(W3CHttpResponseCodec.java:49)&#xD;&#xA;&#x9;at org.openqa.selenium.remote.HttpCommandExecutor.execute(HttpCommandExecutor.java:158)&#xD;&#xA;&#x9;at org.openqa.selenium.remote.service.DriverCommandExecutor.execute(DriverCommandExecutor.java:83)&#xD;&#xA;&#x9;at org.openqa.selenium.remote.RemoteWebDriver.execute(RemoteWebDriver.java:552)&#xD;&#xA;&#x9;at com.kms.katalon.selenium.driver.CFirefoxDriver.execute(CFirefoxDriver.java:28)&#xD;&#xA;&#x9;at org.openqa.selenium.remote.RemoteWebDriver.findElement(RemoteWebDriver.java:323)&#xD;&#xA;&#x9;at org.openqa.selenium.remote.RemoteWebDriver.findElementByXPath(RemoteWebDriver.java:428)&#xD;&#xA;&#x9;at org.openqa.selenium.By$ByXPath.findElement(By.java:353)&#xD;&#xA;&#x9;at org.openqa.selenium.remote.RemoteWebDriver.findElement(RemoteWebDriver.java:315)&#xD;&#xA;&#x9;at org.openqa.selenium.WebDriver$findElement.call(Unknown Source)&#xD;&#xA;&#x9;at fill_excel_shopping_cart.run(fill_excel_shopping_cart:24)&#xD;&#xA;&#x9;at com.kms.katalon.core.main.ScriptEngine.run(ScriptEngine.java:194)&#xD;&#xA;&#x9;at com.kms.katalon.core.main.ScriptEngine.runScriptAsRawText(ScriptEngine.java:119)&#xD;&#xA;&#x9;at com.kms.katalon.core.main.TestCaseExecutor.runScript(TestCaseExecutor.java:337)&#xD;&#xA;&#x9;at com.kms.katalon.core.main.TestCaseExecutor.doExecute(TestCaseExecutor.java:328)&#xD;&#xA;&#x9;at com.kms.katalon.core.main.TestCaseExecutor.processExecutionPhase(TestCaseExecutor.java:307)&#xD;&#xA;&#x9;at com.kms.katalon.core.main.TestCaseExecutor.accessMainPhase(TestCaseExecutor.java:299)&#xD;&#xA;&#x9;at com.kms.katalon.core.main.TestCaseExecutor.execute(TestCaseExecutor.java:233)&#xD;&#xA;&#x9;at com.kms.katalon.core.main.TestSuiteExecutor.accessTestCaseMainPhase(TestSuiteExecutor.java:133)&#xD;&#xA;&#x9;at com.kms.katalon.core.main.TestSuiteExecutor.accessTestSuiteMainPhase(TestSuiteExecutor.java:116)&#xD;&#xA;&#x9;at com.kms.katalon.core.main.TestSuiteExecutor.execute(TestSuiteExecutor.java:83)&#xD;&#xA;&#x9;at com.kms.katalon.core.main.TestCaseMain.startTestSuite(TestCaseMain.java:157)&#xD;&#xA;&#x9;at com.kms.katalon.core.main.TestCaseMain$startTestSuite$0.call(Unknown Source)&#xD;&#xA;&#x9;at TempTestSuite1562982561589.run(TempTestSuite1562982561589.groovy:35)&#xD;&#xA;"/>
            <system-out>2019-07-12 20:49:53 - [TEST_CASE][ERROR] - Test Cases/AUXILIARY_TEST_CASES/fill_excel_shopping_cart: Test Cases/AUXILIARY_TEST_CASES/fill_excel_shopping_cart FAILED.
Reason:
org.openqa.selenium.NoSuchElementException: Unable to locate element: //li[@class="product-cell"]/a[@class="product-name"]/span[2]
For documentation on this error, please visit: https://www.seleniumhq.org/exceptions/no_such_element.html
Build info: version: '3.141.59', revision: 'e82be7d358', time: '2018-11-14T08:25:53'
System info: host: 'DESKTOP-JOAKIH6', ip: '172.16.6.68', os.name: 'Windows 10', os.arch: 'amd64', os.version: '10.0', java.version: '1.8.0_181'
Driver info: com.kms.katalon.core.webui.driver.firefox.CGeckoDriver
Capabilities {acceptInsecureCerts: true, browserName: firefox, browserVersion: 66.0.2, javascriptEnabled: true, moz:accessibilityChecks: false, moz:geckodriverVersion: 0.24.0, moz:headless: false, moz:processID: 15460, moz:profile: C:\Users\QualtopGroup\AppDa..., moz:shutdownTimeout: 60000, moz:useNonSpecCompliantPointerOrigin: false, moz:webdriverClick: true, pageLoadStrategy: normal, platform: WINDOWS, platformName: WINDOWS, platformVersion: 10.0, proxy: Proxy(direct), rotatable: false, setWindowRect: true, strictFileInteractability: false, timeouts: {implicit: 0, pageLoad: 300000, script: 30000}, unhandledPromptBehavior: dismiss and notify}
Session ID: 351c760b-b4d7-4f43-814f-c1104c9a70ed
*** Element info: {Using=xpath, value=//li[@class="product-cell"]/a[@class="product-name"]/span[2]}&#xD;
	at org.openqa.selenium.remote.http.W3CHttpResponseCodec.createException(W3CHttpResponseCodec.java:187)&#xD;
	at org.openqa.selenium.remote.http.W3CHttpResponseCodec.decode(W3CHttpResponseCodec.java:122)&#xD;
	at org.openqa.selenium.remote.http.W3CHttpResponseCodec.decode(W3CHttpResponseCodec.java:49)&#xD;
	at org.openqa.selenium.remote.HttpCommandExecutor.execute(HttpCommandExecutor.java:158)&#xD;
	at org.openqa.selenium.remote.service.DriverCommandExecutor.execute(DriverCommandExecutor.java:83)&#xD;
	at org.openqa.selenium.remote.RemoteWebDriver.execute(RemoteWebDriver.java:552)&#xD;
	at com.kms.katalon.selenium.driver.CFirefoxDriver.execute(CFirefoxDriver.java:28)&#xD;
	at org.openqa.selenium.remote.RemoteWebDriver.findElement(RemoteWebDriver.java:323)&#xD;
	at org.openqa.selenium.remote.RemoteWebDriver.findElementByXPath(RemoteWebDriver.java:428)&#xD;
	at org.openqa.selenium.By$ByXPath.findElement(By.java:353)&#xD;
	at org.openqa.selenium.remote.RemoteWebDriver.findElement(RemoteWebDriver.java:315)&#xD;
	at org.openqa.selenium.WebDriver$findElement.call(Unknown Source)&#xD;
	at fill_excel_shopping_cart.run(fill_excel_shopping_cart:24)&#xD;
	at com.kms.katalon.core.main.ScriptEngine.run(ScriptEngine.java:194)&#xD;
	at com.kms.katalon.core.main.ScriptEngine.runScriptAsRawText(ScriptEngine.java:119)&#xD;
	at com.kms.katalon.core.main.TestCaseExecutor.runScript(TestCaseExecutor.java:337)&#xD;
	at com.kms.katalon.core.main.TestCaseExecutor.doExecute(TestCaseExecutor.java:328)&#xD;
	at com.kms.katalon.core.main.TestCaseExecutor.processExecutionPhase(TestCaseExecutor.java:307)&#xD;
	at com.kms.katalon.core.main.TestCaseExecutor.accessMainPhase(TestCaseExecutor.java:299)&#xD;
	at com.kms.katalon.core.main.TestCaseExecutor.execute(TestCaseExecutor.java:233)&#xD;
	at com.kms.katalon.core.main.TestSuiteExecutor.accessTestCaseMainPhase(TestSuiteExecutor.java:133)&#xD;
	at com.kms.katalon.core.main.TestSuiteExecutor.accessTestSuiteMainPhase(TestSuiteExecutor.java:116)&#xD;
	at com.kms.katalon.core.main.TestSuiteExecutor.execute(TestSuiteExecutor.java:83)&#xD;
	at com.kms.katalon.core.main.TestCaseMain.startTestSuite(TestCaseMain.java:157)&#xD;
	at com.kms.katalon.core.main.TestCaseMain$startTestSuite$0.call(Unknown Source)&#xD;
	at TempTestSuite1562982561589.run(TempTestSuite1562982561589.groovy:35)&#xD;
&#xD;
&#xD;
2019-07-12 20:49:54 - [TEST_STEP][PASSED] - driver = getWebDriver(): null&#xD;
&#xD;
2019-07-12 20:49:54 - [TEST_STEP][PASSED] - listProducts = []: null&#xD;
&#xD;
2019-07-12 20:49:54 - [TEST_STEP][PASSED] - for ([i = 1, i &lt;= listProducts.size(), (i++)]): null&#xD;
&#xD;
2019-07-12 20:49:54 - [TEST_STEP][PASSED] - nameProduct = xpath("//li[@class="product-cell"]/a[@class="product-name"]/span[" + i + "]")).getText(): null&#xD;
&#xD;
2019-07-12 20:49:54 - [TEST_STEP][PASSED] - priceProduct = xpath("//div[@class="products-list"]//span[not(contains(@class , "price-state price-strike-special"))]/span[@class = "price-amount"][" + i + "]")).getText(): null&#xD;
&#xD;
2019-07-12 20:49:54 - [TEST_STEP][PASSED] - formatedPriceProd = ").toString(): null&#xD;
&#xD;
2019-07-12 20:49:54 - [TEST_STEP][PASSED] - listProducts[i][0] = nameProduct: null&#xD;
&#xD;
2019-07-12 20:51:21 - [TEST_STEP][PASSED] - listProducts[i][1] = formatedPriceProd: null&#xD;
&#xD;
2019-07-12 20:51:29 - [TEST_STEP][PASSED] - nameProduct = xpath("//li[@class="product-cell"]/a[@class="product-name"]/span[" + i + "]")).getText(): null</system-out>
            <system-err>2019-07-12 20:49:53 - [TEST_CASE][ERROR] - Test Cases/AUXILIARY_TEST_CASES/fill_excel_shopping_cart: Test Cases/AUXILIARY_TEST_CASES/fill_excel_shopping_cart FAILED.
Reason:
org.openqa.selenium.NoSuchElementException: Unable to locate element: //li[@class="product-cell"]/a[@class="product-name"]/span[2]
For documentation on this error, please visit: https://www.seleniumhq.org/exceptions/no_such_element.html
Build info: version: '3.141.59', revision: 'e82be7d358', time: '2018-11-14T08:25:53'
System info: host: 'DESKTOP-JOAKIH6', ip: '172.16.6.68', os.name: 'Windows 10', os.arch: 'amd64', os.version: '10.0', java.version: '1.8.0_181'
Driver info: com.kms.katalon.core.webui.driver.firefox.CGeckoDriver
Capabilities {acceptInsecureCerts: true, browserName: firefox, browserVersion: 66.0.2, javascriptEnabled: true, moz:accessibilityChecks: false, moz:geckodriverVersion: 0.24.0, moz:headless: false, moz:processID: 15460, moz:profile: C:\Users\QualtopGroup\AppDa..., moz:shutdownTimeout: 60000, moz:useNonSpecCompliantPointerOrigin: false, moz:webdriverClick: true, pageLoadStrategy: normal, platform: WINDOWS, platformName: WINDOWS, platformVersion: 10.0, proxy: Proxy(direct), rotatable: false, setWindowRect: true, strictFileInteractability: false, timeouts: {implicit: 0, pageLoad: 300000, script: 30000}, unhandledPromptBehavior: dismiss and notify}
Session ID: 351c760b-b4d7-4f43-814f-c1104c9a70ed
*** Element info: {Using=xpath, value=//li[@class="product-cell"]/a[@class="product-name"]/span[2]}&#xD;
	at org.openqa.selenium.remote.http.W3CHttpResponseCodec.createException(W3CHttpResponseCodec.java:187)&#xD;
	at org.openqa.selenium.remote.http.W3CHttpResponseCodec.decode(W3CHttpResponseCodec.java:122)&#xD;
	at org.openqa.selenium.remote.http.W3CHttpResponseCodec.decode(W3CHttpResponseCodec.java:49)&#xD;
	at org.openqa.selenium.remote.HttpCommandExecutor.execute(HttpCommandExecutor.java:158)&#xD;
	at org.openqa.selenium.remote.service.DriverCommandExecutor.execute(DriverCommandExecutor.java:83)&#xD;
	at org.openqa.selenium.remote.RemoteWebDriver.execute(RemoteWebDriver.java:552)&#xD;
	at com.kms.katalon.selenium.driver.CFirefoxDriver.execute(CFirefoxDriver.java:28)&#xD;
	at org.openqa.selenium.remote.RemoteWebDriver.findElement(RemoteWebDriver.java:323)&#xD;
	at org.openqa.selenium.remote.RemoteWebDriver.findElementByXPath(RemoteWebDriver.java:428)&#xD;
	at org.openqa.selenium.By$ByXPath.findElement(By.java:353)&#xD;
	at org.openqa.selenium.remote.RemoteWebDriver.findElement(RemoteWebDriver.java:315)&#xD;
	at org.openqa.selenium.WebDriver$findElement.call(Unknown Source)&#xD;
	at fill_excel_shopping_cart.run(fill_excel_shopping_cart:24)&#xD;
	at com.kms.katalon.core.main.ScriptEngine.run(ScriptEngine.java:194)&#xD;
	at com.kms.katalon.core.main.ScriptEngine.runScriptAsRawText(ScriptEngine.java:119)&#xD;
	at com.kms.katalon.core.main.TestCaseExecutor.runScript(TestCaseExecutor.java:337)&#xD;
	at com.kms.katalon.core.main.TestCaseExecutor.doExecute(TestCaseExecutor.java:328)&#xD;
	at com.kms.katalon.core.main.TestCaseExecutor.processExecutionPhase(TestCaseExecutor.java:307)&#xD;
	at com.kms.katalon.core.main.TestCaseExecutor.accessMainPhase(TestCaseExecutor.java:299)&#xD;
	at com.kms.katalon.core.main.TestCaseExecutor.execute(TestCaseExecutor.java:233)&#xD;
	at com.kms.katalon.core.main.TestSuiteExecutor.accessTestCaseMainPhase(TestSuiteExecutor.java:133)&#xD;
	at com.kms.katalon.core.main.TestSuiteExecutor.accessTestSuiteMainPhase(TestSuiteExecutor.java:116)&#xD;
	at com.kms.katalon.core.main.TestSuiteExecutor.execute(TestSuiteExecutor.java:83)&#xD;
	at com.kms.katalon.core.main.TestCaseMain.startTestSuite(TestCaseMain.java:157)&#xD;
	at com.kms.katalon.core.main.TestCaseMain$startTestSuite$0.call(Unknown Source)&#xD;
	at TempTestSuite1562982561589.run(TempTestSuite1562982561589.groovy:35)</system-err>
        </testcase>
        <system-out>2019-07-12 20:49:26 - [TEST_SUITE][INCOMPLETE] - CreateMassiveShoppingList: null</system-out>
        <system-err>2019-07-12 20:49:26 - [TEST_SUITE][INCOMPLETE] - CreateMassiveShoppingList: null</system-err>
    </testsuite>
</testsuites>
