<?xml version="1.0" encoding="UTF-8" standalone="yes"?>
<testsuites name="AddMassiveProductsToCart" time="127" tests="11" failures="0" errors="0">
    <testsuite name="AddMassiveProductsToCart" tests="11" failures="0" errors="0" time="127" timestamp="2019-07-13 00:21:42" hostname="QualtopGroup - DESKTOP-JOAKIH6" id="Test Suites/AUXILIARY_TEST_CASES/AddMassiveProductsToCart">
        <properties>
            <property name="deviceName" value=""/>
            <property name="devicePlatform" value=""/>
            <property name="logFolder" value="C:\\Users\\QualtopGroup\\Katalon Studio\\QSSAT_Web_Liverpool\\Reports\\AUXILIARY_TEST_CASES\\AddMassiveProductsToCart\\20190713_002134"/>
            <property name="logFiles" value="C:\\Users\\QualtopGroup\\Katalon Studio\\QSSAT_Web_Liverpool\\Reports\\AUXILIARY_TEST_CASES\\AddMassiveProductsToCart\\20190713_002134\\execution0.log"/>
            <property name="attachments" value=""/>
            <property name="hostName" value="QualtopGroup - DESKTOP-JOAKIH6"/>
            <property name="os" value="Windows 10 64bit"/>
            <property name="katalonVersion" value="6.2.1.2"/>
            <property name="browser" value="Firefox 66.0"/>
            <property name="hostAddress" value="192.168.56.1"/>
            <property name="sessionId" value="ef38a42f-dc16-4972-9af1-5c86533fee89"/>
            <property name="seleniumVersion" value="3.141.59"/>
            <property name="proxyInformation" value="ProxyInformation{proxyOption=NO_PROXY, proxyServerType=HTTP, password=, proxyServerAddress=, proxyServerPort=0}"/>
            <property name="platform" value="Windows 10"/>
        </properties>
        <testcase name="Test Cases/SET_UP_BROWSER/launch_browser" classname="Test Cases/SET_UP_BROWSER/launch_browser" status="PASSED">
            <system-out>2019-07-13 00:21:43 - [TEST_CASE][PASSED] - Test Cases/SET_UP_BROWSER/launch_browser: Test Cases/SET_UP_BROWSER/launch_browser&#xD;
&#xD;
2019-07-13 00:21:44 - [TEST_STEP][PASSED] - openBrowser(BASE_URL): Browser is opened with url: 'https://www.liverpool.com.mx/tienda/home.jsp'&#xD;
&#xD;
2019-07-13 00:21:44 - [MESSAGE][INFO] - Starting 'Firefox' driver&#xD;
&#xD;
2019-07-13 00:21:45 - [MESSAGE][INFO] - Action delay is set to 0 seconds&#xD;
&#xD;
2019-07-13 00:22:00 - [MESSAGE][PASSED] - Browser is opened with url: 'https://www.liverpool.com.mx/tienda/home.jsp'&#xD;
&#xD;
2019-07-13 00:22:00 - [TEST_STEP][PASSED] - maximizeWindow(): Current window maximized&#xD;
&#xD;
2019-07-13 00:22:00 - [MESSAGE][PASSED] - Current window maximized</system-out>
            <system-err></system-err>
        </testcase>
        <testcase name="Test Cases/AUXILIARY_TEST_CASES/add_massive_product_to_cart" classname="Test Cases/AUXILIARY_TEST_CASES/add_massive_product_to_cart" status="PASSED">
            <system-out>2019-07-13 00:22:00 - [TEST_CASE][PASSED] - Test Cases/AUXILIARY_TEST_CASES/add_massive_product_to_cart: Test Cases/AUXILIARY_TEST_CASES/add_massive_product_to_cart&#xD;
&#xD;
2019-07-13 00:22:01 - [TEST_STEP][PASSED] - callTestCase(findTestCase("HOME_PAGE/search_product"), ["nameProduct":nameProduct], STOP_ON_FAILURE): Call Test Case 'Test Cases/HOME_PAGE/search_product' successfully&#xD;
&#xD;
2019-07-13 00:22:01 - [TEST_CASE][PASSED] - Test Cases/HOME_PAGE/search_product: Test Cases/HOME_PAGE/search_product&#xD;
&#xD;
2019-07-13 00:22:02 - [TEST_STEP][PASSED] - waitForElementClickable(findTestObject("HOME_PAGE/Header/input_search"), 3): Object 'Object Repository/HOME_PAGE/Header/input_search' is clickable&#xD;
&#xD;
2019-07-13 00:22:02 - [MESSAGE][PASSED] - Object 'Object Repository/HOME_PAGE/Header/input_search' is clickable&#xD;
&#xD;
2019-07-13 00:22:02 - [TEST_STEP][PASSED] - setText(findTestObject("HOME_PAGE/Header/input_search"), nameProduct): Text 'Smartphone Motorola One Vision 128 GB moka AT&amp;T' is set on object 'Object Repository/HOME_PAGE/Header/input_search'&#xD;
&#xD;
2019-07-13 00:22:02 - [MESSAGE][PASSED] - Text 'Smartphone Motorola One Vision 128 GB moka AT&amp;T' is set on object 'Object Repository/HOME_PAGE/Header/input_search'&#xD;
&#xD;
2019-07-13 00:22:02 - [TEST_STEP][PASSED] - click(findTestObject("HOME_PAGE/Header/button_search")): Object: 'Object Repository/HOME_PAGE/Header/button_search' is clicked on&#xD;
&#xD;
2019-07-13 00:22:05 - [MESSAGE][PASSED] - Object: 'Object Repository/HOME_PAGE/Header/button_search' is clicked on&#xD;
&#xD;
2019-07-13 00:22:05 - [MESSAGE][PASSED] - Call Test Case 'Test Cases/HOME_PAGE/search_product' successfully&#xD;
&#xD;
2019-07-13 00:22:05 - [TEST_STEP][PASSED] - if (waitForElementVisible(findTestObject("PRODUCTS/CatalogProducts/span_total-products"), 3)): Call Test Case 'Test Cases/PRODUCTS/CatalogProducts/GridProducts/select_product_catalog' successfully&#xD;
&#xD;
2019-07-13 00:22:05 - [MESSAGE][PASSED] - Object 'Object Repository/PRODUCTS/CatalogProducts/span_total-products' is visible&#xD;
&#xD;
2019-07-13 00:22:05 - [TEST_STEP][PASSED] - callTestCase(findTestCase("PRODUCTS/CatalogProducts/GridProducts/select_product_catalog"), ["nameProduct":nameProduct], STOP_ON_FAILURE): Call Test Case 'Test Cases/PRODUCTS/CatalogProducts/GridProducts/select_product_catalog' successfully&#xD;
&#xD;
2019-07-13 00:22:05 - [TEST_CASE][PASSED] - Test Cases/PRODUCTS/CatalogProducts/GridProducts/select_product_catalog: Test Cases/PRODUCTS/CatalogProducts/GridProducts/select_product_catalog&#xD;
&#xD;
2019-07-13 00:22:05 - [TEST_STEP][PASSED] - waitForElementVisible(findTestObject("PRODUCTS/CatalogProducts/span_total-products"), 3): Object 'Object Repository/PRODUCTS/CatalogProducts/span_total-products' is visible&#xD;
&#xD;
2019-07-13 00:22:06 - [MESSAGE][PASSED] - Object 'Object Repository/PRODUCTS/CatalogProducts/span_total-products' is visible&#xD;
&#xD;
2019-07-13 00:22:06 - [TEST_STEP][PASSED] - click(findTestObject("PRODUCTS/CatalogProducts/li_product", ["nameProduct":nameProduct])): Object: 'Object Repository/PRODUCTS/CatalogProducts/li_product' is clicked on&#xD;
&#xD;
2019-07-13 00:22:10 - [MESSAGE][PASSED] - Object: 'Object Repository/PRODUCTS/CatalogProducts/li_product' is clicked on&#xD;
&#xD;
2019-07-13 00:22:10 - [TEST_STEP][PASSED] - waitForElementNotVisible(findTestObject("PRODUCTS/CatalogProducts/span_total-products"), 3): Web element with id: 'Object Repository/PRODUCTS/CatalogProducts/span_total-products' located by 'By.xpath: //div[@id='product-total']/p/span' not found&#xD;
&#xD;
2019-07-13 00:22:14 - [MESSAGE][INFO] - Unable to find the element located by 'By.xpath: //div[@id='product-total']/p/span'. Please recheck the objects properties to make sure the desired element is located. &#xD;
&#xD;
2019-07-13 00:22:14 - [MESSAGE][WARNING] - Web element with id: 'Object Repository/PRODUCTS/CatalogProducts/span_total-products' located by 'By.xpath: //div[@id='product-total']/p/span' not found&#xD;
&#xD;
2019-07-13 00:22:14 - [MESSAGE][PASSED] - Call Test Case 'Test Cases/PRODUCTS/CatalogProducts/GridProducts/select_product_catalog' successfully&#xD;
&#xD;
2019-07-13 00:22:14 - [TEST_STEP][PASSED] - callTestCase(findTestCase("PRODUCTS/DetailProduct/GeneralView/add_product_to_cart"), ["x":1, "cantProducts":1], STOP_ON_FAILURE): Call Test Case 'Test Cases/PRODUCTS/DetailProduct/GeneralView/add_product_to_cart' successfully&#xD;
&#xD;
2019-07-13 00:22:14 - [TEST_CASE][PASSED] - Test Cases/PRODUCTS/DetailProduct/GeneralView/add_product_to_cart: Test Cases/PRODUCTS/DetailProduct/GeneralView/add_product_to_cart&#xD;
&#xD;
2019-07-13 00:22:14 - [TEST_STEP][PASSED] - waitForElementClickable(findTestObject("PRODUCTS/DetailProducts/input_qty"), 3): Object 'Object Repository/PRODUCTS/DetailProducts/input_qty' is clickable&#xD;
&#xD;
2019-07-13 00:22:14 - [MESSAGE][PASSED] - Object 'Object Repository/PRODUCTS/DetailProducts/input_qty' is clickable&#xD;
&#xD;
2019-07-13 00:22:14 - [TEST_STEP][PASSED] - for ([x = 1, x &lt; cantProducts, (x++)]): null&#xD;
&#xD;
2019-07-13 00:22:14 - [TEST_STEP][PASSED] - click(findTestObject("PRODUCTS/DetailProducts/button_add-shopping-cart")): Object: 'Object Repository/PRODUCTS/DetailProducts/button_add-shopping-cart' is clicked on&#xD;
&#xD;
2019-07-13 00:22:15 - [MESSAGE][PASSED] - Object: 'Object Repository/PRODUCTS/DetailProducts/button_add-shopping-cart' is clicked on&#xD;
&#xD;
2019-07-13 00:22:15 - [TEST_STEP][PASSED] - waitForElementVisible(findTestObject("PRODUCTS/DetailProducts/div_modal-product-added"), 3): Object 'Object Repository/PRODUCTS/DetailProducts/div_modal-product-added' is visible&#xD;
&#xD;
2019-07-13 00:22:15 - [MESSAGE][PASSED] - Object 'Object Repository/PRODUCTS/DetailProducts/div_modal-product-added' is visible&#xD;
&#xD;
2019-07-13 00:22:15 - [TEST_STEP][PASSED] - click(findTestObject("PRODUCTS/DetailProducts/button_close-modal-product-added")): Object: 'Object Repository/PRODUCTS/DetailProducts/button_close-modal-product-added' is clicked on&#xD;
&#xD;
2019-07-13 00:22:16 - [MESSAGE][PASSED] - Object: 'Object Repository/PRODUCTS/DetailProducts/button_close-modal-product-added' is clicked on&#xD;
&#xD;
2019-07-13 00:22:16 - [MESSAGE][PASSED] - Call Test Case 'Test Cases/PRODUCTS/DetailProduct/GeneralView/add_product_to_cart' successfully</system-out>
            <system-err></system-err>
        </testcase>
        <testcase name="Test Cases/AUXILIARY_TEST_CASES/add_massive_product_to_cart" classname="Test Cases/AUXILIARY_TEST_CASES/add_massive_product_to_cart" status="PASSED">
            <system-out>2019-07-13 00:22:16 - [TEST_CASE][PASSED] - Test Cases/AUXILIARY_TEST_CASES/add_massive_product_to_cart: Test Cases/AUXILIARY_TEST_CASES/add_massive_product_to_cart&#xD;
&#xD;
2019-07-13 00:22:16 - [TEST_STEP][PASSED] - callTestCase(findTestCase("HOME_PAGE/search_product"), ["nameProduct":nameProduct], STOP_ON_FAILURE): Call Test Case 'Test Cases/HOME_PAGE/search_product' successfully&#xD;
&#xD;
2019-07-13 00:22:16 - [TEST_CASE][PASSED] - Test Cases/HOME_PAGE/search_product: Test Cases/HOME_PAGE/search_product&#xD;
&#xD;
2019-07-13 00:22:16 - [TEST_STEP][PASSED] - waitForElementClickable(findTestObject("HOME_PAGE/Header/input_search"), 3): Object 'Object Repository/HOME_PAGE/Header/input_search' is clickable&#xD;
&#xD;
2019-07-13 00:22:16 - [MESSAGE][PASSED] - Object 'Object Repository/HOME_PAGE/Header/input_search' is clickable&#xD;
&#xD;
2019-07-13 00:22:16 - [TEST_STEP][PASSED] - setText(findTestObject("HOME_PAGE/Header/input_search"), nameProduct): Text 'Smartphone Motorola One Vision 128 GB azul AT&amp;T' is set on object 'Object Repository/HOME_PAGE/Header/input_search'&#xD;
&#xD;
2019-07-13 00:22:16 - [MESSAGE][PASSED] - Text 'Smartphone Motorola One Vision 128 GB azul AT&amp;T' is set on object 'Object Repository/HOME_PAGE/Header/input_search'&#xD;
&#xD;
2019-07-13 00:22:16 - [TEST_STEP][PASSED] - click(findTestObject("HOME_PAGE/Header/button_search")): Object: 'Object Repository/HOME_PAGE/Header/button_search' is clicked on&#xD;
&#xD;
2019-07-13 00:22:20 - [MESSAGE][PASSED] - Object: 'Object Repository/HOME_PAGE/Header/button_search' is clicked on&#xD;
&#xD;
2019-07-13 00:22:20 - [MESSAGE][PASSED] - Call Test Case 'Test Cases/HOME_PAGE/search_product' successfully&#xD;
&#xD;
2019-07-13 00:22:20 - [TEST_STEP][PASSED] - if (waitForElementVisible(findTestObject("PRODUCTS/CatalogProducts/span_total-products"), 3)): Call Test Case 'Test Cases/PRODUCTS/CatalogProducts/GridProducts/select_product_catalog' successfully&#xD;
&#xD;
2019-07-13 00:22:20 - [MESSAGE][PASSED] - Object 'Object Repository/PRODUCTS/CatalogProducts/span_total-products' is visible&#xD;
&#xD;
2019-07-13 00:22:20 - [TEST_STEP][PASSED] - callTestCase(findTestCase("PRODUCTS/CatalogProducts/GridProducts/select_product_catalog"), ["nameProduct":nameProduct], STOP_ON_FAILURE): Call Test Case 'Test Cases/PRODUCTS/CatalogProducts/GridProducts/select_product_catalog' successfully&#xD;
&#xD;
2019-07-13 00:22:20 - [TEST_CASE][PASSED] - Test Cases/PRODUCTS/CatalogProducts/GridProducts/select_product_catalog: Test Cases/PRODUCTS/CatalogProducts/GridProducts/select_product_catalog&#xD;
&#xD;
2019-07-13 00:22:20 - [TEST_STEP][PASSED] - waitForElementVisible(findTestObject("PRODUCTS/CatalogProducts/span_total-products"), 3): Object 'Object Repository/PRODUCTS/CatalogProducts/span_total-products' is visible&#xD;
&#xD;
2019-07-13 00:22:20 - [MESSAGE][PASSED] - Object 'Object Repository/PRODUCTS/CatalogProducts/span_total-products' is visible&#xD;
&#xD;
2019-07-13 00:22:20 - [TEST_STEP][PASSED] - click(findTestObject("PRODUCTS/CatalogProducts/li_product", ["nameProduct":nameProduct])): Object: 'Object Repository/PRODUCTS/CatalogProducts/li_product' is clicked on&#xD;
&#xD;
2019-07-13 00:22:25 - [MESSAGE][PASSED] - Object: 'Object Repository/PRODUCTS/CatalogProducts/li_product' is clicked on&#xD;
&#xD;
2019-07-13 00:22:25 - [TEST_STEP][PASSED] - waitForElementNotVisible(findTestObject("PRODUCTS/CatalogProducts/span_total-products"), 3): Web element with id: 'Object Repository/PRODUCTS/CatalogProducts/span_total-products' located by 'By.xpath: //div[@id='product-total']/p/span' not found&#xD;
&#xD;
2019-07-13 00:22:28 - [MESSAGE][INFO] - Unable to find the element located by 'By.xpath: //div[@id='product-total']/p/span'. Please recheck the objects properties to make sure the desired element is located. &#xD;
&#xD;
2019-07-13 00:22:28 - [MESSAGE][WARNING] - Web element with id: 'Object Repository/PRODUCTS/CatalogProducts/span_total-products' located by 'By.xpath: //div[@id='product-total']/p/span' not found&#xD;
&#xD;
2019-07-13 00:22:28 - [MESSAGE][PASSED] - Call Test Case 'Test Cases/PRODUCTS/CatalogProducts/GridProducts/select_product_catalog' successfully&#xD;
&#xD;
2019-07-13 00:22:28 - [TEST_STEP][PASSED] - callTestCase(findTestCase("PRODUCTS/DetailProduct/GeneralView/add_product_to_cart"), ["x":1, "cantProducts":1], STOP_ON_FAILURE): Call Test Case 'Test Cases/PRODUCTS/DetailProduct/GeneralView/add_product_to_cart' successfully&#xD;
&#xD;
2019-07-13 00:22:28 - [TEST_CASE][PASSED] - Test Cases/PRODUCTS/DetailProduct/GeneralView/add_product_to_cart: Test Cases/PRODUCTS/DetailProduct/GeneralView/add_product_to_cart&#xD;
&#xD;
2019-07-13 00:22:28 - [TEST_STEP][PASSED] - waitForElementClickable(findTestObject("PRODUCTS/DetailProducts/input_qty"), 3): Object 'Object Repository/PRODUCTS/DetailProducts/input_qty' is clickable&#xD;
&#xD;
2019-07-13 00:22:28 - [MESSAGE][PASSED] - Object 'Object Repository/PRODUCTS/DetailProducts/input_qty' is clickable&#xD;
&#xD;
2019-07-13 00:22:28 - [TEST_STEP][PASSED] - for ([x = 1, x &lt; cantProducts, (x++)]): null&#xD;
&#xD;
2019-07-13 00:22:28 - [TEST_STEP][PASSED] - click(findTestObject("PRODUCTS/DetailProducts/button_add-shopping-cart")): Object: 'Object Repository/PRODUCTS/DetailProducts/button_add-shopping-cart' is clicked on&#xD;
&#xD;
2019-07-13 00:22:29 - [MESSAGE][PASSED] - Object: 'Object Repository/PRODUCTS/DetailProducts/button_add-shopping-cart' is clicked on&#xD;
&#xD;
2019-07-13 00:22:29 - [TEST_STEP][PASSED] - waitForElementVisible(findTestObject("PRODUCTS/DetailProducts/div_modal-product-added"), 3): Object 'Object Repository/PRODUCTS/DetailProducts/div_modal-product-added' is visible&#xD;
&#xD;
2019-07-13 00:22:29 - [MESSAGE][PASSED] - Object 'Object Repository/PRODUCTS/DetailProducts/div_modal-product-added' is visible&#xD;
&#xD;
2019-07-13 00:22:29 - [TEST_STEP][PASSED] - click(findTestObject("PRODUCTS/DetailProducts/button_close-modal-product-added")): Object: 'Object Repository/PRODUCTS/DetailProducts/button_close-modal-product-added' is clicked on&#xD;
&#xD;
2019-07-13 00:22:30 - [MESSAGE][PASSED] - Object: 'Object Repository/PRODUCTS/DetailProducts/button_close-modal-product-added' is clicked on&#xD;
&#xD;
2019-07-13 00:22:30 - [MESSAGE][PASSED] - Call Test Case 'Test Cases/PRODUCTS/DetailProduct/GeneralView/add_product_to_cart' successfully</system-out>
            <system-err></system-err>
        </testcase>
        <testcase name="Test Cases/AUXILIARY_TEST_CASES/add_massive_product_to_cart" classname="Test Cases/AUXILIARY_TEST_CASES/add_massive_product_to_cart" status="PASSED">
            <system-out>2019-07-13 00:22:30 - [TEST_CASE][PASSED] - Test Cases/AUXILIARY_TEST_CASES/add_massive_product_to_cart: Test Cases/AUXILIARY_TEST_CASES/add_massive_product_to_cart&#xD;
&#xD;
2019-07-13 00:22:30 - [TEST_STEP][PASSED] - callTestCase(findTestCase("HOME_PAGE/search_product"), ["nameProduct":nameProduct], STOP_ON_FAILURE): Call Test Case 'Test Cases/HOME_PAGE/search_product' successfully&#xD;
&#xD;
2019-07-13 00:22:30 - [TEST_CASE][PASSED] - Test Cases/HOME_PAGE/search_product: Test Cases/HOME_PAGE/search_product&#xD;
&#xD;
2019-07-13 00:22:30 - [TEST_STEP][PASSED] - waitForElementClickable(findTestObject("HOME_PAGE/Header/input_search"), 3): Object 'Object Repository/HOME_PAGE/Header/input_search' is clickable&#xD;
&#xD;
2019-07-13 00:22:30 - [MESSAGE][PASSED] - Object 'Object Repository/HOME_PAGE/Header/input_search' is clickable&#xD;
&#xD;
2019-07-13 00:22:30 - [TEST_STEP][PASSED] - setText(findTestObject("HOME_PAGE/Header/input_search"), nameProduct): Text 'Smartphone Motorola Moto G7 Plus 64 GB Telcel' is set on object 'Object Repository/HOME_PAGE/Header/input_search'&#xD;
&#xD;
2019-07-13 00:22:30 - [MESSAGE][PASSED] - Text 'Smartphone Motorola Moto G7 Plus 64 GB Telcel' is set on object 'Object Repository/HOME_PAGE/Header/input_search'&#xD;
&#xD;
2019-07-13 00:22:30 - [TEST_STEP][PASSED] - click(findTestObject("HOME_PAGE/Header/button_search")): Object: 'Object Repository/HOME_PAGE/Header/button_search' is clicked on&#xD;
&#xD;
2019-07-13 00:22:34 - [MESSAGE][PASSED] - Object: 'Object Repository/HOME_PAGE/Header/button_search' is clicked on&#xD;
&#xD;
2019-07-13 00:22:34 - [MESSAGE][PASSED] - Call Test Case 'Test Cases/HOME_PAGE/search_product' successfully&#xD;
&#xD;
2019-07-13 00:22:34 - [TEST_STEP][PASSED] - if (waitForElementVisible(findTestObject("PRODUCTS/CatalogProducts/span_total-products"), 3)): Web element with id: 'Object Repository/PRODUCTS/CatalogProducts/span_total-products' located by 'By.xpath: //div[@id='product-total']/p/span' not found&#xD;
&#xD;
2019-07-13 00:22:37 - [MESSAGE][INFO] - Unable to find the element located by 'By.xpath: //div[@id='product-total']/p/span'. Please recheck the objects properties to make sure the desired element is located. &#xD;
&#xD;
2019-07-13 00:22:37 - [MESSAGE][WARNING] - Web element with id: 'Object Repository/PRODUCTS/CatalogProducts/span_total-products' located by 'By.xpath: //div[@id='product-total']/p/span' not found&#xD;
&#xD;
2019-07-13 00:22:37 - [TEST_STEP][PASSED] - callTestCase(findTestCase("PRODUCTS/DetailProduct/GeneralView/add_product_to_cart"), ["x":1, "cantProducts":1], STOP_ON_FAILURE): Call Test Case 'Test Cases/PRODUCTS/DetailProduct/GeneralView/add_product_to_cart' successfully&#xD;
&#xD;
2019-07-13 00:22:37 - [TEST_CASE][PASSED] - Test Cases/PRODUCTS/DetailProduct/GeneralView/add_product_to_cart: Test Cases/PRODUCTS/DetailProduct/GeneralView/add_product_to_cart&#xD;
&#xD;
2019-07-13 00:22:37 - [TEST_STEP][PASSED] - waitForElementClickable(findTestObject("PRODUCTS/DetailProducts/input_qty"), 3): Object 'Object Repository/PRODUCTS/DetailProducts/input_qty' is clickable&#xD;
&#xD;
2019-07-13 00:22:38 - [MESSAGE][PASSED] - Object 'Object Repository/PRODUCTS/DetailProducts/input_qty' is clickable&#xD;
&#xD;
2019-07-13 00:22:38 - [TEST_STEP][PASSED] - for ([x = 1, x &lt; cantProducts, (x++)]): null&#xD;
&#xD;
2019-07-13 00:22:38 - [TEST_STEP][PASSED] - click(findTestObject("PRODUCTS/DetailProducts/button_add-shopping-cart")): Object: 'Object Repository/PRODUCTS/DetailProducts/button_add-shopping-cart' is clicked on&#xD;
&#xD;
2019-07-13 00:22:38 - [MESSAGE][PASSED] - Object: 'Object Repository/PRODUCTS/DetailProducts/button_add-shopping-cart' is clicked on&#xD;
&#xD;
2019-07-13 00:22:38 - [TEST_STEP][PASSED] - waitForElementVisible(findTestObject("PRODUCTS/DetailProducts/div_modal-product-added"), 3): Object 'Object Repository/PRODUCTS/DetailProducts/div_modal-product-added' is visible&#xD;
&#xD;
2019-07-13 00:22:39 - [MESSAGE][PASSED] - Object 'Object Repository/PRODUCTS/DetailProducts/div_modal-product-added' is visible&#xD;
&#xD;
2019-07-13 00:22:39 - [TEST_STEP][PASSED] - click(findTestObject("PRODUCTS/DetailProducts/button_close-modal-product-added")): Object: 'Object Repository/PRODUCTS/DetailProducts/button_close-modal-product-added' is clicked on&#xD;
&#xD;
2019-07-13 00:22:39 - [MESSAGE][PASSED] - Object: 'Object Repository/PRODUCTS/DetailProducts/button_close-modal-product-added' is clicked on&#xD;
&#xD;
2019-07-13 00:22:39 - [MESSAGE][PASSED] - Call Test Case 'Test Cases/PRODUCTS/DetailProduct/GeneralView/add_product_to_cart' successfully</system-out>
            <system-err></system-err>
        </testcase>
        <testcase name="Test Cases/AUXILIARY_TEST_CASES/add_massive_product_to_cart" classname="Test Cases/AUXILIARY_TEST_CASES/add_massive_product_to_cart" status="PASSED">
            <system-out>2019-07-13 00:22:39 - [TEST_CASE][PASSED] - Test Cases/AUXILIARY_TEST_CASES/add_massive_product_to_cart: Test Cases/AUXILIARY_TEST_CASES/add_massive_product_to_cart&#xD;
&#xD;
2019-07-13 00:22:39 - [TEST_STEP][PASSED] - callTestCase(findTestCase("HOME_PAGE/search_product"), ["nameProduct":nameProduct], STOP_ON_FAILURE): Call Test Case 'Test Cases/HOME_PAGE/search_product' successfully&#xD;
&#xD;
2019-07-13 00:22:39 - [TEST_CASE][PASSED] - Test Cases/HOME_PAGE/search_product: Test Cases/HOME_PAGE/search_product&#xD;
&#xD;
2019-07-13 00:22:39 - [TEST_STEP][PASSED] - waitForElementClickable(findTestObject("HOME_PAGE/Header/input_search"), 3): Object 'Object Repository/HOME_PAGE/Header/input_search' is clickable&#xD;
&#xD;
2019-07-13 00:22:39 - [MESSAGE][PASSED] - Object 'Object Repository/HOME_PAGE/Header/input_search' is clickable&#xD;
&#xD;
2019-07-13 00:22:39 - [TEST_STEP][PASSED] - setText(findTestObject("HOME_PAGE/Header/input_search"), nameProduct): Text 'Smartphone Motorola Moto G7 Plus 64 GB AT&amp;T' is set on object 'Object Repository/HOME_PAGE/Header/input_search'&#xD;
&#xD;
2019-07-13 00:22:39 - [MESSAGE][PASSED] - Text 'Smartphone Motorola Moto G7 Plus 64 GB AT&amp;T' is set on object 'Object Repository/HOME_PAGE/Header/input_search'&#xD;
&#xD;
2019-07-13 00:22:39 - [TEST_STEP][PASSED] - click(findTestObject("HOME_PAGE/Header/button_search")): Object: 'Object Repository/HOME_PAGE/Header/button_search' is clicked on&#xD;
&#xD;
2019-07-13 00:22:43 - [MESSAGE][PASSED] - Object: 'Object Repository/HOME_PAGE/Header/button_search' is clicked on&#xD;
&#xD;
2019-07-13 00:22:43 - [MESSAGE][PASSED] - Call Test Case 'Test Cases/HOME_PAGE/search_product' successfully&#xD;
&#xD;
2019-07-13 00:22:43 - [TEST_STEP][PASSED] - if (waitForElementVisible(findTestObject("PRODUCTS/CatalogProducts/span_total-products"), 3)): Call Test Case 'Test Cases/PRODUCTS/CatalogProducts/GridProducts/select_product_catalog' successfully&#xD;
&#xD;
2019-07-13 00:22:43 - [MESSAGE][PASSED] - Object 'Object Repository/PRODUCTS/CatalogProducts/span_total-products' is visible&#xD;
&#xD;
2019-07-13 00:22:43 - [TEST_STEP][PASSED] - callTestCase(findTestCase("PRODUCTS/CatalogProducts/GridProducts/select_product_catalog"), ["nameProduct":nameProduct], STOP_ON_FAILURE): Call Test Case 'Test Cases/PRODUCTS/CatalogProducts/GridProducts/select_product_catalog' successfully&#xD;
&#xD;
2019-07-13 00:22:43 - [TEST_CASE][PASSED] - Test Cases/PRODUCTS/CatalogProducts/GridProducts/select_product_catalog: Test Cases/PRODUCTS/CatalogProducts/GridProducts/select_product_catalog&#xD;
&#xD;
2019-07-13 00:22:43 - [TEST_STEP][PASSED] - waitForElementVisible(findTestObject("PRODUCTS/CatalogProducts/span_total-products"), 3): Object 'Object Repository/PRODUCTS/CatalogProducts/span_total-products' is visible&#xD;
&#xD;
2019-07-13 00:22:43 - [MESSAGE][PASSED] - Object 'Object Repository/PRODUCTS/CatalogProducts/span_total-products' is visible&#xD;
&#xD;
2019-07-13 00:22:43 - [TEST_STEP][PASSED] - click(findTestObject("PRODUCTS/CatalogProducts/li_product", ["nameProduct":nameProduct])): Object: 'Object Repository/PRODUCTS/CatalogProducts/li_product' is clicked on&#xD;
&#xD;
2019-07-13 00:22:48 - [MESSAGE][PASSED] - Object: 'Object Repository/PRODUCTS/CatalogProducts/li_product' is clicked on&#xD;
&#xD;
2019-07-13 00:22:48 - [TEST_STEP][PASSED] - waitForElementNotVisible(findTestObject("PRODUCTS/CatalogProducts/span_total-products"), 3): Web element with id: 'Object Repository/PRODUCTS/CatalogProducts/span_total-products' located by 'By.xpath: //div[@id='product-total']/p/span' not found&#xD;
&#xD;
2019-07-13 00:22:51 - [MESSAGE][INFO] - Unable to find the element located by 'By.xpath: //div[@id='product-total']/p/span'. Please recheck the objects properties to make sure the desired element is located. &#xD;
&#xD;
2019-07-13 00:22:51 - [MESSAGE][WARNING] - Web element with id: 'Object Repository/PRODUCTS/CatalogProducts/span_total-products' located by 'By.xpath: //div[@id='product-total']/p/span' not found&#xD;
&#xD;
2019-07-13 00:22:51 - [MESSAGE][PASSED] - Call Test Case 'Test Cases/PRODUCTS/CatalogProducts/GridProducts/select_product_catalog' successfully&#xD;
&#xD;
2019-07-13 00:22:51 - [TEST_STEP][PASSED] - callTestCase(findTestCase("PRODUCTS/DetailProduct/GeneralView/add_product_to_cart"), ["x":1, "cantProducts":1], STOP_ON_FAILURE): Call Test Case 'Test Cases/PRODUCTS/DetailProduct/GeneralView/add_product_to_cart' successfully&#xD;
&#xD;
2019-07-13 00:22:51 - [TEST_CASE][PASSED] - Test Cases/PRODUCTS/DetailProduct/GeneralView/add_product_to_cart: Test Cases/PRODUCTS/DetailProduct/GeneralView/add_product_to_cart&#xD;
&#xD;
2019-07-13 00:22:51 - [TEST_STEP][PASSED] - waitForElementClickable(findTestObject("PRODUCTS/DetailProducts/input_qty"), 3): Object 'Object Repository/PRODUCTS/DetailProducts/input_qty' is clickable&#xD;
&#xD;
2019-07-13 00:22:51 - [MESSAGE][PASSED] - Object 'Object Repository/PRODUCTS/DetailProducts/input_qty' is clickable&#xD;
&#xD;
2019-07-13 00:22:51 - [TEST_STEP][PASSED] - for ([x = 1, x &lt; cantProducts, (x++)]): null&#xD;
&#xD;
2019-07-13 00:22:51 - [TEST_STEP][PASSED] - click(findTestObject("PRODUCTS/DetailProducts/button_add-shopping-cart")): Object: 'Object Repository/PRODUCTS/DetailProducts/button_add-shopping-cart' is clicked on&#xD;
&#xD;
2019-07-13 00:22:51 - [MESSAGE][PASSED] - Object: 'Object Repository/PRODUCTS/DetailProducts/button_add-shopping-cart' is clicked on&#xD;
&#xD;
2019-07-13 00:22:51 - [TEST_STEP][PASSED] - waitForElementVisible(findTestObject("PRODUCTS/DetailProducts/div_modal-product-added"), 3): Object 'Object Repository/PRODUCTS/DetailProducts/div_modal-product-added' is visible&#xD;
&#xD;
2019-07-13 00:22:52 - [MESSAGE][PASSED] - Object 'Object Repository/PRODUCTS/DetailProducts/div_modal-product-added' is visible&#xD;
&#xD;
2019-07-13 00:22:52 - [TEST_STEP][PASSED] - click(findTestObject("PRODUCTS/DetailProducts/button_close-modal-product-added")): Object: 'Object Repository/PRODUCTS/DetailProducts/button_close-modal-product-added' is clicked on&#xD;
&#xD;
2019-07-13 00:22:52 - [MESSAGE][PASSED] - Object: 'Object Repository/PRODUCTS/DetailProducts/button_close-modal-product-added' is clicked on&#xD;
&#xD;
2019-07-13 00:22:52 - [MESSAGE][PASSED] - Call Test Case 'Test Cases/PRODUCTS/DetailProduct/GeneralView/add_product_to_cart' successfully</system-out>
            <system-err></system-err>
        </testcase>
        <testcase name="Test Cases/AUXILIARY_TEST_CASES/add_massive_product_to_cart" classname="Test Cases/AUXILIARY_TEST_CASES/add_massive_product_to_cart" status="PASSED">
            <system-out>2019-07-13 00:22:52 - [TEST_CASE][PASSED] - Test Cases/AUXILIARY_TEST_CASES/add_massive_product_to_cart: Test Cases/AUXILIARY_TEST_CASES/add_massive_product_to_cart&#xD;
&#xD;
2019-07-13 00:22:52 - [TEST_STEP][PASSED] - callTestCase(findTestCase("HOME_PAGE/search_product"), ["nameProduct":nameProduct], STOP_ON_FAILURE): Call Test Case 'Test Cases/HOME_PAGE/search_product' successfully&#xD;
&#xD;
2019-07-13 00:22:52 - [TEST_CASE][PASSED] - Test Cases/HOME_PAGE/search_product: Test Cases/HOME_PAGE/search_product&#xD;
&#xD;
2019-07-13 00:22:52 - [TEST_STEP][PASSED] - waitForElementClickable(findTestObject("HOME_PAGE/Header/input_search"), 3): Object 'Object Repository/HOME_PAGE/Header/input_search' is clickable&#xD;
&#xD;
2019-07-13 00:22:52 - [MESSAGE][PASSED] - Object 'Object Repository/HOME_PAGE/Header/input_search' is clickable&#xD;
&#xD;
2019-07-13 00:22:52 - [TEST_STEP][PASSED] - setText(findTestObject("HOME_PAGE/Header/input_search"), nameProduct): Text 'Smartphone Motorola Moto G7 Play 32 GB azul' is set on object 'Object Repository/HOME_PAGE/Header/input_search'&#xD;
&#xD;
2019-07-13 00:22:53 - [MESSAGE][PASSED] - Text 'Smartphone Motorola Moto G7 Play 32 GB azul' is set on object 'Object Repository/HOME_PAGE/Header/input_search'&#xD;
&#xD;
2019-07-13 00:22:53 - [TEST_STEP][PASSED] - click(findTestObject("HOME_PAGE/Header/button_search")): Object: 'Object Repository/HOME_PAGE/Header/button_search' is clicked on&#xD;
&#xD;
2019-07-13 00:22:56 - [MESSAGE][PASSED] - Object: 'Object Repository/HOME_PAGE/Header/button_search' is clicked on&#xD;
&#xD;
2019-07-13 00:22:56 - [MESSAGE][PASSED] - Call Test Case 'Test Cases/HOME_PAGE/search_product' successfully&#xD;
&#xD;
2019-07-13 00:22:56 - [TEST_STEP][PASSED] - if (waitForElementVisible(findTestObject("PRODUCTS/CatalogProducts/span_total-products"), 3)): Web element with id: 'Object Repository/PRODUCTS/CatalogProducts/span_total-products' located by 'By.xpath: //div[@id='product-total']/p/span' not found&#xD;
&#xD;
2019-07-13 00:22:59 - [MESSAGE][INFO] - Unable to find the element located by 'By.xpath: //div[@id='product-total']/p/span'. Please recheck the objects properties to make sure the desired element is located. &#xD;
&#xD;
2019-07-13 00:22:59 - [MESSAGE][WARNING] - Web element with id: 'Object Repository/PRODUCTS/CatalogProducts/span_total-products' located by 'By.xpath: //div[@id='product-total']/p/span' not found&#xD;
&#xD;
2019-07-13 00:22:59 - [TEST_STEP][PASSED] - callTestCase(findTestCase("PRODUCTS/DetailProduct/GeneralView/add_product_to_cart"), ["x":1, "cantProducts":1], STOP_ON_FAILURE): Call Test Case 'Test Cases/PRODUCTS/DetailProduct/GeneralView/add_product_to_cart' successfully&#xD;
&#xD;
2019-07-13 00:22:59 - [TEST_CASE][PASSED] - Test Cases/PRODUCTS/DetailProduct/GeneralView/add_product_to_cart: Test Cases/PRODUCTS/DetailProduct/GeneralView/add_product_to_cart&#xD;
&#xD;
2019-07-13 00:22:59 - [TEST_STEP][PASSED] - waitForElementClickable(findTestObject("PRODUCTS/DetailProducts/input_qty"), 3): Object 'Object Repository/PRODUCTS/DetailProducts/input_qty' is clickable&#xD;
&#xD;
2019-07-13 00:22:59 - [MESSAGE][PASSED] - Object 'Object Repository/PRODUCTS/DetailProducts/input_qty' is clickable&#xD;
&#xD;
2019-07-13 00:22:59 - [TEST_STEP][PASSED] - for ([x = 1, x &lt; cantProducts, (x++)]): null&#xD;
&#xD;
2019-07-13 00:22:59 - [TEST_STEP][PASSED] - click(findTestObject("PRODUCTS/DetailProducts/button_add-shopping-cart")): Object: 'Object Repository/PRODUCTS/DetailProducts/button_add-shopping-cart' is clicked on&#xD;
&#xD;
2019-07-13 00:23:00 - [MESSAGE][PASSED] - Object: 'Object Repository/PRODUCTS/DetailProducts/button_add-shopping-cart' is clicked on&#xD;
&#xD;
2019-07-13 00:23:00 - [TEST_STEP][PASSED] - waitForElementVisible(findTestObject("PRODUCTS/DetailProducts/div_modal-product-added"), 3): Object 'Object Repository/PRODUCTS/DetailProducts/div_modal-product-added' is visible&#xD;
&#xD;
2019-07-13 00:23:00 - [MESSAGE][PASSED] - Object 'Object Repository/PRODUCTS/DetailProducts/div_modal-product-added' is visible&#xD;
&#xD;
2019-07-13 00:23:00 - [TEST_STEP][PASSED] - click(findTestObject("PRODUCTS/DetailProducts/button_close-modal-product-added")): Object: 'Object Repository/PRODUCTS/DetailProducts/button_close-modal-product-added' is clicked on&#xD;
&#xD;
2019-07-13 00:23:01 - [MESSAGE][PASSED] - Object: 'Object Repository/PRODUCTS/DetailProducts/button_close-modal-product-added' is clicked on&#xD;
&#xD;
2019-07-13 00:23:01 - [MESSAGE][PASSED] - Call Test Case 'Test Cases/PRODUCTS/DetailProduct/GeneralView/add_product_to_cart' successfully</system-out>
            <system-err></system-err>
        </testcase>
        <testcase name="Test Cases/AUXILIARY_TEST_CASES/add_massive_product_to_cart" classname="Test Cases/AUXILIARY_TEST_CASES/add_massive_product_to_cart" status="PASSED">
            <system-out>2019-07-13 00:23:01 - [TEST_CASE][PASSED] - Test Cases/AUXILIARY_TEST_CASES/add_massive_product_to_cart: Test Cases/AUXILIARY_TEST_CASES/add_massive_product_to_cart&#xD;
&#xD;
2019-07-13 00:23:01 - [TEST_STEP][PASSED] - callTestCase(findTestCase("HOME_PAGE/search_product"), ["nameProduct":nameProduct], STOP_ON_FAILURE): Call Test Case 'Test Cases/HOME_PAGE/search_product' successfully&#xD;
&#xD;
2019-07-13 00:23:01 - [TEST_CASE][PASSED] - Test Cases/HOME_PAGE/search_product: Test Cases/HOME_PAGE/search_product&#xD;
&#xD;
2019-07-13 00:23:01 - [TEST_STEP][PASSED] - waitForElementClickable(findTestObject("HOME_PAGE/Header/input_search"), 3): Object 'Object Repository/HOME_PAGE/Header/input_search' is clickable&#xD;
&#xD;
2019-07-13 00:23:01 - [MESSAGE][PASSED] - Object 'Object Repository/HOME_PAGE/Header/input_search' is clickable&#xD;
&#xD;
2019-07-13 00:23:01 - [TEST_STEP][PASSED] - setText(findTestObject("HOME_PAGE/Header/input_search"), nameProduct): Text 'Smartphone Samsung Galaxy S10+ 128 GB azul Telcel' is set on object 'Object Repository/HOME_PAGE/Header/input_search'&#xD;
&#xD;
2019-07-13 00:23:01 - [MESSAGE][PASSED] - Text 'Smartphone Samsung Galaxy S10+ 128 GB azul Telcel' is set on object 'Object Repository/HOME_PAGE/Header/input_search'&#xD;
&#xD;
2019-07-13 00:23:01 - [TEST_STEP][PASSED] - click(findTestObject("HOME_PAGE/Header/button_search")): Object: 'Object Repository/HOME_PAGE/Header/button_search' is clicked on&#xD;
&#xD;
2019-07-13 00:23:04 - [MESSAGE][PASSED] - Object: 'Object Repository/HOME_PAGE/Header/button_search' is clicked on&#xD;
&#xD;
2019-07-13 00:23:04 - [MESSAGE][PASSED] - Call Test Case 'Test Cases/HOME_PAGE/search_product' successfully&#xD;
&#xD;
2019-07-13 00:23:04 - [TEST_STEP][PASSED] - if (waitForElementVisible(findTestObject("PRODUCTS/CatalogProducts/span_total-products"), 3)): Call Test Case 'Test Cases/PRODUCTS/CatalogProducts/GridProducts/select_product_catalog' successfully&#xD;
&#xD;
2019-07-13 00:23:04 - [MESSAGE][PASSED] - Object 'Object Repository/PRODUCTS/CatalogProducts/span_total-products' is visible&#xD;
&#xD;
2019-07-13 00:23:04 - [TEST_STEP][PASSED] - callTestCase(findTestCase("PRODUCTS/CatalogProducts/GridProducts/select_product_catalog"), ["nameProduct":nameProduct], STOP_ON_FAILURE): Call Test Case 'Test Cases/PRODUCTS/CatalogProducts/GridProducts/select_product_catalog' successfully&#xD;
&#xD;
2019-07-13 00:23:04 - [TEST_CASE][PASSED] - Test Cases/PRODUCTS/CatalogProducts/GridProducts/select_product_catalog: Test Cases/PRODUCTS/CatalogProducts/GridProducts/select_product_catalog&#xD;
&#xD;
2019-07-13 00:23:04 - [TEST_STEP][PASSED] - waitForElementVisible(findTestObject("PRODUCTS/CatalogProducts/span_total-products"), 3): Object 'Object Repository/PRODUCTS/CatalogProducts/span_total-products' is visible&#xD;
&#xD;
2019-07-13 00:23:04 - [MESSAGE][PASSED] - Object 'Object Repository/PRODUCTS/CatalogProducts/span_total-products' is visible&#xD;
&#xD;
2019-07-13 00:23:04 - [TEST_STEP][PASSED] - click(findTestObject("PRODUCTS/CatalogProducts/li_product", ["nameProduct":nameProduct])): Object: 'Object Repository/PRODUCTS/CatalogProducts/li_product' is clicked on&#xD;
&#xD;
2019-07-13 00:23:09 - [MESSAGE][PASSED] - Object: 'Object Repository/PRODUCTS/CatalogProducts/li_product' is clicked on&#xD;
&#xD;
2019-07-13 00:23:09 - [TEST_STEP][PASSED] - waitForElementNotVisible(findTestObject("PRODUCTS/CatalogProducts/span_total-products"), 3): Web element with id: 'Object Repository/PRODUCTS/CatalogProducts/span_total-products' located by 'By.xpath: //div[@id='product-total']/p/span' not found&#xD;
&#xD;
2019-07-13 00:23:12 - [MESSAGE][INFO] - Unable to find the element located by 'By.xpath: //div[@id='product-total']/p/span'. Please recheck the objects properties to make sure the desired element is located. &#xD;
&#xD;
2019-07-13 00:23:12 - [MESSAGE][WARNING] - Web element with id: 'Object Repository/PRODUCTS/CatalogProducts/span_total-products' located by 'By.xpath: //div[@id='product-total']/p/span' not found&#xD;
&#xD;
2019-07-13 00:23:12 - [MESSAGE][PASSED] - Call Test Case 'Test Cases/PRODUCTS/CatalogProducts/GridProducts/select_product_catalog' successfully&#xD;
&#xD;
2019-07-13 00:23:12 - [TEST_STEP][PASSED] - callTestCase(findTestCase("PRODUCTS/DetailProduct/GeneralView/add_product_to_cart"), ["x":1, "cantProducts":1], STOP_ON_FAILURE): Call Test Case 'Test Cases/PRODUCTS/DetailProduct/GeneralView/add_product_to_cart' successfully&#xD;
&#xD;
2019-07-13 00:23:12 - [TEST_CASE][PASSED] - Test Cases/PRODUCTS/DetailProduct/GeneralView/add_product_to_cart: Test Cases/PRODUCTS/DetailProduct/GeneralView/add_product_to_cart&#xD;
&#xD;
2019-07-13 00:23:12 - [TEST_STEP][PASSED] - waitForElementClickable(findTestObject("PRODUCTS/DetailProducts/input_qty"), 3): Object 'Object Repository/PRODUCTS/DetailProducts/input_qty' is clickable&#xD;
&#xD;
2019-07-13 00:23:12 - [MESSAGE][PASSED] - Object 'Object Repository/PRODUCTS/DetailProducts/input_qty' is clickable&#xD;
&#xD;
2019-07-13 00:23:12 - [TEST_STEP][PASSED] - for ([x = 1, x &lt; cantProducts, (x++)]): null&#xD;
&#xD;
2019-07-13 00:23:12 - [TEST_STEP][PASSED] - click(findTestObject("PRODUCTS/DetailProducts/button_add-shopping-cart")): Object: 'Object Repository/PRODUCTS/DetailProducts/button_add-shopping-cart' is clicked on&#xD;
&#xD;
2019-07-13 00:23:12 - [MESSAGE][PASSED] - Object: 'Object Repository/PRODUCTS/DetailProducts/button_add-shopping-cart' is clicked on&#xD;
&#xD;
2019-07-13 00:23:12 - [TEST_STEP][PASSED] - waitForElementVisible(findTestObject("PRODUCTS/DetailProducts/div_modal-product-added"), 3): Object 'Object Repository/PRODUCTS/DetailProducts/div_modal-product-added' is visible&#xD;
&#xD;
2019-07-13 00:23:13 - [MESSAGE][PASSED] - Object 'Object Repository/PRODUCTS/DetailProducts/div_modal-product-added' is visible&#xD;
&#xD;
2019-07-13 00:23:13 - [TEST_STEP][PASSED] - click(findTestObject("PRODUCTS/DetailProducts/button_close-modal-product-added")): Object: 'Object Repository/PRODUCTS/DetailProducts/button_close-modal-product-added' is clicked on&#xD;
&#xD;
2019-07-13 00:23:13 - [MESSAGE][PASSED] - Object: 'Object Repository/PRODUCTS/DetailProducts/button_close-modal-product-added' is clicked on&#xD;
&#xD;
2019-07-13 00:23:13 - [MESSAGE][PASSED] - Call Test Case 'Test Cases/PRODUCTS/DetailProduct/GeneralView/add_product_to_cart' successfully</system-out>
            <system-err></system-err>
        </testcase>
        <testcase name="Test Cases/AUXILIARY_TEST_CASES/add_massive_product_to_cart" classname="Test Cases/AUXILIARY_TEST_CASES/add_massive_product_to_cart" status="PASSED">
            <system-out>2019-07-13 00:23:13 - [TEST_CASE][PASSED] - Test Cases/AUXILIARY_TEST_CASES/add_massive_product_to_cart: Test Cases/AUXILIARY_TEST_CASES/add_massive_product_to_cart&#xD;
&#xD;
2019-07-13 00:23:13 - [TEST_STEP][PASSED] - callTestCase(findTestCase("HOME_PAGE/search_product"), ["nameProduct":nameProduct], STOP_ON_FAILURE): Call Test Case 'Test Cases/HOME_PAGE/search_product' successfully&#xD;
&#xD;
2019-07-13 00:23:14 - [TEST_CASE][PASSED] - Test Cases/HOME_PAGE/search_product: Test Cases/HOME_PAGE/search_product&#xD;
&#xD;
2019-07-13 00:23:14 - [TEST_STEP][PASSED] - waitForElementClickable(findTestObject("HOME_PAGE/Header/input_search"), 3): Object 'Object Repository/HOME_PAGE/Header/input_search' is clickable&#xD;
&#xD;
2019-07-13 00:23:14 - [MESSAGE][PASSED] - Object 'Object Repository/HOME_PAGE/Header/input_search' is clickable&#xD;
&#xD;
2019-07-13 00:23:14 - [TEST_STEP][PASSED] - setText(findTestObject("HOME_PAGE/Header/input_search"), nameProduct): Text 'Smartphone Samsung S10E 128 GB blanco Telcel' is set on object 'Object Repository/HOME_PAGE/Header/input_search'&#xD;
&#xD;
2019-07-13 00:23:14 - [MESSAGE][PASSED] - Text 'Smartphone Samsung S10E 128 GB blanco Telcel' is set on object 'Object Repository/HOME_PAGE/Header/input_search'&#xD;
&#xD;
2019-07-13 00:23:14 - [TEST_STEP][PASSED] - click(findTestObject("HOME_PAGE/Header/button_search")): Object: 'Object Repository/HOME_PAGE/Header/button_search' is clicked on&#xD;
&#xD;
2019-07-13 00:23:18 - [MESSAGE][PASSED] - Object: 'Object Repository/HOME_PAGE/Header/button_search' is clicked on&#xD;
&#xD;
2019-07-13 00:23:18 - [MESSAGE][PASSED] - Call Test Case 'Test Cases/HOME_PAGE/search_product' successfully&#xD;
&#xD;
2019-07-13 00:23:18 - [TEST_STEP][PASSED] - if (waitForElementVisible(findTestObject("PRODUCTS/CatalogProducts/span_total-products"), 3)): Web element with id: 'Object Repository/PRODUCTS/CatalogProducts/span_total-products' located by 'By.xpath: //div[@id='product-total']/p/span' not found&#xD;
&#xD;
2019-07-13 00:23:21 - [MESSAGE][INFO] - Unable to find the element located by 'By.xpath: //div[@id='product-total']/p/span'. Please recheck the objects properties to make sure the desired element is located. &#xD;
&#xD;
2019-07-13 00:23:21 - [MESSAGE][WARNING] - Web element with id: 'Object Repository/PRODUCTS/CatalogProducts/span_total-products' located by 'By.xpath: //div[@id='product-total']/p/span' not found&#xD;
&#xD;
2019-07-13 00:23:21 - [TEST_STEP][PASSED] - callTestCase(findTestCase("PRODUCTS/DetailProduct/GeneralView/add_product_to_cart"), ["x":1, "cantProducts":1], STOP_ON_FAILURE): Call Test Case 'Test Cases/PRODUCTS/DetailProduct/GeneralView/add_product_to_cart' successfully&#xD;
&#xD;
2019-07-13 00:23:21 - [TEST_CASE][PASSED] - Test Cases/PRODUCTS/DetailProduct/GeneralView/add_product_to_cart: Test Cases/PRODUCTS/DetailProduct/GeneralView/add_product_to_cart&#xD;
&#xD;
2019-07-13 00:23:21 - [TEST_STEP][PASSED] - waitForElementClickable(findTestObject("PRODUCTS/DetailProducts/input_qty"), 3): Object 'Object Repository/PRODUCTS/DetailProducts/input_qty' is clickable&#xD;
&#xD;
2019-07-13 00:23:21 - [MESSAGE][PASSED] - Object 'Object Repository/PRODUCTS/DetailProducts/input_qty' is clickable&#xD;
&#xD;
2019-07-13 00:23:21 - [TEST_STEP][PASSED] - for ([x = 1, x &lt; cantProducts, (x++)]): null&#xD;
&#xD;
2019-07-13 00:23:21 - [TEST_STEP][PASSED] - click(findTestObject("PRODUCTS/DetailProducts/button_add-shopping-cart")): Object: 'Object Repository/PRODUCTS/DetailProducts/button_add-shopping-cart' is clicked on&#xD;
&#xD;
2019-07-13 00:23:21 - [MESSAGE][PASSED] - Object: 'Object Repository/PRODUCTS/DetailProducts/button_add-shopping-cart' is clicked on&#xD;
&#xD;
2019-07-13 00:23:21 - [TEST_STEP][PASSED] - waitForElementVisible(findTestObject("PRODUCTS/DetailProducts/div_modal-product-added"), 3): Object 'Object Repository/PRODUCTS/DetailProducts/div_modal-product-added' is visible&#xD;
&#xD;
2019-07-13 00:23:22 - [MESSAGE][PASSED] - Object 'Object Repository/PRODUCTS/DetailProducts/div_modal-product-added' is visible&#xD;
&#xD;
2019-07-13 00:23:22 - [TEST_STEP][PASSED] - click(findTestObject("PRODUCTS/DetailProducts/button_close-modal-product-added")): Object: 'Object Repository/PRODUCTS/DetailProducts/button_close-modal-product-added' is clicked on&#xD;
&#xD;
2019-07-13 00:23:22 - [MESSAGE][PASSED] - Object: 'Object Repository/PRODUCTS/DetailProducts/button_close-modal-product-added' is clicked on&#xD;
&#xD;
2019-07-13 00:23:22 - [MESSAGE][PASSED] - Call Test Case 'Test Cases/PRODUCTS/DetailProduct/GeneralView/add_product_to_cart' successfully</system-out>
            <system-err></system-err>
        </testcase>
        <testcase name="Test Cases/AUXILIARY_TEST_CASES/add_massive_product_to_cart" classname="Test Cases/AUXILIARY_TEST_CASES/add_massive_product_to_cart" status="PASSED">
            <system-out>2019-07-13 00:23:22 - [TEST_CASE][PASSED] - Test Cases/AUXILIARY_TEST_CASES/add_massive_product_to_cart: Test Cases/AUXILIARY_TEST_CASES/add_massive_product_to_cart&#xD;
&#xD;
2019-07-13 00:23:22 - [TEST_STEP][PASSED] - callTestCase(findTestCase("HOME_PAGE/search_product"), ["nameProduct":nameProduct], STOP_ON_FAILURE): Call Test Case 'Test Cases/HOME_PAGE/search_product' successfully&#xD;
&#xD;
2019-07-13 00:23:22 - [TEST_CASE][PASSED] - Test Cases/HOME_PAGE/search_product: Test Cases/HOME_PAGE/search_product&#xD;
&#xD;
2019-07-13 00:23:22 - [TEST_STEP][PASSED] - waitForElementClickable(findTestObject("HOME_PAGE/Header/input_search"), 3): Object 'Object Repository/HOME_PAGE/Header/input_search' is clickable&#xD;
&#xD;
2019-07-13 00:23:22 - [MESSAGE][PASSED] - Object 'Object Repository/HOME_PAGE/Header/input_search' is clickable&#xD;
&#xD;
2019-07-13 00:23:22 - [TEST_STEP][PASSED] - setText(findTestObject("HOME_PAGE/Header/input_search"), nameProduct): Text 'Smartphone Samsung Galaxy S10 128 GB azul Telcel' is set on object 'Object Repository/HOME_PAGE/Header/input_search'&#xD;
&#xD;
2019-07-13 00:23:23 - [MESSAGE][PASSED] - Text 'Smartphone Samsung Galaxy S10 128 GB azul Telcel' is set on object 'Object Repository/HOME_PAGE/Header/input_search'&#xD;
&#xD;
2019-07-13 00:23:23 - [TEST_STEP][PASSED] - click(findTestObject("HOME_PAGE/Header/button_search")): Object: 'Object Repository/HOME_PAGE/Header/button_search' is clicked on&#xD;
&#xD;
2019-07-13 00:23:25 - [MESSAGE][PASSED] - Object: 'Object Repository/HOME_PAGE/Header/button_search' is clicked on&#xD;
&#xD;
2019-07-13 00:23:25 - [MESSAGE][PASSED] - Call Test Case 'Test Cases/HOME_PAGE/search_product' successfully&#xD;
&#xD;
2019-07-13 00:23:25 - [TEST_STEP][PASSED] - if (waitForElementVisible(findTestObject("PRODUCTS/CatalogProducts/span_total-products"), 3)): Call Test Case 'Test Cases/PRODUCTS/CatalogProducts/GridProducts/select_product_catalog' successfully&#xD;
&#xD;
2019-07-13 00:23:25 - [MESSAGE][PASSED] - Object 'Object Repository/PRODUCTS/CatalogProducts/span_total-products' is visible&#xD;
&#xD;
2019-07-13 00:23:25 - [TEST_STEP][PASSED] - callTestCase(findTestCase("PRODUCTS/CatalogProducts/GridProducts/select_product_catalog"), ["nameProduct":nameProduct], STOP_ON_FAILURE): Call Test Case 'Test Cases/PRODUCTS/CatalogProducts/GridProducts/select_product_catalog' successfully&#xD;
&#xD;
2019-07-13 00:23:25 - [TEST_CASE][PASSED] - Test Cases/PRODUCTS/CatalogProducts/GridProducts/select_product_catalog: Test Cases/PRODUCTS/CatalogProducts/GridProducts/select_product_catalog&#xD;
&#xD;
2019-07-13 00:23:25 - [TEST_STEP][PASSED] - waitForElementVisible(findTestObject("PRODUCTS/CatalogProducts/span_total-products"), 3): Object 'Object Repository/PRODUCTS/CatalogProducts/span_total-products' is visible&#xD;
&#xD;
2019-07-13 00:23:25 - [MESSAGE][PASSED] - Object 'Object Repository/PRODUCTS/CatalogProducts/span_total-products' is visible&#xD;
&#xD;
2019-07-13 00:23:25 - [TEST_STEP][PASSED] - click(findTestObject("PRODUCTS/CatalogProducts/li_product", ["nameProduct":nameProduct])): Object: 'Object Repository/PRODUCTS/CatalogProducts/li_product' is clicked on&#xD;
&#xD;
2019-07-13 00:23:29 - [MESSAGE][PASSED] - Object: 'Object Repository/PRODUCTS/CatalogProducts/li_product' is clicked on&#xD;
&#xD;
2019-07-13 00:23:29 - [TEST_STEP][PASSED] - waitForElementNotVisible(findTestObject("PRODUCTS/CatalogProducts/span_total-products"), 3): Web element with id: 'Object Repository/PRODUCTS/CatalogProducts/span_total-products' located by 'By.xpath: //div[@id='product-total']/p/span' not found&#xD;
&#xD;
2019-07-13 00:23:32 - [MESSAGE][INFO] - Unable to find the element located by 'By.xpath: //div[@id='product-total']/p/span'. Please recheck the objects properties to make sure the desired element is located. &#xD;
&#xD;
2019-07-13 00:23:32 - [MESSAGE][WARNING] - Web element with id: 'Object Repository/PRODUCTS/CatalogProducts/span_total-products' located by 'By.xpath: //div[@id='product-total']/p/span' not found&#xD;
&#xD;
2019-07-13 00:23:32 - [MESSAGE][PASSED] - Call Test Case 'Test Cases/PRODUCTS/CatalogProducts/GridProducts/select_product_catalog' successfully&#xD;
&#xD;
2019-07-13 00:23:32 - [TEST_STEP][PASSED] - callTestCase(findTestCase("PRODUCTS/DetailProduct/GeneralView/add_product_to_cart"), ["x":1, "cantProducts":1], STOP_ON_FAILURE): Call Test Case 'Test Cases/PRODUCTS/DetailProduct/GeneralView/add_product_to_cart' successfully&#xD;
&#xD;
2019-07-13 00:23:32 - [TEST_CASE][PASSED] - Test Cases/PRODUCTS/DetailProduct/GeneralView/add_product_to_cart: Test Cases/PRODUCTS/DetailProduct/GeneralView/add_product_to_cart&#xD;
&#xD;
2019-07-13 00:23:32 - [TEST_STEP][PASSED] - waitForElementClickable(findTestObject("PRODUCTS/DetailProducts/input_qty"), 3): Object 'Object Repository/PRODUCTS/DetailProducts/input_qty' is clickable&#xD;
&#xD;
2019-07-13 00:23:32 - [MESSAGE][PASSED] - Object 'Object Repository/PRODUCTS/DetailProducts/input_qty' is clickable&#xD;
&#xD;
2019-07-13 00:23:32 - [TEST_STEP][PASSED] - for ([x = 1, x &lt; cantProducts, (x++)]): null&#xD;
&#xD;
2019-07-13 00:23:32 - [TEST_STEP][PASSED] - click(findTestObject("PRODUCTS/DetailProducts/button_add-shopping-cart")): Object: 'Object Repository/PRODUCTS/DetailProducts/button_add-shopping-cart' is clicked on&#xD;
&#xD;
2019-07-13 00:23:33 - [MESSAGE][PASSED] - Object: 'Object Repository/PRODUCTS/DetailProducts/button_add-shopping-cart' is clicked on&#xD;
&#xD;
2019-07-13 00:23:33 - [TEST_STEP][PASSED] - waitForElementVisible(findTestObject("PRODUCTS/DetailProducts/div_modal-product-added"), 3): Object 'Object Repository/PRODUCTS/DetailProducts/div_modal-product-added' is visible&#xD;
&#xD;
2019-07-13 00:23:33 - [MESSAGE][PASSED] - Object 'Object Repository/PRODUCTS/DetailProducts/div_modal-product-added' is visible&#xD;
&#xD;
2019-07-13 00:23:33 - [TEST_STEP][PASSED] - click(findTestObject("PRODUCTS/DetailProducts/button_close-modal-product-added")): Object: 'Object Repository/PRODUCTS/DetailProducts/button_close-modal-product-added' is clicked on&#xD;
&#xD;
2019-07-13 00:23:33 - [MESSAGE][PASSED] - Object: 'Object Repository/PRODUCTS/DetailProducts/button_close-modal-product-added' is clicked on&#xD;
&#xD;
2019-07-13 00:23:33 - [MESSAGE][PASSED] - Call Test Case 'Test Cases/PRODUCTS/DetailProduct/GeneralView/add_product_to_cart' successfully</system-out>
            <system-err></system-err>
        </testcase>
        <testcase name="Test Cases/AUXILIARY_TEST_CASES/add_massive_product_to_cart" classname="Test Cases/AUXILIARY_TEST_CASES/add_massive_product_to_cart" status="PASSED">
            <system-out>2019-07-13 00:23:33 - [TEST_CASE][PASSED] - Test Cases/AUXILIARY_TEST_CASES/add_massive_product_to_cart: Test Cases/AUXILIARY_TEST_CASES/add_massive_product_to_cart&#xD;
&#xD;
2019-07-13 00:23:33 - [TEST_STEP][PASSED] - callTestCase(findTestCase("HOME_PAGE/search_product"), ["nameProduct":nameProduct], STOP_ON_FAILURE): Call Test Case 'Test Cases/HOME_PAGE/search_product' successfully&#xD;
&#xD;
2019-07-13 00:23:34 - [TEST_CASE][PASSED] - Test Cases/HOME_PAGE/search_product: Test Cases/HOME_PAGE/search_product&#xD;
&#xD;
2019-07-13 00:23:34 - [TEST_STEP][PASSED] - waitForElementClickable(findTestObject("HOME_PAGE/Header/input_search"), 3): Object 'Object Repository/HOME_PAGE/Header/input_search' is clickable&#xD;
&#xD;
2019-07-13 00:23:34 - [MESSAGE][PASSED] - Object 'Object Repository/HOME_PAGE/Header/input_search' is clickable&#xD;
&#xD;
2019-07-13 00:23:34 - [TEST_STEP][PASSED] - setText(findTestObject("HOME_PAGE/Header/input_search"), nameProduct): Text 'Smartphone Samsung Galaxy S10 128 GB blanco Telcel' is set on object 'Object Repository/HOME_PAGE/Header/input_search'&#xD;
&#xD;
2019-07-13 00:23:34 - [MESSAGE][PASSED] - Text 'Smartphone Samsung Galaxy S10 128 GB blanco Telcel' is set on object 'Object Repository/HOME_PAGE/Header/input_search'&#xD;
&#xD;
2019-07-13 00:23:34 - [TEST_STEP][PASSED] - click(findTestObject("HOME_PAGE/Header/button_search")): Object: 'Object Repository/HOME_PAGE/Header/button_search' is clicked on&#xD;
&#xD;
2019-07-13 00:23:36 - [MESSAGE][PASSED] - Object: 'Object Repository/HOME_PAGE/Header/button_search' is clicked on&#xD;
&#xD;
2019-07-13 00:23:36 - [MESSAGE][PASSED] - Call Test Case 'Test Cases/HOME_PAGE/search_product' successfully&#xD;
&#xD;
2019-07-13 00:23:36 - [TEST_STEP][PASSED] - if (waitForElementVisible(findTestObject("PRODUCTS/CatalogProducts/span_total-products"), 3)): Call Test Case 'Test Cases/PRODUCTS/CatalogProducts/GridProducts/select_product_catalog' successfully&#xD;
&#xD;
2019-07-13 00:23:37 - [MESSAGE][PASSED] - Object 'Object Repository/PRODUCTS/CatalogProducts/span_total-products' is visible&#xD;
&#xD;
2019-07-13 00:23:37 - [TEST_STEP][PASSED] - callTestCase(findTestCase("PRODUCTS/CatalogProducts/GridProducts/select_product_catalog"), ["nameProduct":nameProduct], STOP_ON_FAILURE): Call Test Case 'Test Cases/PRODUCTS/CatalogProducts/GridProducts/select_product_catalog' successfully&#xD;
&#xD;
2019-07-13 00:23:37 - [TEST_CASE][PASSED] - Test Cases/PRODUCTS/CatalogProducts/GridProducts/select_product_catalog: Test Cases/PRODUCTS/CatalogProducts/GridProducts/select_product_catalog&#xD;
&#xD;
2019-07-13 00:23:37 - [TEST_STEP][PASSED] - waitForElementVisible(findTestObject("PRODUCTS/CatalogProducts/span_total-products"), 3): Object 'Object Repository/PRODUCTS/CatalogProducts/span_total-products' is visible&#xD;
&#xD;
2019-07-13 00:23:37 - [MESSAGE][PASSED] - Object 'Object Repository/PRODUCTS/CatalogProducts/span_total-products' is visible&#xD;
&#xD;
2019-07-13 00:23:37 - [TEST_STEP][PASSED] - click(findTestObject("PRODUCTS/CatalogProducts/li_product", ["nameProduct":nameProduct])): Object: 'Object Repository/PRODUCTS/CatalogProducts/li_product' is clicked on&#xD;
&#xD;
2019-07-13 00:23:41 - [MESSAGE][PASSED] - Object: 'Object Repository/PRODUCTS/CatalogProducts/li_product' is clicked on&#xD;
&#xD;
2019-07-13 00:23:41 - [TEST_STEP][PASSED] - waitForElementNotVisible(findTestObject("PRODUCTS/CatalogProducts/span_total-products"), 3): Web element with id: 'Object Repository/PRODUCTS/CatalogProducts/span_total-products' located by 'By.xpath: //div[@id='product-total']/p/span' not found&#xD;
&#xD;
2019-07-13 00:23:44 - [MESSAGE][INFO] - Unable to find the element located by 'By.xpath: //div[@id='product-total']/p/span'. Please recheck the objects properties to make sure the desired element is located. &#xD;
&#xD;
2019-07-13 00:23:44 - [MESSAGE][WARNING] - Web element with id: 'Object Repository/PRODUCTS/CatalogProducts/span_total-products' located by 'By.xpath: //div[@id='product-total']/p/span' not found&#xD;
&#xD;
2019-07-13 00:23:44 - [MESSAGE][PASSED] - Call Test Case 'Test Cases/PRODUCTS/CatalogProducts/GridProducts/select_product_catalog' successfully&#xD;
&#xD;
2019-07-13 00:23:44 - [TEST_STEP][PASSED] - callTestCase(findTestCase("PRODUCTS/DetailProduct/GeneralView/add_product_to_cart"), ["x":1, "cantProducts":1], STOP_ON_FAILURE): Call Test Case 'Test Cases/PRODUCTS/DetailProduct/GeneralView/add_product_to_cart' successfully&#xD;
&#xD;
2019-07-13 00:23:44 - [TEST_CASE][PASSED] - Test Cases/PRODUCTS/DetailProduct/GeneralView/add_product_to_cart: Test Cases/PRODUCTS/DetailProduct/GeneralView/add_product_to_cart&#xD;
&#xD;
2019-07-13 00:23:44 - [TEST_STEP][PASSED] - waitForElementClickable(findTestObject("PRODUCTS/DetailProducts/input_qty"), 3): Object 'Object Repository/PRODUCTS/DetailProducts/input_qty' is clickable&#xD;
&#xD;
2019-07-13 00:23:44 - [MESSAGE][PASSED] - Object 'Object Repository/PRODUCTS/DetailProducts/input_qty' is clickable&#xD;
&#xD;
2019-07-13 00:23:44 - [TEST_STEP][PASSED] - for ([x = 1, x &lt; cantProducts, (x++)]): null&#xD;
&#xD;
2019-07-13 00:23:44 - [TEST_STEP][PASSED] - click(findTestObject("PRODUCTS/DetailProducts/button_add-shopping-cart")): Object: 'Object Repository/PRODUCTS/DetailProducts/button_add-shopping-cart' is clicked on&#xD;
&#xD;
2019-07-13 00:23:44 - [MESSAGE][PASSED] - Object: 'Object Repository/PRODUCTS/DetailProducts/button_add-shopping-cart' is clicked on&#xD;
&#xD;
2019-07-13 00:23:44 - [TEST_STEP][PASSED] - waitForElementVisible(findTestObject("PRODUCTS/DetailProducts/div_modal-product-added"), 3): Object 'Object Repository/PRODUCTS/DetailProducts/div_modal-product-added' is visible&#xD;
&#xD;
2019-07-13 00:23:45 - [MESSAGE][PASSED] - Object 'Object Repository/PRODUCTS/DetailProducts/div_modal-product-added' is visible&#xD;
&#xD;
2019-07-13 00:23:45 - [TEST_STEP][PASSED] - click(findTestObject("PRODUCTS/DetailProducts/button_close-modal-product-added")): Object: 'Object Repository/PRODUCTS/DetailProducts/button_close-modal-product-added' is clicked on&#xD;
&#xD;
2019-07-13 00:23:45 - [MESSAGE][PASSED] - Object: 'Object Repository/PRODUCTS/DetailProducts/button_close-modal-product-added' is clicked on&#xD;
&#xD;
2019-07-13 00:23:45 - [MESSAGE][PASSED] - Call Test Case 'Test Cases/PRODUCTS/DetailProduct/GeneralView/add_product_to_cart' successfully</system-out>
            <system-err></system-err>
        </testcase>
        <testcase name="Test Cases/SET_UP_BROWSER/close_browser" classname="Test Cases/SET_UP_BROWSER/close_browser" status="PASSED">
            <system-out>2019-07-13 00:23:45 - [TEST_CASE][PASSED] - Test Cases/SET_UP_BROWSER/close_browser: Test Cases/SET_UP_BROWSER/close_browser&#xD;
&#xD;
2019-07-13 00:23:46 - [TEST_STEP][PASSED] - closeBrowser(): Browser is closed&#xD;
&#xD;
2019-07-13 00:23:50 - [MESSAGE][PASSED] - Browser is closed</system-out>
            <system-err></system-err>
        </testcase>
        <system-out>2019-07-13 00:21:42 - [TEST_SUITE][INCOMPLETE] - AddMassiveProductsToCart: null</system-out>
        <system-err>2019-07-13 00:21:42 - [TEST_SUITE][INCOMPLETE] - AddMassiveProductsToCart: null</system-err>
    </testsuite>
</testsuites>
